[ 2017-08-25T10:34:48+08:00 ] 127.0.0.1 /office/index.php/Home/Declare/info.html
INFO: [ app_begin ] --START--
INFO: Run Behavior\ReadHtmlCacheBehavior [ RunTime:0.000016s ]
INFO: [ app_begin ] --END-- [ RunTime:0.000043s ]
SQL: SHOW COLUMNS FROM `xs_declare` [ RunTime:0.0006s ]
SQL: SELECT * FROM `xs_declare` WHERE ( teacher_id = 1004 )  [ RunTime:0.0003s ]
INFO: [ view_parse ] --START--
INFO: [ template_filter ] --START--
INFO: Run Behavior\ContentReplaceBehavior [ RunTime:0.000121s ]
INFO: [ template_filter ] --END-- [ RunTime:0.000159s ]
INFO: Run Behavior\ParseTemplateBehavior [ RunTime:0.005366s ]
INFO: [ view_parse ] --END-- [ RunTime:0.005413s ]
INFO: [ view_filter ] --START--
INFO: Run Behavior\WriteHtmlCacheBehavior [ RunTime:0.000033s ]
INFO: [ view_filter ] --END-- [ RunTime:0.000046s ]
INFO: [ app_end ] --START--
INFO: Run Behavior\ShowPageTraceBehavior [ RunTime:0.000043s ]
INFO: [ app_end ] --END-- [ RunTime:0.000084s ]

[ 2017-08-25T11:10:40+08:00 ] 127.0.0.1 /office/index.php/Home/Declare/info.html
INFO: [ app_begin ] --START--
INFO: Run Behavior\ReadHtmlCacheBehavior [ RunTime:0.000015s ]
INFO: [ app_begin ] --END-- [ RunTime:0.000040s ]
SQL: SHOW COLUMNS FROM `xs_declare` [ RunTime:0.0005s ]
SQL: SELECT * FROM `xs_declare` WHERE ( teacher_id = 1004 )  [ RunTime:0.0004s ]

[ 2017-08-25T11:10:55+08:00 ] 127.0.0.1 /office/index.php/Home/Declare/info.html
INFO: [ app_begin ] --START--
INFO: Run Behavior\ReadHtmlCacheBehavior [ RunTime:0.000015s ]
INFO: [ app_begin ] --END-- [ RunTime:0.000042s ]
SQL: SHOW COLUMNS FROM `xs_declare` [ RunTime:0.0005s ]
SQL: SELECT * FROM `xs_declare` WHERE ( teacher_id = 1004 )  [ RunTime:0.0003s ]

[ 2017-08-25T11:11:35+08:00 ] 127.0.0.1 /office/index.php/Home/Declare/info.html
INFO: [ app_begin ] --START--
INFO: Run Behavior\ReadHtmlCacheBehavior [ RunTime:0.000016s ]
INFO: [ app_begin ] --END-- [ RunTime:0.000043s ]
SQL: SHOW COLUMNS FROM `xs_declare` [ RunTime:0.0006s ]
SQL: SELECT * FROM `xs_declare` WHERE ( teacher_id = 1004 )  [ RunTime:0.0004s ]

[ 2017-08-25T11:12:44+08:00 ] 127.0.0.1 /office/index.php/Home/Declare/info.html
INFO: [ app_begin ] --START--
INFO: Run Behavior\ReadHtmlCacheBehavior [ RunTime:0.000014s ]
INFO: [ app_begin ] --END-- [ RunTime:0.000039s ]
SQL: SHOW COLUMNS FROM `xs_declare` [ RunTime:0.0006s ]
SQL: SELECT * FROM `xs_declare` WHERE ( teacher_id = 1004 )  [ RunTime:0.0003s ]

[ 2017-08-25T11:15:08+08:00 ] 127.0.0.1 /office/index.php/Home/Declare/info.html
INFO: [ app_begin ] --START--
INFO: Run Behavior\ReadHtmlCacheBehavior [ RunTime:0.000018s ]
INFO: [ app_begin ] --END-- [ RunTime:0.000049s ]
SQL: SHOW COLUMNS FROM `xs_declare` [ RunTime:0.0006s ]
SQL: SELECT * FROM `xs_declare` WHERE ( teacher_id = 1004 )  [ RunTime:0.0003s ]

[ 2017-08-25T11:16:35+08:00 ] 127.0.0.1 /office/index.php/Home/Declare/info.html
INFO: [ app_begin ] --START--
INFO: Run Behavior\ReadHtmlCacheBehavior [ RunTime:0.000016s ]
INFO: [ app_begin ] --END-- [ RunTime:0.000042s ]
SQL: SHOW COLUMNS FROM `xs_declare` [ RunTime:0.0018s ]
SQL: SELECT * FROM `xs_declare` WHERE ( teacher_id = 1004 )  [ RunTime:0.0017s ]

[ 2017-08-25T11:17:00+08:00 ] 127.0.0.1 /office/index.php/Home/Declare/info.html
INFO: [ app_begin ] --START--
INFO: Run Behavior\ReadHtmlCacheBehavior [ RunTime:0.000024s ]
INFO: [ app_begin ] --END-- [ RunTime:0.000068s ]
SQL: SHOW COLUMNS FROM `xs_declare` [ RunTime:0.0005s ]
SQL: SELECT * FROM `xs_declare` WHERE ( teacher_id = 1004 )  [ RunTime:0.0003s ]

[ 2017-08-25T11:17:27+08:00 ] 127.0.0.1 /office/index.php/Home/Declare/info.html
INFO: [ app_begin ] --START--
INFO: Run Behavior\ReadHtmlCacheBehavior [ RunTime:0.000015s ]
INFO: [ app_begin ] --END-- [ RunTime:0.000043s ]
SQL: SHOW COLUMNS FROM `xs_declare` [ RunTime:0.0005s ]
SQL: SELECT * FROM `xs_declare` WHERE ( teacher_id = 1004 )  [ RunTime:0.0003s ]

[ 2017-08-25T11:18:42+08:00 ] 127.0.0.1 /office/index.php/Home/Declare/info.html
INFO: [ app_begin ] --START--
INFO: Run Behavior\ReadHtmlCacheBehavior [ RunTime:0.000017s ]
INFO: [ app_begin ] --END-- [ RunTime:0.000047s ]
SQL: SHOW COLUMNS FROM `xs_declare` [ RunTime:0.0006s ]
SQL: SELECT * FROM `xs_declare` WHERE ( teacher_id = 1004 )  [ RunTime:0.0034s ]

[ 2017-08-25T11:19:14+08:00 ] 127.0.0.1 /office/index.php/Home/Declare/info.html
INFO: [ app_begin ] --START--
INFO: Run Behavior\ReadHtmlCacheBehavior [ RunTime:0.000016s ]
INFO: [ app_begin ] --END-- [ RunTime:0.000042s ]
SQL: SHOW COLUMNS FROM `xs_declare` [ RunTime:0.0005s ]
SQL: SELECT * FROM `xs_declare` WHERE ( teacher_id = 1004 )  [ RunTime:0.0003s ]

[ 2017-08-25T11:20:38+08:00 ] 127.0.0.1 /office/index.php/Home/Declare/info.html
INFO: [ app_begin ] --START--
INFO: Run Behavior\ReadHtmlCacheBehavior [ RunTime:0.000015s ]
INFO: [ app_begin ] --END-- [ RunTime:0.000044s ]
SQL: SHOW COLUMNS FROM `xs_declare` [ RunTime:0.0006s ]
SQL: SELECT * FROM `xs_declare` WHERE ( teacher_id = 1004 )  [ RunTime:0.0004s ]

[ 2017-08-25T11:20:59+08:00 ] 127.0.0.1 /office/index.php/Home/Declare/info.html
INFO: [ app_begin ] --START--
INFO: Run Behavior\ReadHtmlCacheBehavior [ RunTime:0.000016s ]
INFO: [ app_begin ] --END-- [ RunTime:0.000046s ]
SQL: SHOW COLUMNS FROM `xs_declare` [ RunTime:0.0005s ]
SQL: SELECT * FROM `xs_declare` WHERE ( teacher_id = 1004 )  [ RunTime:0.0010s ]

[ 2017-08-25T11:40:27+08:00 ] 127.0.0.1 /office/index.php/Home/Declare/info.html
INFO: [ app_begin ] --START--
INFO: Run Behavior\ReadHtmlCacheBehavior [ RunTime:0.000015s ]
INFO: [ app_begin ] --END-- [ RunTime:0.000042s ]
SQL: SHOW COLUMNS FROM `xs_declare` [ RunTime:0.0005s ]
SQL: SELECT * FROM `xs_declare` WHERE ( teacher_id = 1004 )  [ RunTime:0.0003s ]

[ 2017-08-25T11:41:04+08:00 ] 127.0.0.1 /office/index.php/Home/Declare/info.html
INFO: [ app_begin ] --START--
INFO: Run Behavior\ReadHtmlCacheBehavior [ RunTime:0.000016s ]
INFO: [ app_begin ] --END-- [ RunTime:0.000044s ]
SQL: SHOW COLUMNS FROM `xs_declare` [ RunTime:0.0005s ]
SQL: SELECT * FROM `xs_declare` WHERE ( teacher_id = 1004 )  [ RunTime:0.0008s ]

[ 2017-08-25T11:42:08+08:00 ] 127.0.0.1 /office/index.php/Home/Declare/info.html
INFO: [ app_begin ] --START--
INFO: Run Behavior\ReadHtmlCacheBehavior [ RunTime:0.000015s ]
INFO: [ app_begin ] --END-- [ RunTime:0.000041s ]
SQL: SHOW COLUMNS FROM `xs_declare` [ RunTime:0.0005s ]
SQL: SELECT * FROM `xs_declare` WHERE ( teacher_id = 1004 )  [ RunTime:0.0003s ]

[ 2017-08-25T11:42:20+08:00 ] 127.0.0.1 /office/index.php/Home/Declare/info.html
INFO: [ app_begin ] --START--
INFO: Run Behavior\ReadHtmlCacheBehavior [ RunTime:0.000028s ]
INFO: [ app_begin ] --END-- [ RunTime:0.000077s ]
SQL: SHOW COLUMNS FROM `xs_declare` [ RunTime:0.0008s ]
SQL: SELECT * FROM `xs_declare` WHERE ( teacher_id = 1004 )  [ RunTime:0.0003s ]

[ 2017-08-25T11:42:41+08:00 ] 127.0.0.1 /office/index.php/Home/Declare/info.html
INFO: [ app_begin ] --START--
INFO: Run Behavior\ReadHtmlCacheBehavior [ RunTime:0.000016s ]
INFO: [ app_begin ] --END-- [ RunTime:0.000043s ]
SQL: SHOW COLUMNS FROM `xs_declare` [ RunTime:0.0005s ]
SQL: SELECT * FROM `xs_declare` WHERE ( teacher_id = 1004 )  [ RunTime:0.0003s ]

[ 2017-08-25T11:52:33+08:00 ] 127.0.0.1 /office/index.php/Home/Declare/info.html
INFO: [ app_begin ] --START--
INFO: Run Behavior\ReadHtmlCacheBehavior [ RunTime:0.000015s ]
INFO: [ app_begin ] --END-- [ RunTime:0.000040s ]
SQL: SHOW COLUMNS FROM `xs_declare` [ RunTime:0.0005s ]
SQL: SELECT * FROM `xs_declare` WHERE ( teacher_id = 1004 )  [ RunTime:0.0003s ]

[ 2017-08-25T11:52:50+08:00 ] 127.0.0.1 /office/index.php/Home/Declare/info.html
INFO: [ app_begin ] --START--
INFO: Run Behavior\ReadHtmlCacheBehavior [ RunTime:0.000015s ]
INFO: [ app_begin ] --END-- [ RunTime:0.000041s ]
SQL: SHOW COLUMNS FROM `xs_declare` [ RunTime:0.0005s ]
SQL: SELECT * FROM `xs_declare` WHERE ( teacher_id = 1004 )  [ RunTime:0.0003s ]

[ 2017-08-25T11:57:42+08:00 ] 127.0.0.1 /office/index.php/Home/Declare/info.html
INFO: [ app_begin ] --START--
INFO: Run Behavior\ReadHtmlCacheBehavior [ RunTime:0.000016s ]
INFO: [ app_begin ] --END-- [ RunTime:0.000044s ]
SQL: SHOW COLUMNS FROM `xs_declare` [ RunTime:0.0006s ]
SQL: SELECT * FROM `xs_declare` WHERE ( teacher_id = 1004 )  [ RunTime:0.0003s ]

[ 2017-08-25T11:58:19+08:00 ] 127.0.0.1 /office/index.php/Home/Declare/info.html
INFO: [ app_begin ] --START--
INFO: Run Behavior\ReadHtmlCacheBehavior [ RunTime:0.000015s ]
INFO: [ app_begin ] --END-- [ RunTime:0.000042s ]
SQL: SHOW COLUMNS FROM `xs_declare` [ RunTime:0.0006s ]
SQL: SELECT * FROM `xs_declare` WHERE ( teacher_id = 1004 )  [ RunTime:0.0010s ]

[ 2017-08-25T12:09:17+08:00 ] 127.0.0.1 /office/index.php/Home/Declare/info.html
INFO: [ app_begin ] --START--
INFO: Run Behavior\ReadHtmlCacheBehavior [ RunTime:0.000016s ]
INFO: [ app_begin ] --END-- [ RunTime:0.000046s ]
SQL: SHOW COLUMNS FROM `xs_declare` [ RunTime:0.0006s ]
SQL: SELECT * FROM `xs_declare` WHERE ( teacher_id = 1004 )  [ RunTime:0.0004s ]

[ 2017-08-25T13:28:45+08:00 ] 127.0.0.1 /office/index.php/Home/Declare/info.html
INFO: [ app_begin ] --START--
INFO: Run Behavior\ReadHtmlCacheBehavior [ RunTime:0.000049s ]
INFO: [ app_begin ] --END-- [ RunTime:0.000111s ]
SQL: SHOW COLUMNS FROM `xs_declare` [ RunTime:0.0015s ]
SQL: SELECT * FROM `xs_declare` WHERE ( teacher_id = 1004 )  [ RunTime:0.0006s ]

[ 2017-08-25T13:32:36+08:00 ] 127.0.0.1 /office/index.php/Home/Declare/info.html
INFO: [ app_begin ] --START--
INFO: Run Behavior\ReadHtmlCacheBehavior [ RunTime:0.000018s ]
INFO: [ app_begin ] --END-- [ RunTime:0.000047s ]
SQL: SHOW COLUMNS FROM `xs_declare` [ RunTime:0.0010s ]
SQL: SELECT * FROM `xs_declare` WHERE ( teacher_id = 1004 )  [ RunTime:0.0006s ]

[ 2017-08-25T16:24:00+08:00 ] 127.0.0.1 /office/index.php/Home/Declare/info.html
INFO: [ app_begin ] --START--
INFO: Run Behavior\ReadHtmlCacheBehavior [ RunTime:0.000014s ]
INFO: [ app_begin ] --END-- [ RunTime:0.000040s ]
NOTIC: [8] Undefined variable: rs /var/www/html/office/Home/Controller/DeclareController.class.php 第 70 行.

[ 2017-08-25T16:24:42+08:00 ] 127.0.0.1 /office/index.php/Home/Declare/info.html
ERR: 1054:Unknown column 'declare_department' in 'where clause'
 [ SQL语句 ] : SELECT * FROM `xs_declare` WHERE ( declare_schedule = 0 and declare_department=材料工程系 ) 

[ 2017-08-25T16:25:24+08:00 ] 127.0.0.1 /office/index.php/Home/Declare/info.html
ERR: 1054:Unknown column 'declare_department' in 'where clause'
 [ SQL语句 ] : SELECT * FROM `xs_declare` WHERE ( declare_schedule = 0 and declare_department=材料工程系 ) 

[ 2017-08-25T16:26:35+08:00 ] 127.0.0.1 /office/index.php/Home/Declare/info.html
ERR: 1054:Unknown column 'declare_department' in 'where clause'
 [ SQL语句 ] : SELECT * FROM `xs_declare` WHERE ( declare_schedule = 0 and declare_department=材料工程系 ) 

[ 2017-08-25T16:26:38+08:00 ] 127.0.0.1 /office/index.php/Home/Declare/info.html
ERR: 1054:Unknown column 'declare_department' in 'where clause'
 [ SQL语句 ] : SELECT * FROM `xs_declare` WHERE ( declare_schedule = 0 and declare_department=材料工程系 ) 

[ 2017-08-25T16:26:41+08:00 ] 127.0.0.1 /office/index.php/Home/Declare/info.html
ERR: 1054:Unknown column 'declare_department' in 'where clause'
 [ SQL语句 ] : SELECT * FROM `xs_declare` WHERE ( declare_schedule = 0 and declare_department=材料工程系 ) 

[ 2017-08-25T16:26:57+08:00 ] 127.0.0.1 /office/index.php/Home/Declare/info.html
ERR: 1054:Unknown column '材料工程系' in 'where clause'
 [ SQL语句 ] : SELECT * FROM `xs_declare` WHERE ( declare_schedule = 0 and teacher_department=材料工程系 ) 

[ 2017-08-25T16:26:58+08:00 ] 127.0.0.1 /office/index.php/Home/Declare/info.html
ERR: 1054:Unknown column '材料工程系' in 'where clause'
 [ SQL语句 ] : SELECT * FROM `xs_declare` WHERE ( declare_schedule = 0 and teacher_department=材料工程系 ) 

[ 2017-08-25T16:26:58+08:00 ] 127.0.0.1 /office/index.php/Home/Declare/info.html
ERR: 1054:Unknown column '材料工程系' in 'where clause'
 [ SQL语句 ] : SELECT * FROM `xs_declare` WHERE ( declare_schedule = 0 and teacher_department=材料工程系 ) 

[ 2017-08-25T16:26:59+08:00 ] 127.0.0.1 /office/index.php/Home/Declare/info.html
ERR: 1054:Unknown column '材料工程系' in 'where clause'
 [ SQL语句 ] : SELECT * FROM `xs_declare` WHERE ( declare_schedule = 0 and teacher_department=材料工程系 ) 

[ 2017-08-25T16:26:59+08:00 ] 127.0.0.1 /office/index.php/Home/Declare/info.html
ERR: 1054:Unknown column '材料工程系' in 'where clause'
 [ SQL语句 ] : SELECT * FROM `xs_declare` WHERE ( declare_schedule = 0 and teacher_department=材料工程系 ) 

[ 2017-08-25T16:27:28+08:00 ] 127.0.0.1 /office/index.php/Home/Declare/info.html
INFO: [ app_begin ] --START--
INFO: Run Behavior\ReadHtmlCacheBehavior [ RunTime:0.000015s ]
INFO: [ app_begin ] --END-- [ RunTime:0.000043s ]
NOTIC: [8] Undefined variable: rs /var/www/html/office/Home/Controller/DeclareController.class.php 第 70 行.

[ 2017-08-25T16:35:49+08:00 ] 127.0.0.1 /office/index.php/Home/Declare/info.html
INFO: [ app_begin ] --START--
INFO: Run Behavior\ReadHtmlCacheBehavior [ RunTime:0.000019s ]
INFO: [ app_begin ] --END-- [ RunTime:0.000054s ]
NOTIC: [8] Undefined variable: rs /var/www/html/office/Home/Controller/DeclareController.class.php 第 70 行.

[ 2017-08-25T16:36:49+08:00 ] 127.0.0.1 /office/index.php/Home/Declare/info.html
INFO: [ app_begin ] --START--
INFO: Run Behavior\ReadHtmlCacheBehavior [ RunTime:0.000015s ]
INFO: [ app_begin ] --END-- [ RunTime:0.000042s ]
SQL: SHOW COLUMNS FROM `xs_declare` [ RunTime:0.0104s ]
SQL: SELECT * FROM `xs_declare` WHERE ( declare_schedule = 0 and teacher_department="材料工程系" )  [ RunTime:0.0002s ]

[ 2017-08-25T16:39:57+08:00 ] 127.0.0.1 /office/index.php/Home/Declare/info.html
INFO: [ app_begin ] --START--
INFO: Run Behavior\ReadHtmlCacheBehavior [ RunTime:0.000019s ]
INFO: [ app_begin ] --END-- [ RunTime:0.000053s ]
SQL: SHOW COLUMNS FROM `xs_declare` [ RunTime:0.0116s ]
SQL: SELECT * FROM `xs_declare` WHERE ( declare_schedule = 0 and teacher_department="材料工程系" )  [ RunTime:0.0006s ]

[ 2017-08-25T16:42:33+08:00 ] 127.0.0.1 /office/index.php/Home/Declare/info.html
INFO: [ app_begin ] --START--
INFO: Run Behavior\ReadHtmlCacheBehavior [ RunTime:0.000014s ]
INFO: [ app_begin ] --END-- [ RunTime:0.000040s ]
SQL: SHOW COLUMNS FROM `xs_declare` [ RunTime:0.0106s ]
SQL: SELECT * FROM `xs_declare` WHERE ( declare_schedule = 0 and teacher_department="材料工程系" )  [ RunTime:0.0005s ]

[ 2017-08-25T16:47:50+08:00 ] 127.0.0.1 /office/index.php/Home/Declare/info.html
INFO: [ app_begin ] --START--
INFO: Run Behavior\ReadHtmlCacheBehavior [ RunTime:0.000015s ]
INFO: [ app_begin ] --END-- [ RunTime:0.000042s ]
SQL: SHOW COLUMNS FROM `xs_declare` [ RunTime:0.0064s ]
SQL: SELECT * FROM `xs_declare` WHERE ( declare_schedule = 0 and teacher_department="材料工程系" )  [ RunTime:0.0006s ]

[ 2017-08-25T16:48:22+08:00 ] 127.0.0.1 /office/index.php/Home/Declare/info.html
INFO: [ app_begin ] --START--
INFO: Run Behavior\ReadHtmlCacheBehavior [ RunTime:0.000023s ]
INFO: [ app_begin ] --END-- [ RunTime:0.000068s ]
SQL: SHOW COLUMNS FROM `xs_declare` [ RunTime:0.0291s ]
SQL: SELECT * FROM `xs_declare` WHERE ( declare_schedule = 0 and teacher_department="材料工程系" )  [ RunTime:0.0003s ]

[ 2017-08-25T16:50:19+08:00 ] 127.0.0.1 /office/index.php/Home/Declare/info.html
INFO: [ app_begin ] --START--
INFO: Run Behavior\ReadHtmlCacheBehavior [ RunTime:0.000014s ]
INFO: [ app_begin ] --END-- [ RunTime:0.000040s ]
SQL: SHOW COLUMNS FROM `xs_declare` [ RunTime:0.0071s ]
SQL: SELECT * FROM `xs_declare` WHERE ( declare_schedule = 0 and teacher_department="材料工程系" )  [ RunTime:0.0004s ]

[ 2017-08-25T17:03:50+08:00 ] 127.0.0.1 /office/index.php/Home/Declare/info.html
INFO: [ app_begin ] --START--
INFO: Run Behavior\ReadHtmlCacheBehavior [ RunTime:0.000017s ]
INFO: [ app_begin ] --END-- [ RunTime:0.000048s ]
SQL: SHOW COLUMNS FROM `xs_declare` [ RunTime:0.0165s ]
SQL: SELECT * FROM `xs_declare` WHERE ( declare_schedule = 0 and teacher_department="材料工程系" )  [ RunTime:0.0003s ]

[ 2017-08-25T17:15:20+08:00 ] 127.0.0.1 /office/index.php/Home/Declare/info.html
INFO: [ app_begin ] --START--
INFO: Run Behavior\ReadHtmlCacheBehavior [ RunTime:0.000018s ]
INFO: [ app_begin ] --END-- [ RunTime:0.000048s ]
NOTIC: [8] Undefined variable: rs /var/www/html/office/Home/Controller/DeclareController.class.php 第 70 行.

[ 2017-08-25T17:15:53+08:00 ] 127.0.0.1 /office/index.php/Home/Declare/info.html
INFO: [ app_begin ] --START--
INFO: Run Behavior\ReadHtmlCacheBehavior [ RunTime:0.000016s ]
INFO: [ app_begin ] --END-- [ RunTime:0.000044s ]
SQL: SHOW COLUMNS FROM `xs_declare` [ RunTime:0.0024s ]
SQL: SELECT * FROM `xs_declare` WHERE ( teacher_id = 1128 )  [ RunTime:0.0006s ]

[ 2017-08-25T17:24:33+08:00 ] 127.0.0.1 /office/index.php/Home/Declare/info.html
INFO: [ app_begin ] --START--
INFO: Run Behavior\ReadHtmlCacheBehavior [ RunTime:0.000019s ]
INFO: [ app_begin ] --END-- [ RunTime:0.000054s ]
SQL: SHOW COLUMNS FROM `xs_declare` [ RunTime:0.0300s ]
SQL: SELECT * FROM `xs_declare` WHERE ( declare_schedule = 0 and teacher_department="材料工程系" )  [ RunTime:0.0037s ]

[ 2017-08-25T17:49:45+08:00 ] 127.0.0.1 /office/index.php/Home/Declare/info.html?type=data
INFO: [ app_begin ] --START--
INFO: Run Behavior\ReadHtmlCacheBehavior [ RunTime:0.000020s ]
INFO: [ app_begin ] --END-- [ RunTime:0.000056s ]
INFO: [ view_parse ] --START--
INFO: [ template_filter ] --START--
INFO: Run Behavior\ContentReplaceBehavior [ RunTime:0.000212s ]
INFO: [ template_filter ] --END-- [ RunTime:0.000273s ]
INFO: Run Behavior\ParseTemplateBehavior [ RunTime:0.005813s ]
INFO: [ view_parse ] --END-- [ RunTime:0.005858s ]
INFO: [ view_filter ] --START--
INFO: Run Behavior\WriteHtmlCacheBehavior [ RunTime:0.000053s ]
INFO: [ view_filter ] --END-- [ RunTime:0.000067s ]
INFO: [ app_end ] --START--
INFO: Run Behavior\ShowPageTraceBehavior [ RunTime:0.000076s ]
INFO: [ app_end ] --END-- [ RunTime:0.000226s ]

[ 2017-08-25T17:49:52+08:00 ] 127.0.0.1 /office/index.php/Home/Declare/info.html?type=data
INFO: [ app_begin ] --START--
INFO: Run Behavior\ReadHtmlCacheBehavior [ RunTime:0.000015s ]
INFO: [ app_begin ] --END-- [ RunTime:0.000041s ]
INFO: [ view_parse ] --START--
INFO: [ template_filter ] --START--
INFO: Run Behavior\ContentReplaceBehavior [ RunTime:0.000146s ]
INFO: [ template_filter ] --END-- [ RunTime:0.000183s ]
INFO: Run Behavior\ParseTemplateBehavior [ RunTime:0.003772s ]
INFO: [ view_parse ] --END-- [ RunTime:0.003800s ]
INFO: [ view_filter ] --START--
INFO: Run Behavior\WriteHtmlCacheBehavior [ RunTime:0.000032s ]
INFO: [ view_filter ] --END-- [ RunTime:0.000045s ]
INFO: [ app_end ] --START--
INFO: Run Behavior\ShowPageTraceBehavior [ RunTime:0.000029s ]
INFO: [ app_end ] --END-- [ RunTime:0.000055s ]

[ 2017-08-25T17:50:14+08:00 ] 127.0.0.1 /office/index.php/Home/Declare/info.html?type=data
INFO: [ app_begin ] --START--
INFO: Run Behavior\ReadHtmlCacheBehavior [ RunTime:0.000014s ]
INFO: [ app_begin ] --END-- [ RunTime:0.000041s ]
INFO: [ view_parse ] --START--
INFO: [ template_filter ] --START--
INFO: Run Behavior\ContentReplaceBehavior [ RunTime:0.000177s ]
INFO: [ template_filter ] --END-- [ RunTime:0.000215s ]
INFO: Run Behavior\ParseTemplateBehavior [ RunTime:0.004750s ]
INFO: [ view_parse ] --END-- [ RunTime:0.004781s ]
INFO: [ view_filter ] --START--
INFO: Run Behavior\WriteHtmlCacheBehavior [ RunTime:0.000033s ]
INFO: [ view_filter ] --END-- [ RunTime:0.000047s ]
INFO: [ app_end ] --START--
INFO: Run Behavior\ShowPageTraceBehavior [ RunTime:0.000025s ]
INFO: [ app_end ] --END-- [ RunTime:0.000048s ]

[ 2017-08-25T17:50:30+08:00 ] 127.0.0.1 /office/index.php/Home/Declare/info.html?type=data
INFO: [ app_begin ] --START--
INFO: Run Behavior\ReadHtmlCacheBehavior [ RunTime:0.000014s ]
INFO: [ app_begin ] --END-- [ RunTime:0.000040s ]
INFO: [ view_parse ] --START--
INFO: [ template_filter ] --START--
INFO: Run Behavior\ContentReplaceBehavior [ RunTime:0.000149s ]
INFO: [ template_filter ] --END-- [ RunTime:0.000187s ]
INFO: Run Behavior\ParseTemplateBehavior [ RunTime:0.005106s ]
INFO: [ view_parse ] --END-- [ RunTime:0.005276s ]
INFO: [ view_filter ] --START--
INFO: Run Behavior\WriteHtmlCacheBehavior [ RunTime:0.000038s ]
INFO: [ view_filter ] --END-- [ RunTime:0.000052s ]
INFO: [ app_end ] --START--
INFO: Run Behavior\ShowPageTraceBehavior [ RunTime:0.000025s ]
INFO: [ app_end ] --END-- [ RunTime:0.000045s ]

[ 2017-08-25T17:51:39+08:00 ] 127.0.0.1 /office/index.php/Home/Declare/info.html?type=data
INFO: [ app_begin ] --START--
INFO: Run Behavior\ReadHtmlCacheBehavior [ RunTime:0.000016s ]
INFO: [ app_begin ] --END-- [ RunTime:0.000044s ]
INFO: [ view_parse ] --START--
INFO: [ template_filter ] --START--
INFO: Run Behavior\ContentReplaceBehavior [ RunTime:0.000150s ]
INFO: [ template_filter ] --END-- [ RunTime:0.000190s ]
INFO: Run Behavior\ParseTemplateBehavior [ RunTime:0.004490s ]
INFO: [ view_parse ] --END-- [ RunTime:0.004528s ]
INFO: [ view_filter ] --START--
INFO: Run Behavior\WriteHtmlCacheBehavior [ RunTime:0.000034s ]
INFO: [ view_filter ] --END-- [ RunTime:0.000047s ]
INFO: [ app_end ] --START--
INFO: Run Behavior\ShowPageTraceBehavior [ RunTime:0.000023s ]
INFO: [ app_end ] --END-- [ RunTime:0.000044s ]

[ 2017-08-25T17:51:49+08:00 ] 127.0.0.1 /office/index.php/Home/Declare/info.html?type=data
INFO: [ app_begin ] --START--
INFO: Run Behavior\ReadHtmlCacheBehavior [ RunTime:0.000016s ]
INFO: [ app_begin ] --END-- [ RunTime:0.000043s ]
INFO: [ view_parse ] --START--
INFO: [ template_filter ] --START--
INFO: Run Behavior\ContentReplaceBehavior [ RunTime:0.000155s ]
INFO: [ template_filter ] --END-- [ RunTime:0.000195s ]
INFO: Run Behavior\ParseTemplateBehavior [ RunTime:0.004582s ]
INFO: [ view_parse ] --END-- [ RunTime:0.004620s ]
INFO: [ view_filter ] --START--
INFO: Run Behavior\WriteHtmlCacheBehavior [ RunTime:0.000040s ]
INFO: [ view_filter ] --END-- [ RunTime:0.000054s ]
INFO: [ app_end ] --START--
INFO: Run Behavior\ShowPageTraceBehavior [ RunTime:0.000041s ]
INFO: [ app_end ] --END-- [ RunTime:0.000079s ]

[ 2017-08-25T17:52:33+08:00 ] 127.0.0.1 /office/index.php/Home/Declare/info.html?type=data
INFO: [ app_begin ] --START--
INFO: Run Behavior\ReadHtmlCacheBehavior [ RunTime:0.000015s ]
INFO: [ app_begin ] --END-- [ RunTime:0.000040s ]
INFO: [ view_parse ] --START--
INFO: [ template_filter ] --START--
INFO: Run Behavior\ContentReplaceBehavior [ RunTime:0.000148s ]
INFO: [ template_filter ] --END-- [ RunTime:0.000181s ]
INFO: Run Behavior\ParseTemplateBehavior [ RunTime:0.003941s ]
INFO: [ view_parse ] --END-- [ RunTime:0.003972s ]
INFO: [ view_filter ] --START--
INFO: Run Behavior\WriteHtmlCacheBehavior [ RunTime:0.000034s ]
INFO: [ view_filter ] --END-- [ RunTime:0.000047s ]
INFO: [ app_end ] --START--
INFO: Run Behavior\ShowPageTraceBehavior [ RunTime:0.000027s ]
INFO: [ app_end ] --END-- [ RunTime:0.000051s ]

[ 2017-08-25T17:53:09+08:00 ] 127.0.0.1 /office/index.php/Home/Declare/info.html?type=data
INFO: [ app_begin ] --START--
INFO: Run Behavior\ReadHtmlCacheBehavior [ RunTime:0.000015s ]
INFO: [ app_begin ] --END-- [ RunTime:0.000046s ]
INFO: [ view_parse ] --START--
INFO: [ template_filter ] --START--
INFO: Run Behavior\ContentReplaceBehavior [ RunTime:0.000148s ]
INFO: [ template_filter ] --END-- [ RunTime:0.000189s ]
INFO: Run Behavior\ParseTemplateBehavior [ RunTime:0.007629s ]
INFO: [ view_parse ] --END-- [ RunTime:0.007673s ]
INFO: [ view_filter ] --START--
INFO: Run Behavior\WriteHtmlCacheBehavior [ RunTime:0.000043s ]
INFO: [ view_filter ] --END-- [ RunTime:0.000058s ]
INFO: [ app_end ] --START--
INFO: Run Behavior\ShowPageTraceBehavior [ RunTime:0.000064s ]
INFO: [ app_end ] --END-- [ RunTime:0.000130s ]

[ 2017-08-25T17:54:11+08:00 ] 127.0.0.1 /office/index.php/Home/Declare/info.html?type=data
INFO: [ app_begin ] --START--
INFO: Run Behavior\ReadHtmlCacheBehavior [ RunTime:0.000014s ]
INFO: [ app_begin ] --END-- [ RunTime:0.000041s ]
INFO: [ view_parse ] --START--
INFO: [ template_filter ] --START--
INFO: Run Behavior\ContentReplaceBehavior [ RunTime:0.000146s ]
INFO: [ template_filter ] --END-- [ RunTime:0.000183s ]
INFO: Run Behavior\ParseTemplateBehavior [ RunTime:0.004908s ]
INFO: [ view_parse ] --END-- [ RunTime:0.004940s ]
INFO: [ view_filter ] --START--
INFO: Run Behavior\WriteHtmlCacheBehavior [ RunTime:0.000035s ]
INFO: [ view_filter ] --END-- [ RunTime:0.000048s ]
INFO: [ app_end ] --START--
INFO: Run Behavior\ShowPageTraceBehavior [ RunTime:0.000033s ]
INFO: [ app_end ] --END-- [ RunTime:0.000061s ]

[ 2017-08-25T17:55:15+08:00 ] 127.0.0.1 /office/index.php/Home/Declare/info.html?type=data?type=data
INFO: [ app_begin ] --START--
INFO: Run Behavior\ReadHtmlCacheBehavior [ RunTime:0.000018s ]
INFO: [ app_begin ] --END-- [ RunTime:0.000051s ]
INFO: [ view_parse ] --START--
INFO: [ template_filter ] --START--
INFO: Run Behavior\ContentReplaceBehavior [ RunTime:0.000158s ]
INFO: [ template_filter ] --END-- [ RunTime:0.000207s ]
INFO: Run Behavior\ParseTemplateBehavior [ RunTime:0.007105s ]
INFO: [ view_parse ] --END-- [ RunTime:0.007141s ]
INFO: [ view_filter ] --START--
INFO: Run Behavior\WriteHtmlCacheBehavior [ RunTime:0.000039s ]
INFO: [ view_filter ] --END-- [ RunTime:0.000052s ]
INFO: [ app_end ] --START--
INFO: Run Behavior\ShowPageTraceBehavior [ RunTime:0.000057s ]
INFO: [ app_end ] --END-- [ RunTime:0.000103s ]

[ 2017-08-25T17:55:32+08:00 ] 127.0.0.1 /office/index.php/Home/Declare/info.html?type=data?type=data
INFO: [ app_begin ] --START--
INFO: Run Behavior\ReadHtmlCacheBehavior [ RunTime:0.000016s ]
INFO: [ app_begin ] --END-- [ RunTime:0.000043s ]
INFO: [ view_parse ] --START--
INFO: [ template_filter ] --START--
INFO: Run Behavior\ContentReplaceBehavior [ RunTime:0.000151s ]
INFO: [ template_filter ] --END-- [ RunTime:0.000193s ]
INFO: Run Behavior\ParseTemplateBehavior [ RunTime:0.006090s ]
INFO: [ view_parse ] --END-- [ RunTime:0.006122s ]
INFO: [ view_filter ] --START--
INFO: Run Behavior\WriteHtmlCacheBehavior [ RunTime:0.000034s ]
INFO: [ view_filter ] --END-- [ RunTime:0.000047s ]
INFO: [ app_end ] --START--
INFO: Run Behavior\ShowPageTraceBehavior [ RunTime:0.000042s ]
INFO: [ app_end ] --END-- [ RunTime:0.000068s ]

[ 2017-08-25T17:56:15+08:00 ] 127.0.0.1 /office/index.php/Home/Declare/info.html?type=data?type=data
INFO: [ app_begin ] --START--
INFO: Run Behavior\ReadHtmlCacheBehavior [ RunTime:0.000016s ]
INFO: [ app_begin ] --END-- [ RunTime:0.000044s ]
INFO: [ view_parse ] --START--
INFO: [ template_filter ] --START--
INFO: Run Behavior\ContentReplaceBehavior [ RunTime:0.000176s ]
INFO: [ template_filter ] --END-- [ RunTime:0.000255s ]
INFO: Run Behavior\ParseTemplateBehavior [ RunTime:0.005498s ]
INFO: [ view_parse ] --END-- [ RunTime:0.005564s ]
INFO: [ view_filter ] --START--
INFO: Run Behavior\WriteHtmlCacheBehavior [ RunTime:0.000070s ]
INFO: [ view_filter ] --END-- [ RunTime:0.000088s ]
INFO: [ app_end ] --START--
INFO: Run Behavior\ShowPageTraceBehavior [ RunTime:0.000053s ]
INFO: [ app_end ] --END-- [ RunTime:0.000109s ]

[ 2017-08-25T17:57:28+08:00 ] 127.0.0.1 /office/index.php/Home/Declare/info.html?type=data?type=data
INFO: [ app_begin ] --START--
INFO: Run Behavior\ReadHtmlCacheBehavior [ RunTime:0.000014s ]
INFO: [ app_begin ] --END-- [ RunTime:0.000041s ]
INFO: [ app_end ] --START--
INFO: Run Behavior\ShowPageTraceBehavior [ RunTime:0.000019s ]
INFO: [ app_end ] --END-- [ RunTime:0.000040s ]

[ 2017-08-25T17:57:44+08:00 ] 127.0.0.1 /office/index.php/Home/Declare/info.html?type=data
INFO: [ app_begin ] --START--
INFO: Run Behavior\ReadHtmlCacheBehavior [ RunTime:0.000049s ]
INFO: [ app_begin ] --END-- [ RunTime:0.000131s ]
INFO: [ app_end ] --START--
INFO: Run Behavior\ShowPageTraceBehavior [ RunTime:0.000035s ]
INFO: [ app_end ] --END-- [ RunTime:0.000067s ]

[ 2017-08-25T17:58:13+08:00 ] 127.0.0.1 /office/index.php/Home/Declare/info.html?type=data
INFO: [ app_begin ] --START--
INFO: Run Behavior\ReadHtmlCacheBehavior [ RunTime:0.000017s ]
INFO: [ app_begin ] --END-- [ RunTime:0.000043s ]
INFO: [ app_end ] --START--
INFO: Run Behavior\ShowPageTraceBehavior [ RunTime:0.000015s ]
INFO: [ app_end ] --END-- [ RunTime:0.000032s ]

[ 2017-08-25T17:58:38+08:00 ] 127.0.0.1 /office/index.php/Home/Declare/info.html?type=data
INFO: [ app_begin ] --START--
INFO: Run Behavior\ReadHtmlCacheBehavior [ RunTime:0.000014s ]
INFO: [ app_begin ] --END-- [ RunTime:0.000041s ]
INFO: [ app_end ] --START--
INFO: Run Behavior\ShowPageTraceBehavior [ RunTime:0.000014s ]
INFO: [ app_end ] --END-- [ RunTime:0.000032s ]

[ 2017-08-25T17:59:19+08:00 ] 127.0.0.1 /office/index.php/Home/Declare/info.html?type=data
INFO: [ app_begin ] --START--
INFO: Run Behavior\ReadHtmlCacheBehavior [ RunTime:0.000016s ]
INFO: [ app_begin ] --END-- [ RunTime:0.000043s ]
SQL: SHOW COLUMNS FROM `xs_declare` [ RunTime:0.0136s ]
SQL: SELECT * FROM `xs_declare` WHERE ( teacher_id = 1128 )  [ RunTime:0.0010s ]

[ 2017-08-25T17:59:49+08:00 ] 127.0.0.1 /office/index.php/Home/Declare/info.html?type=data
INFO: [ app_begin ] --START--
INFO: Run Behavior\ReadHtmlCacheBehavior [ RunTime:0.000014s ]
INFO: [ app_begin ] --END-- [ RunTime:0.000039s ]
SQL: SHOW COLUMNS FROM `xs_declare` [ RunTime:0.0292s ]
SQL: SELECT * FROM `xs_declare` WHERE ( teacher_id = 1128 )  [ RunTime:0.0006s ]

[ 2017-08-25T18:00:01+08:00 ] 127.0.0.1 /office/index.php/Home/Declare/info.html?type=data
INFO: [ app_begin ] --START--
INFO: Run Behavior\ReadHtmlCacheBehavior [ RunTime:0.000034s ]
INFO: [ app_begin ] --END-- [ RunTime:0.000107s ]
INFO: [ app_end ] --START--
INFO: Run Behavior\ShowPageTraceBehavior [ RunTime:0.000055s ]
INFO: [ app_end ] --END-- [ RunTime:0.000120s ]

[ 2017-08-25T18:00:29+08:00 ] 127.0.0.1 /office/index.php/Home/Declare/info.html?type=data
INFO: [ app_begin ] --START--
INFO: Run Behavior\ReadHtmlCacheBehavior [ RunTime:0.000034s ]
INFO: [ app_begin ] --END-- [ RunTime:0.000111s ]
SQL: SHOW COLUMNS FROM `xs_declare` [ RunTime:0.0265s ]
SQL: SELECT * FROM `xs_declare` WHERE ( teacher_id = 1128 )  [ RunTime:0.0004s ]

[ 2017-08-25T18:03:46+08:00 ] 127.0.0.1 /office/index.php/Home/Declare/info.html?type=data
INFO: [ app_begin ] --START--
INFO: Run Behavior\ReadHtmlCacheBehavior [ RunTime:0.000051s ]
INFO: [ app_begin ] --END-- [ RunTime:0.000089s ]
SQL: SHOW COLUMNS FROM `xs_declare` [ RunTime:0.0201s ]
SQL: SELECT * FROM `xs_declare` WHERE ( declare_schedule = 0 and teacher_department="材料工程系" )  [ RunTime:0.1354s ]

[ 2017-08-25T18:03:54+08:00 ] 127.0.0.1 /office/index.php/Home/Declare/info.html?type=check
INFO: [ app_begin ] --START--
INFO: Run Behavior\ReadHtmlCacheBehavior [ RunTime:0.000019s ]
INFO: [ app_begin ] --END-- [ RunTime:0.000051s ]
SQL: SHOW COLUMNS FROM `xs_declare` [ RunTime:0.0059s ]
SQL: UPDATE `xs_declare` SET `declare_schedule`='1' WHERE ( id =0 ) [ RunTime:0.0088s ]
SQL: SHOW COLUMNS FROM `xs_declare_progress` [ RunTime:0.0028s ]
SQL: UPDATE `xs_declare_progress` SET `declare_state`='1',`first_check`='1',`first_time`='1503655434' WHERE ( declare_id =0 ) [ RunTime:0.0006s ]

[ 2017-08-25T18:03:59+08:00 ] 127.0.0.1 /office/index.php/Home/Declare/info.html?type=data
INFO: [ app_begin ] --START--
INFO: Run Behavior\ReadHtmlCacheBehavior [ RunTime:0.000042s ]
INFO: [ app_begin ] --END-- [ RunTime:0.000140s ]
SQL: SHOW COLUMNS FROM `xs_declare` [ RunTime:0.0272s ]
SQL: SELECT * FROM `xs_declare` WHERE ( declare_schedule = 0 and teacher_department="材料工程系" )  [ RunTime:0.0012s ]

[ 2017-08-25T18:04:00+08:00 ] 127.0.0.1 /office/index.php/Home/Declare/info.html?type=check
INFO: [ app_begin ] --START--
INFO: Run Behavior\ReadHtmlCacheBehavior [ RunTime:0.000015s ]
INFO: [ app_begin ] --END-- [ RunTime:0.000039s ]
SQL: SHOW COLUMNS FROM `xs_declare` [ RunTime:0.0040s ]
SQL: UPDATE `xs_declare` SET `declare_schedule`='1' WHERE ( id =0 ) [ RunTime:0.0004s ]
SQL: SHOW COLUMNS FROM `xs_declare_progress` [ RunTime:0.0005s ]
SQL: UPDATE `xs_declare_progress` SET `declare_state`='1',`first_check`='1',`first_time`='1503655440' WHERE ( declare_id =0 ) [ RunTime:0.0002s ]

[ 2017-08-25T18:05:12+08:00 ] 127.0.0.1 /office/index.php/Home/Declare/info.html?type=data
INFO: [ app_begin ] --START--
INFO: Run Behavior\ReadHtmlCacheBehavior [ RunTime:0.000015s ]
INFO: [ app_begin ] --END-- [ RunTime:0.000041s ]
SQL: SHOW COLUMNS FROM `xs_declare` [ RunTime:0.0097s ]
SQL: SELECT * FROM `xs_declare` WHERE ( declare_schedule = 0 and teacher_department="材料工程系" )  [ RunTime:0.0093s ]

[ 2017-08-25T18:05:14+08:00 ] 127.0.0.1 /office/index.php/Home/Declare/info.html?type=check
INFO: [ app_begin ] --START--
INFO: Run Behavior\ReadHtmlCacheBehavior [ RunTime:0.000020s ]
INFO: [ app_begin ] --END-- [ RunTime:0.000058s ]
SQL: SHOW COLUMNS FROM `xs_declare` [ RunTime:0.0142s ]
SQL: UPDATE `xs_declare` SET `declare_schedule`='1' WHERE ( id =0 ) [ RunTime:0.0003s ]
SQL: SHOW COLUMNS FROM `xs_declare_progress` [ RunTime:0.0013s ]
SQL: UPDATE `xs_declare_progress` SET `declare_state`='1',`first_check`='1',`first_time`='1503655514' WHERE ( declare_id =0 ) [ RunTime:0.0006s ]

[ 2017-08-25T18:05:17+08:00 ] 127.0.0.1 /office/index.php/Home/Declare/info.html?type=data
INFO: [ app_begin ] --START--
INFO: Run Behavior\ReadHtmlCacheBehavior [ RunTime:0.000017s ]
INFO: [ app_begin ] --END-- [ RunTime:0.000047s ]
SQL: SHOW COLUMNS FROM `xs_declare` [ RunTime:0.0010s ]
SQL: SELECT * FROM `xs_declare` WHERE ( declare_schedule = 0 and teacher_department="材料工程系" )  [ RunTime:0.0003s ]

[ 2017-08-25T18:05:49+08:00 ] 127.0.0.1 /office/index.php/Home/Declare/info.html?type=data
INFO: [ app_begin ] --START--
INFO: Run Behavior\ReadHtmlCacheBehavior [ RunTime:0.000015s ]
INFO: [ app_begin ] --END-- [ RunTime:0.000040s ]
SQL: SHOW COLUMNS FROM `xs_declare` [ RunTime:0.0012s ]
SQL: SELECT * FROM `xs_declare` WHERE ( declare_schedule = 0 and teacher_department="材料工程系" )  [ RunTime:0.0003s ]

[ 2017-08-25T18:05:51+08:00 ] 127.0.0.1 /office/index.php/Home/Declare/info.html?type=check
INFO: [ app_begin ] --START--
INFO: Run Behavior\ReadHtmlCacheBehavior [ RunTime:0.000018s ]
INFO: [ app_begin ] --END-- [ RunTime:0.000050s ]
SQL: SHOW COLUMNS FROM `xs_declare` [ RunTime:0.0023s ]
SQL: UPDATE `xs_declare` SET `declare_schedule`='1' WHERE ( id =0 ) [ RunTime:0.0010s ]
SQL: SHOW COLUMNS FROM `xs_declare_progress` [ RunTime:0.0010s ]
SQL: UPDATE `xs_declare_progress` SET `declare_state`='1',`first_check`='1',`first_time`='1503655551' WHERE ( declare_id =0 ) [ RunTime:0.0005s ]

[ 2017-08-25T18:05:53+08:00 ] 127.0.0.1 /office/index.php/Home/Declare/info.html?type=check
INFO: [ app_begin ] --START--
INFO: Run Behavior\ReadHtmlCacheBehavior [ RunTime:0.000014s ]
INFO: [ app_begin ] --END-- [ RunTime:0.000039s ]
SQL: SHOW COLUMNS FROM `xs_declare` [ RunTime:0.0010s ]
SQL: UPDATE `xs_declare` SET `declare_schedule`='1' WHERE ( id =0 ) [ RunTime:0.0002s ]
SQL: SHOW COLUMNS FROM `xs_declare_progress` [ RunTime:0.0006s ]
SQL: UPDATE `xs_declare_progress` SET `declare_state`='1',`first_check`='1',`first_time`='1503655553' WHERE ( declare_id =0 ) [ RunTime:0.0002s ]

[ 2017-08-25T18:06:03+08:00 ] 127.0.0.1 /office/index.php/Home/Declare/info.html?type=data
INFO: [ app_begin ] --START--
INFO: Run Behavior\ReadHtmlCacheBehavior [ RunTime:0.000018s ]
INFO: [ app_begin ] --END-- [ RunTime:0.000044s ]
SQL: SHOW COLUMNS FROM `xs_declare` [ RunTime:0.0255s ]
SQL: SELECT * FROM `xs_declare` WHERE ( teacher_id = 1128 )  [ RunTime:0.0005s ]

[ 2017-08-25T18:06:07+08:00 ] 127.0.0.1 /office/index.php/Home/Declare/info.html?type=data
INFO: [ app_begin ] --START--
INFO: Run Behavior\ReadHtmlCacheBehavior [ RunTime:0.000017s ]
INFO: [ app_begin ] --END-- [ RunTime:0.000047s ]
SQL: SHOW COLUMNS FROM `xs_declare` [ RunTime:0.0165s ]
SQL: SELECT * FROM `xs_declare` WHERE ( declare_schedule = 0 and teacher_department="材料工程系" )  [ RunTime:0.0004s ]

[ 2017-08-25T18:06:08+08:00 ] 127.0.0.1 /office/index.php/Home/Declare/info.html?type=check
INFO: [ app_begin ] --START--
INFO: Run Behavior\ReadHtmlCacheBehavior [ RunTime:0.000025s ]
INFO: [ app_begin ] --END-- [ RunTime:0.000064s ]
SQL: SHOW COLUMNS FROM `xs_declare` [ RunTime:0.0011s ]
SQL: UPDATE `xs_declare` SET `declare_schedule`='1' WHERE ( id =0 ) [ RunTime:0.0005s ]
SQL: SHOW COLUMNS FROM `xs_declare_progress` [ RunTime:0.0005s ]
SQL: UPDATE `xs_declare_progress` SET `declare_state`='1',`first_check`='1',`first_time`='1503655568' WHERE ( declare_id =0 ) [ RunTime:0.0020s ]

[ 2017-08-25T18:07:09+08:00 ] 127.0.0.1 /office/index.php/Home/Declare/info.html?type=data
INFO: [ app_begin ] --START--
INFO: Run Behavior\ReadHtmlCacheBehavior [ RunTime:0.000042s ]
INFO: [ app_begin ] --END-- [ RunTime:0.000117s ]
SQL: SHOW COLUMNS FROM `xs_declare` [ RunTime:0.0122s ]
SQL: SELECT * FROM `xs_declare` WHERE ( teacher_id = 1128 )  [ RunTime:0.0006s ]

[ 2017-08-25T18:07:11+08:00 ] 127.0.0.1 /office/index.php/Home/Declare/info.html?type=data
INFO: [ app_begin ] --START--
INFO: Run Behavior\ReadHtmlCacheBehavior [ RunTime:0.000017s ]
INFO: [ app_begin ] --END-- [ RunTime:0.000049s ]
SQL: SHOW COLUMNS FROM `xs_declare` [ RunTime:0.0062s ]
SQL: SELECT * FROM `xs_declare` WHERE ( declare_schedule = 0 and teacher_department="材料工程系" )  [ RunTime:0.0004s ]

[ 2017-08-25T18:07:13+08:00 ] 127.0.0.1 /office/index.php/Home/Declare/info.html?type=check
INFO: [ app_begin ] --START--
INFO: Run Behavior\ReadHtmlCacheBehavior [ RunTime:0.000025s ]
INFO: [ app_begin ] --END-- [ RunTime:0.000076s ]
SQL: SHOW COLUMNS FROM `xs_declare` [ RunTime:0.0172s ]
SQL: UPDATE `xs_declare` SET `declare_schedule`='1' WHERE ( id =0 ) [ RunTime:0.0003s ]
SQL: SHOW COLUMNS FROM `xs_declare_progress` [ RunTime:0.0004s ]
SQL: UPDATE `xs_declare_progress` SET `declare_state`='1',`first_check`='1',`first_time`='1503655633' WHERE ( declare_id =0 ) [ RunTime:0.0002s ]

[ 2017-08-25T18:07:43+08:00 ] 127.0.0.1 /office/index.php/Home/Declare/info.html?type=data
INFO: [ app_begin ] --START--
INFO: Run Behavior\ReadHtmlCacheBehavior [ RunTime:0.000034s ]
INFO: [ app_begin ] --END-- [ RunTime:0.000179s ]
SQL: SHOW COLUMNS FROM `xs_declare` [ RunTime:0.1143s ]
SQL: SELECT * FROM `xs_declare` WHERE ( declare_schedule = 0 and teacher_department="材料工程系" )  [ RunTime:0.0005s ]

[ 2017-08-25T18:07:48+08:00 ] 127.0.0.1 /office/index.php/Home/Declare/info.html?type=data
INFO: [ app_begin ] --START--
INFO: Run Behavior\ReadHtmlCacheBehavior [ RunTime:0.000016s ]
INFO: [ app_begin ] --END-- [ RunTime:0.000042s ]
SQL: SHOW COLUMNS FROM `xs_declare` [ RunTime:0.0232s ]
SQL: SELECT * FROM `xs_declare` WHERE ( declare_schedule = 0 and teacher_department="材料工程系" )  [ RunTime:0.0005s ]

[ 2017-08-25T18:07:49+08:00 ] 127.0.0.1 /office/index.php/Home/Declare/info.html?type=check
INFO: [ app_begin ] --START--
INFO: Run Behavior\ReadHtmlCacheBehavior [ RunTime:0.000016s ]
INFO: [ app_begin ] --END-- [ RunTime:0.000043s ]
SQL: SHOW COLUMNS FROM `xs_declare` [ RunTime:0.0060s ]
SQL: UPDATE `xs_declare` SET `declare_schedule`='1' WHERE ( id =0 ) [ RunTime:0.0003s ]
SQL: SHOW COLUMNS FROM `xs_declare_progress` [ RunTime:0.0005s ]
SQL: UPDATE `xs_declare_progress` SET `declare_state`='1',`first_check`='1',`first_time`='1503655669' WHERE ( declare_id =0 ) [ RunTime:0.0002s ]

[ 2017-08-25T18:07:54+08:00 ] 127.0.0.1 /office/index.php/Home/Declare/info.html?type=data
INFO: [ app_begin ] --START--
INFO: Run Behavior\ReadHtmlCacheBehavior [ RunTime:0.000022s ]
INFO: [ app_begin ] --END-- [ RunTime:0.000065s ]
SQL: SHOW COLUMNS FROM `xs_declare` [ RunTime:0.0081s ]
SQL: SELECT * FROM `xs_declare` WHERE ( declare_schedule = 0 and teacher_department="材料工程系" )  [ RunTime:0.0004s ]

[ 2017-08-25T18:08:48+08:00 ] 127.0.0.1 /office/index.php/Home/Declare/info.html?type=data
INFO: [ app_begin ] --START--
INFO: Run Behavior\ReadHtmlCacheBehavior [ RunTime:0.000014s ]
INFO: [ app_begin ] --END-- [ RunTime:0.000040s ]
SQL: SHOW COLUMNS FROM `xs_declare` [ RunTime:0.0135s ]
SQL: SELECT * FROM `xs_declare` WHERE ( declare_schedule = 0 and teacher_department="材料工程系" )  [ RunTime:0.0027s ]

[ 2017-08-25T18:08:50+08:00 ] 127.0.0.1 /office/index.php/Home/Declare/info.html?type=check
INFO: [ app_begin ] --START--
INFO: Run Behavior\ReadHtmlCacheBehavior [ RunTime:0.000018s ]
INFO: [ app_begin ] --END-- [ RunTime:0.000048s ]
SQL: SHOW COLUMNS FROM `xs_declare` [ RunTime:0.0124s ]
SQL: UPDATE `xs_declare` SET `declare_schedule`='1' WHERE ( id =0 ) [ RunTime:0.0003s ]
SQL: SHOW COLUMNS FROM `xs_declare_progress` [ RunTime:0.0006s ]
SQL: UPDATE `xs_declare_progress` SET `declare_state`='1',`first_check`='1',`first_time`='1503655730' WHERE ( declare_id =0 ) [ RunTime:0.0002s ]

[ 2017-08-25T18:09:37+08:00 ] 127.0.0.1 /office/index.php/Home/Declare/info.html?type=data
INFO: [ app_begin ] --START--
INFO: Run Behavior\ReadHtmlCacheBehavior [ RunTime:0.000024s ]
INFO: [ app_begin ] --END-- [ RunTime:0.000071s ]
SQL: SHOW COLUMNS FROM `xs_declare` [ RunTime:0.0065s ]
SQL: SELECT * FROM `xs_declare` WHERE ( declare_schedule = 0 and teacher_department="材料工程系" )  [ RunTime:0.0013s ]

[ 2017-08-25T18:09:39+08:00 ] 127.0.0.1 /office/index.php/Home/Declare/info.html?type=check
INFO: [ app_begin ] --START--
INFO: Run Behavior\ReadHtmlCacheBehavior [ RunTime:0.000020s ]
INFO: [ app_begin ] --END-- [ RunTime:0.000053s ]
SQL: SHOW COLUMNS FROM `xs_declare` [ RunTime:0.0173s ]
SQL: UPDATE `xs_declare` SET `declare_schedule`='1' WHERE ( id =1 ) [ RunTime:0.0450s ]
SQL: SHOW COLUMNS FROM `xs_declare_progress` [ RunTime:0.0005s ]
SQL: UPDATE `xs_declare_progress` SET `declare_state`='1',`first_check`='1',`first_time`='1503655779' WHERE ( declare_id =1 ) [ RunTime:0.0245s ]
INFO: [ app_end ] --START--
INFO: Run Behavior\ShowPageTraceBehavior [ RunTime:0.000159s ]
INFO: [ app_end ] --END-- [ RunTime:0.000193s ]

[ 2017-08-25T18:10:27+08:00 ] 127.0.0.1 /office/index.php/Home/Declare/info.html?type=data
INFO: [ app_begin ] --START--
INFO: Run Behavior\ReadHtmlCacheBehavior [ RunTime:0.000015s ]
INFO: [ app_begin ] --END-- [ RunTime:0.000042s ]
SQL: SHOW COLUMNS FROM `xs_declare` [ RunTime:0.0194s ]
SQL: SELECT * FROM `xs_declare` WHERE ( declare_schedule = 0 and teacher_department="材料工程系" )  [ RunTime:0.0077s ]

[ 2017-08-25T18:16:46+08:00 ] 127.0.0.1 /office/index.php/Home/Declare/info.html?type=data
INFO: [ app_begin ] --START--
INFO: Run Behavior\ReadHtmlCacheBehavior [ RunTime:0.000032s ]
INFO: [ app_begin ] --END-- [ RunTime:0.000096s ]
SQL: SHOW COLUMNS FROM `xs_declare` [ RunTime:0.0101s ]
SQL: SELECT * FROM `xs_declare` WHERE ( declare_schedule = 0 and teacher_department="材料工程系" )  [ RunTime:0.0004s ]

[ 2017-08-25T18:17:01+08:00 ] 127.0.0.1 /office/index.php/Home/Declare/info.html?type=check
INFO: [ app_begin ] --START--
INFO: Run Behavior\ReadHtmlCacheBehavior [ RunTime:0.000019s ]
INFO: [ app_begin ] --END-- [ RunTime:0.000050s ]
SQL: SHOW COLUMNS FROM `xs_declare` [ RunTime:0.0193s ]
SQL: UPDATE `xs_declare` SET `declare_schedule`='1' WHERE ( id =2 ) [ RunTime:0.0351s ]
SQL: SHOW COLUMNS FROM `xs_declare_progress` [ RunTime:0.0169s ]
SQL: UPDATE `xs_declare_progress` SET `declare_state`='1',`first_check`='1',`first_time`='1503656221' WHERE ( declare_id =2 ) [ RunTime:0.0003s ]

[ 2017-08-25T18:17:07+08:00 ] 127.0.0.1 /office/index.php/Home/Declare/info.html?type=data
INFO: [ app_begin ] --START--
INFO: Run Behavior\ReadHtmlCacheBehavior [ RunTime:0.000025s ]
INFO: [ app_begin ] --END-- [ RunTime:0.000094s ]
SQL: SHOW COLUMNS FROM `xs_declare` [ RunTime:0.0119s ]
SQL: SELECT * FROM `xs_declare` WHERE ( declare_schedule = 0 and teacher_department="材料工程系" )  [ RunTime:0.0006s ]

[ 2017-08-25T18:27:42+08:00 ] 127.0.0.1 /office/index.php/Home/Declare/info.html?type=data
INFO: [ app_begin ] --START--
INFO: Run Behavior\ReadHtmlCacheBehavior [ RunTime:0.000020s ]
INFO: [ app_begin ] --END-- [ RunTime:0.000064s ]
SQL: SHOW COLUMNS FROM `xs_declare` [ RunTime:0.0713s ]
SQL: SELECT * FROM `xs_declare` WHERE ( teacher_id = 1128 )  [ RunTime:0.0004s ]

[ 2017-08-25T18:32:27+08:00 ] 127.0.0.1 /office/index.php/Home/Declare/info.html?type=data
INFO: [ app_begin ] --START--
INFO: Run Behavior\ReadHtmlCacheBehavior [ RunTime:0.000024s ]
INFO: [ app_begin ] --END-- [ RunTime:0.000066s ]
SQL: SHOW COLUMNS FROM `xs_declare` [ RunTime:0.0121s ]
SQL: SELECT * FROM `xs_declare` WHERE ( teacher_id = 1128 )  [ RunTime:0.0003s ]

[ 2017-08-25T18:34:18+08:00 ] 127.0.0.1 /office/index.php/Home/Declare/info.html?type=data
INFO: [ app_begin ] --START--
INFO: Run Behavior\ReadHtmlCacheBehavior [ RunTime:0.000031s ]
INFO: [ app_begin ] --END-- [ RunTime:0.000090s ]
SQL: SHOW COLUMNS FROM `xs_declare` [ RunTime:0.0192s ]
SQL: SELECT * FROM `xs_declare` WHERE ( declare_schedule = 0 and teacher_department="材料工程系" )  [ RunTime:0.0003s ]

