[ 2017-09-11T10:26:10+08:00 ] 127.0.0.1 /office/index.php/Home/Declare/info.html?type=data
INFO: [ app_begin ] --START--
INFO: Run Behavior\ReadHtmlCacheBehavior [ RunTime:0.000016s ]
INFO: [ app_begin ] --END-- [ RunTime:0.000041s ]
SQL: SHOW COLUMNS FROM `xs_auth_group_access` [ RunTime:0.0005s ]
SQL: SELECT `uid`,`group_id`,`title`,`rules` FROM xs_auth_group_access a INNER JOIN xs_auth_group g on a.group_id=g.id  WHERE ( a.uid='1113' and g.status='1' )  [ RunTime:0.0004s ]
SQL: SHOW COLUMNS FROM `xs_auth_rule` [ RunTime:0.0005s ]
SQL: SELECT `condition`,`name` FROM `xs_auth_rule` WHERE `id` IN ('1','2','3','4','6','7','8','9') AND `type` = 1 AND `status` = 1  [ RunTime:0.0013s ]
SQL: SHOW COLUMNS FROM `xs_declare` [ RunTime:0.0012s ]
SQL: SELECT xs_declare.id,xs_declare.teacher_id,xs_declare.declare_title,xs_declare.add_time,xs_declare.declare_attachment,xs_teacher.teacher_name,xs_teacher.teacher_name,xs_declare_progress.declare_state FROM `xs_declare` INNER JOIN xs_teacher  on xs_teacher.teacher_id = xs_declare.teacher_id INNER JOIN xs_declare_progress on  xs_declare_progress.declare_id=xs_declare.id  WHERE ( xs_declare_progress.declare_state >= 3 ) ORDER BY xs_declare.add_time desc  [ RunTime:0.0008s ]

[ 2017-09-11T10:26:12+08:00 ] 127.0.0.1 /office/index.php/Home/Reimburse/index.html?type=data
INFO: [ app_begin ] --START--
INFO: Run Behavior\ReadHtmlCacheBehavior [ RunTime:0.000016s ]
INFO: [ app_begin ] --END-- [ RunTime:0.000046s ]
SQL: SHOW COLUMNS FROM `xs_auth_group_access` [ RunTime:0.0006s ]
SQL: SELECT `uid`,`group_id`,`title`,`rules` FROM xs_auth_group_access a INNER JOIN xs_auth_group g on a.group_id=g.id  WHERE ( a.uid='1113' and g.status='1' )  [ RunTime:0.0005s ]
SQL: SHOW COLUMNS FROM `xs_auth_rule` [ RunTime:0.0005s ]
SQL: SELECT `condition`,`name` FROM `xs_auth_rule` WHERE `id` IN ('1','2','3','4','6','7','8','9') AND `type` = 1 AND `status` = 1  [ RunTime:0.0002s ]
SQL: SHOW COLUMNS FROM `xs_reimburse` [ RunTime:0.0010s ]
SQL: SELECT xs_reimburse.id,xs_reimburse.teacher_id,xs_reimburse.reimburse_name,xs_reimburse.add_time,xs_reimburse.reimburse_attachment,xs_reimburse.reimburse_money,xs_teacher.teacher_name,xs_teacher.teacher_id,xs_reimburse_progress.reimburse_state FROM `xs_reimburse` INNER JOIN xs_teacher  on xs_teacher.teacher_id = xs_reimburse.teacher_id INNER JOIN xs_reimburse_progress on  xs_reimburse_progress.reimburse_id=xs_reimburse.id  WHERE ( xs_reimburse_progress.reimburse_state >= 3 ) ORDER BY xs_reimburse.add_time desc  [ RunTime:0.0014s ]

[ 2017-09-11T10:26:14+08:00 ] 127.0.0.1 /office/index.php/Home/Reimburse/index.html?type=data
INFO: [ app_begin ] --START--
INFO: Run Behavior\ReadHtmlCacheBehavior [ RunTime:0.000016s ]
INFO: [ app_begin ] --END-- [ RunTime:0.000041s ]
SQL: SHOW COLUMNS FROM `xs_auth_group_access` [ RunTime:0.0005s ]
SQL: SELECT `uid`,`group_id`,`title`,`rules` FROM xs_auth_group_access a INNER JOIN xs_auth_group g on a.group_id=g.id  WHERE ( a.uid='1113' and g.status='1' )  [ RunTime:0.0004s ]
SQL: SHOW COLUMNS FROM `xs_auth_rule` [ RunTime:0.0005s ]
SQL: SELECT `condition`,`name` FROM `xs_auth_rule` WHERE `id` IN ('1','2','3','4','6','7','8','9') AND `type` = 1 AND `status` = 1  [ RunTime:0.0003s ]
SQL: SHOW COLUMNS FROM `xs_reimburse` [ RunTime:0.0004s ]
SQL: SELECT xs_reimburse.id,xs_reimburse.teacher_id,xs_reimburse.reimburse_name,xs_reimburse.add_time,xs_reimburse.reimburse_attachment,xs_reimburse.reimburse_money,xs_teacher.teacher_name,xs_teacher.teacher_id,xs_reimburse_progress.reimburse_state FROM `xs_reimburse` INNER JOIN xs_teacher  on xs_teacher.teacher_id = xs_reimburse.teacher_id INNER JOIN xs_reimburse_progress on  xs_reimburse_progress.reimburse_id=xs_reimburse.id  WHERE ( xs_reimburse_progress.reimburse_state >= 3 ) ORDER BY xs_reimburse.add_time desc  [ RunTime:0.0007s ]

[ 2017-09-11T10:26:29+08:00 ] 127.0.0.1 /office/index.php/Home/Mail/index.html?type=data
INFO: [ app_begin ] --START--
INFO: Run Behavior\ReadHtmlCacheBehavior [ RunTime:0.000032s ]
INFO: [ app_begin ] --END-- [ RunTime:0.000075s ]
SQL: SHOW COLUMNS FROM `xs_auth_group_access` [ RunTime:0.0009s ]
SQL: SELECT `uid`,`group_id`,`title`,`rules` FROM xs_auth_group_access a INNER JOIN xs_auth_group g on a.group_id=g.id  WHERE ( a.uid='1113' and g.status='1' )  [ RunTime:0.0006s ]
SQL: SHOW COLUMNS FROM `xs_auth_rule` [ RunTime:0.0006s ]
SQL: SELECT `condition`,`name` FROM `xs_auth_rule` WHERE `id` IN ('1','2','3','4','6','7','8','9') AND `type` = 1 AND `status` = 1  [ RunTime:0.0003s ]
SQL: SHOW COLUMNS FROM `xs_mail` [ RunTime:0.0007s ]
SQL: SELECT * FROM `xs_mail` INNER JOIN xs_teacher on xs_teacher.teacher_id = xs_mail.mail_from_id  WHERE ( xs_mail.mail_to_id =1113 or xs_mail.mail_to_id =1 ) ORDER BY xs_mail.mail_add_time desc  [ RunTime:0.0006s ]

[ 2017-09-11T10:26:54+08:00 ] 127.0.0.1 /office/index.php/Home/Teacher/index.html?type=data
INFO: [ app_begin ] --START--
INFO: Run Behavior\ReadHtmlCacheBehavior [ RunTime:0.000016s ]
INFO: [ app_begin ] --END-- [ RunTime:0.000044s ]
SQL: SHOW COLUMNS FROM `xs_auth_group_access` [ RunTime:0.0005s ]
SQL: SELECT `uid`,`group_id`,`title`,`rules` FROM xs_auth_group_access a INNER JOIN xs_auth_group g on a.group_id=g.id  WHERE ( a.uid='1113' and g.status='1' )  [ RunTime:0.0003s ]
SQL: SHOW COLUMNS FROM `xs_auth_rule` [ RunTime:0.0005s ]
SQL: SELECT `condition`,`name` FROM `xs_auth_rule` WHERE `id` IN ('1','2','3','4','6','7','8','9') AND `type` = 1 AND `status` = 1  [ RunTime:0.0003s ]
SQL: SHOW COLUMNS FROM `xs_teacher` [ RunTime:0.0010s ]
SQL: SELECT * FROM `xs_teacher` INNER JOIN xs_teacher_department d on xs_teacher.teacher_department=d.department_id    [ RunTime:0.0004s ]

[ 2017-09-11T10:26:56+08:00 ] 127.0.0.1 /office/index.php/Home/Teacher/auth.html?type=rules_data
INFO: [ app_begin ] --START--
INFO: Run Behavior\ReadHtmlCacheBehavior [ RunTime:0.000016s ]
INFO: [ app_begin ] --END-- [ RunTime:0.000041s ]
SQL: SHOW COLUMNS FROM `xs_auth_group_access` [ RunTime:0.0005s ]
SQL: SELECT `uid`,`group_id`,`title`,`rules` FROM xs_auth_group_access a INNER JOIN xs_auth_group g on a.group_id=g.id  WHERE ( a.uid='1113' and g.status='1' )  [ RunTime:0.0006s ]
SQL: SHOW COLUMNS FROM `xs_auth_rule` [ RunTime:0.0005s ]
SQL: SELECT `condition`,`name` FROM `xs_auth_rule` WHERE `id` IN ('1','2','3','4','6','7','8','9') AND `type` = 1 AND `status` = 1  [ RunTime:0.0003s ]
SQL: SHOW COLUMNS FROM `xs_auth_rule` [ RunTime:0.0004s ]
SQL: SELECT * FROM `xs_auth_rule`  [ RunTime:0.0002s ]

[ 2017-09-11T10:26:57+08:00 ] 127.0.0.1 /office/index.php/Home/Teacher/auth.html?type=group_data
INFO: [ app_begin ] --START--
INFO: Run Behavior\ReadHtmlCacheBehavior [ RunTime:0.000015s ]
INFO: [ app_begin ] --END-- [ RunTime:0.000041s ]
SQL: SHOW COLUMNS FROM `xs_auth_group_access` [ RunTime:0.0005s ]
SQL: SELECT `uid`,`group_id`,`title`,`rules` FROM xs_auth_group_access a INNER JOIN xs_auth_group g on a.group_id=g.id  WHERE ( a.uid='1113' and g.status='1' )  [ RunTime:0.0004s ]
SQL: SHOW COLUMNS FROM `xs_auth_rule` [ RunTime:0.0005s ]
SQL: SELECT `condition`,`name` FROM `xs_auth_rule` WHERE `id` IN ('1','2','3','4','6','7','8','9') AND `type` = 1 AND `status` = 1  [ RunTime:0.0002s ]
SQL: SHOW COLUMNS FROM `xs_auth_group` [ RunTime:0.0005s ]
SQL: SELECT * FROM `xs_auth_group`  [ RunTime:0.0004s ]
SQL: SHOW COLUMNS FROM `xs_auth_rule` [ RunTime:0.0008s ]
SQL: SELECT `title` FROM `xs_auth_rule` WHERE ( id in(1,2,3,6,7,8,9) )  [ RunTime:0.0005s ]
SQL: SELECT `title` FROM `xs_auth_rule` WHERE ( id in(1,2,3,4,6,7,8,9) )  [ RunTime:0.0004s ]
SQL: SELECT `title` FROM `xs_auth_rule` WHERE ( id in(1,2,3,4,5,6,7,8,9) )  [ RunTime:0.0003s ]
SQL: SELECT `title` FROM `xs_auth_rule` WHERE ( id in(1,2,3,4,6,7,8,9) )  [ RunTime:0.0002s ]
SQL: SELECT `title` FROM `xs_auth_rule` WHERE ( id in(1,2,3,4,6,7,8,9) )  [ RunTime:0.0002s ]

[ 2017-09-11T10:26:57+08:00 ] 127.0.0.1 /office/index.php/Home/Teacher/auth.html?type=depart_data
INFO: [ app_begin ] --START--
INFO: Run Behavior\ReadHtmlCacheBehavior [ RunTime:0.000015s ]
INFO: [ app_begin ] --END-- [ RunTime:0.000038s ]
SQL: SHOW COLUMNS FROM `xs_auth_group_access` [ RunTime:0.0005s ]
SQL: SELECT `uid`,`group_id`,`title`,`rules` FROM xs_auth_group_access a INNER JOIN xs_auth_group g on a.group_id=g.id  WHERE ( a.uid='1113' and g.status='1' )  [ RunTime:0.0006s ]
SQL: SHOW COLUMNS FROM `xs_auth_rule` [ RunTime:0.0005s ]
SQL: SELECT `condition`,`name` FROM `xs_auth_rule` WHERE `id` IN ('1','2','3','4','6','7','8','9') AND `type` = 1 AND `status` = 1  [ RunTime:0.0006s ]
SQL: SHOW COLUMNS FROM `xs_teacher_department` [ RunTime:0.0007s ]
SQL: SELECT * FROM `xs_teacher_department`  [ RunTime:0.0003s ]

[ 2017-09-11T10:29:24+08:00 ] 127.0.0.1 /office/index.php/Home/Teacher/auth.html?type=rules_data
INFO: [ app_begin ] --START--
INFO: Run Behavior\ReadHtmlCacheBehavior [ RunTime:0.000016s ]
INFO: [ app_begin ] --END-- [ RunTime:0.000041s ]
SQL: SHOW COLUMNS FROM `xs_auth_group_access` [ RunTime:0.0004s ]
SQL: SELECT `uid`,`group_id`,`title`,`rules` FROM xs_auth_group_access a INNER JOIN xs_auth_group g on a.group_id=g.id  WHERE ( a.uid='1113' and g.status='1' )  [ RunTime:0.0004s ]
SQL: SHOW COLUMNS FROM `xs_auth_rule` [ RunTime:0.0004s ]
SQL: SELECT `condition`,`name` FROM `xs_auth_rule` WHERE `id` IN ('1','2','3','4','6','7','8','9') AND `type` = 1 AND `status` = 1  [ RunTime:0.0003s ]
SQL: SHOW COLUMNS FROM `xs_auth_rule` [ RunTime:0.0004s ]
SQL: SELECT * FROM `xs_auth_rule`  [ RunTime:0.0002s ]

[ 2017-09-11T10:29:24+08:00 ] 127.0.0.1 /office/index.php/Home/Teacher/auth.html?type=group_data
INFO: [ app_begin ] --START--
INFO: Run Behavior\ReadHtmlCacheBehavior [ RunTime:0.000015s ]
INFO: [ app_begin ] --END-- [ RunTime:0.000040s ]
SQL: SHOW COLUMNS FROM `xs_auth_group_access` [ RunTime:0.0004s ]
SQL: SELECT `uid`,`group_id`,`title`,`rules` FROM xs_auth_group_access a INNER JOIN xs_auth_group g on a.group_id=g.id  WHERE ( a.uid='1113' and g.status='1' )  [ RunTime:0.0003s ]
SQL: SHOW COLUMNS FROM `xs_auth_rule` [ RunTime:0.0004s ]
SQL: SELECT `condition`,`name` FROM `xs_auth_rule` WHERE `id` IN ('1','2','3','4','6','7','8','9') AND `type` = 1 AND `status` = 1  [ RunTime:0.0003s ]
SQL: SHOW COLUMNS FROM `xs_auth_group` [ RunTime:0.0004s ]
SQL: SELECT * FROM `xs_auth_group`  [ RunTime:0.0002s ]
SQL: SHOW COLUMNS FROM `xs_auth_rule` [ RunTime:0.0003s ]
SQL: SELECT `title` FROM `xs_auth_rule` WHERE ( id in(1,2,3,6,7,8,9) )  [ RunTime:0.0002s ]
SQL: SELECT `title` FROM `xs_auth_rule` WHERE ( id in(1,2,3,4,6,7,8,9) )  [ RunTime:0.0001s ]
SQL: SELECT `title` FROM `xs_auth_rule` WHERE ( id in(1,2,3,4,5,6,7,8,9) )  [ RunTime:0.0001s ]
SQL: SELECT `title` FROM `xs_auth_rule` WHERE ( id in(1,2,3,4,6,7,8,9) )  [ RunTime:0.0001s ]
SQL: SELECT `title` FROM `xs_auth_rule` WHERE ( id in(1,2,3,4,6,7,8,9) )  [ RunTime:0.0001s ]

[ 2017-09-11T10:29:24+08:00 ] 127.0.0.1 /office/index.php/Home/Teacher/auth.html?type=depart_data
INFO: [ app_begin ] --START--
INFO: Run Behavior\ReadHtmlCacheBehavior [ RunTime:0.000015s ]
INFO: [ app_begin ] --END-- [ RunTime:0.000042s ]
SQL: SHOW COLUMNS FROM `xs_auth_group_access` [ RunTime:0.0004s ]
SQL: SELECT `uid`,`group_id`,`title`,`rules` FROM xs_auth_group_access a INNER JOIN xs_auth_group g on a.group_id=g.id  WHERE ( a.uid='1113' and g.status='1' )  [ RunTime:0.0003s ]
SQL: SHOW COLUMNS FROM `xs_auth_rule` [ RunTime:0.0004s ]
SQL: SELECT `condition`,`name` FROM `xs_auth_rule` WHERE `id` IN ('1','2','3','4','6','7','8','9') AND `type` = 1 AND `status` = 1  [ RunTime:0.0003s ]
SQL: SHOW COLUMNS FROM `xs_teacher_department` [ RunTime:0.0004s ]
SQL: SELECT * FROM `xs_teacher_department`  [ RunTime:0.0002s ]

[ 2017-09-11T14:02:32+08:00 ] 127.0.0.1 /office/index.php/Home/Teacher/auth.html?type=rules_data
INFO: [ app_begin ] --START--
INFO: Run Behavior\ReadHtmlCacheBehavior [ RunTime:0.000016s ]
INFO: [ app_begin ] --END-- [ RunTime:0.000042s ]
SQL: SHOW COLUMNS FROM `xs_auth_group_access` [ RunTime:0.0004s ]
SQL: SELECT `uid`,`group_id`,`title`,`rules` FROM xs_auth_group_access a INNER JOIN xs_auth_group g on a.group_id=g.id  WHERE ( a.uid='1113' and g.status='1' )  [ RunTime:0.0003s ]
SQL: SHOW COLUMNS FROM `xs_auth_rule` [ RunTime:0.0004s ]
SQL: SELECT `condition`,`name` FROM `xs_auth_rule` WHERE `id` IN ('1','2','3','4','6','7','8','9') AND `type` = 1 AND `status` = 1  [ RunTime:0.0002s ]
SQL: SHOW COLUMNS FROM `xs_auth_rule` [ RunTime:0.0004s ]
SQL: SELECT * FROM `xs_auth_rule`  [ RunTime:0.0002s ]

[ 2017-09-11T14:02:32+08:00 ] 127.0.0.1 /office/index.php/Home/Teacher/auth.html?type=group_data
INFO: [ app_begin ] --START--
INFO: Run Behavior\ReadHtmlCacheBehavior [ RunTime:0.000016s ]
INFO: [ app_begin ] --END-- [ RunTime:0.000042s ]
SQL: SHOW COLUMNS FROM `xs_auth_group_access` [ RunTime:0.0004s ]
SQL: SELECT `uid`,`group_id`,`title`,`rules` FROM xs_auth_group_access a INNER JOIN xs_auth_group g on a.group_id=g.id  WHERE ( a.uid='1113' and g.status='1' )  [ RunTime:0.0005s ]
SQL: SHOW COLUMNS FROM `xs_auth_rule` [ RunTime:0.0006s ]
SQL: SELECT `condition`,`name` FROM `xs_auth_rule` WHERE `id` IN ('1','2','3','4','6','7','8','9') AND `type` = 1 AND `status` = 1  [ RunTime:0.0003s ]
SQL: SHOW COLUMNS FROM `xs_auth_group` [ RunTime:0.0004s ]
SQL: SELECT * FROM `xs_auth_group`  [ RunTime:0.0002s ]
SQL: SHOW COLUMNS FROM `xs_auth_rule` [ RunTime:0.0003s ]
SQL: SELECT `title` FROM `xs_auth_rule` WHERE ( id in(1,2,3,6,7,8,9) )  [ RunTime:0.0003s ]
SQL: SELECT `title` FROM `xs_auth_rule` WHERE ( id in(1,2,3,4,6,7,8,9) )  [ RunTime:0.0002s ]
SQL: SELECT `title` FROM `xs_auth_rule` WHERE ( id in(1,2,3,4,5,6,7,8,9) )  [ RunTime:0.0002s ]
SQL: SELECT `title` FROM `xs_auth_rule` WHERE ( id in(1,2,3,4,6,7,8,9) )  [ RunTime:0.0004s ]
SQL: SELECT `title` FROM `xs_auth_rule` WHERE ( id in(1,2,3,4,6,7,8,9) )  [ RunTime:0.0014s ]

[ 2017-09-11T14:02:32+08:00 ] 127.0.0.1 /office/index.php/Home/Teacher/auth.html?type=depart_data
INFO: [ app_begin ] --START--
INFO: Run Behavior\ReadHtmlCacheBehavior [ RunTime:0.000016s ]
INFO: [ app_begin ] --END-- [ RunTime:0.000041s ]
SQL: SHOW COLUMNS FROM `xs_auth_group_access` [ RunTime:0.0005s ]
SQL: SELECT `uid`,`group_id`,`title`,`rules` FROM xs_auth_group_access a INNER JOIN xs_auth_group g on a.group_id=g.id  WHERE ( a.uid='1113' and g.status='1' )  [ RunTime:0.0003s ]
SQL: SHOW COLUMNS FROM `xs_auth_rule` [ RunTime:0.0008s ]
SQL: SELECT `condition`,`name` FROM `xs_auth_rule` WHERE `id` IN ('1','2','3','4','6','7','8','9') AND `type` = 1 AND `status` = 1  [ RunTime:0.0003s ]
SQL: SHOW COLUMNS FROM `xs_teacher_department` [ RunTime:0.0005s ]
SQL: SELECT * FROM `xs_teacher_department`  [ RunTime:0.0009s ]

[ 2017-09-11T14:42:29+08:00 ] 127.0.0.1 /office/index.php/Home/Teacher/auth.html?type=rules_data
INFO: [ app_begin ] --START--
INFO: Run Behavior\ReadHtmlCacheBehavior [ RunTime:0.000016s ]
INFO: [ app_begin ] --END-- [ RunTime:0.000042s ]
SQL: SHOW COLUMNS FROM `xs_auth_group_access` [ RunTime:0.0005s ]
SQL: SELECT `uid`,`group_id`,`title`,`rules` FROM xs_auth_group_access a INNER JOIN xs_auth_group g on a.group_id=g.id  WHERE ( a.uid='' and g.status='1' )  [ RunTime:0.0003s ]
SQL: SHOW COLUMNS FROM `xs_auth_rule` [ RunTime:0.0009s ]
SQL: SELECT * FROM `xs_auth_rule`  [ RunTime:0.0002s ]

[ 2017-09-11T14:42:29+08:00 ] 127.0.0.1 /office/index.php/Home/Teacher/auth.html?type=group_data
INFO: [ app_begin ] --START--
INFO: Run Behavior\ReadHtmlCacheBehavior [ RunTime:0.000015s ]
INFO: [ app_begin ] --END-- [ RunTime:0.000039s ]
SQL: SHOW COLUMNS FROM `xs_auth_group_access` [ RunTime:0.0004s ]
SQL: SELECT `uid`,`group_id`,`title`,`rules` FROM xs_auth_group_access a INNER JOIN xs_auth_group g on a.group_id=g.id  WHERE ( a.uid='' and g.status='1' )  [ RunTime:0.0003s ]
SQL: SHOW COLUMNS FROM `xs_auth_group` [ RunTime:0.0004s ]
SQL: SELECT * FROM `xs_auth_group`  [ RunTime:0.0170s ]
SQL: SHOW COLUMNS FROM `xs_auth_rule` [ RunTime:0.0017s ]
SQL: SELECT `title` FROM `xs_auth_rule` WHERE ( id in(1,2,3,6,7,8,9) )  [ RunTime:0.0004s ]
SQL: SELECT `title` FROM `xs_auth_rule` WHERE ( id in(1,2,3,4,6,7,8,9) )  [ RunTime:0.0002s ]
SQL: SELECT `title` FROM `xs_auth_rule` WHERE ( id in(1,2,3,4,5,6,7,8,9) )  [ RunTime:0.0002s ]
SQL: SELECT `title` FROM `xs_auth_rule` WHERE ( id in(1,2,3,4,6,7,8,9) )  [ RunTime:0.0001s ]
SQL: SELECT `title` FROM `xs_auth_rule` WHERE ( id in(1,2,3,4,6,7,8,9) )  [ RunTime:0.0002s ]

[ 2017-09-11T14:42:29+08:00 ] 127.0.0.1 /office/index.php/Home/Teacher/auth.html?type=depart_data
INFO: [ app_begin ] --START--
INFO: Run Behavior\ReadHtmlCacheBehavior [ RunTime:0.000015s ]
INFO: [ app_begin ] --END-- [ RunTime:0.000041s ]
SQL: SHOW COLUMNS FROM `xs_auth_group_access` [ RunTime:0.0005s ]
SQL: SELECT `uid`,`group_id`,`title`,`rules` FROM xs_auth_group_access a INNER JOIN xs_auth_group g on a.group_id=g.id  WHERE ( a.uid='' and g.status='1' )  [ RunTime:0.0003s ]
SQL: SHOW COLUMNS FROM `xs_teacher_department` [ RunTime:0.0005s ]
SQL: SELECT * FROM `xs_teacher_department`  [ RunTime:0.0002s ]

[ 2017-09-11T14:43:15+08:00 ] 127.0.0.1 /office/index.php/Home/Teacher/auth.html?type=group_data
INFO: [ app_begin ] --START--
INFO: Run Behavior\ReadHtmlCacheBehavior [ RunTime:0.000017s ]
INFO: [ app_begin ] --END-- [ RunTime:0.000044s ]
SQL: SHOW COLUMNS FROM `xs_auth_group_access` [ RunTime:0.0004s ]
SQL: SELECT `uid`,`group_id`,`title`,`rules` FROM xs_auth_group_access a INNER JOIN xs_auth_group g on a.group_id=g.id  WHERE ( a.uid='' and g.status='1' )  [ RunTime:0.0003s ]
SQL: SHOW COLUMNS FROM `xs_auth_group` [ RunTime:0.0006s ]
SQL: SELECT * FROM `xs_auth_group`  [ RunTime:0.0002s ]
SQL: SHOW COLUMNS FROM `xs_auth_rule` [ RunTime:0.0006s ]
SQL: SELECT `title` FROM `xs_auth_rule` WHERE ( id in(1,2,3,6,7,8,9) )  [ RunTime:0.0003s ]
SQL: SELECT `title` FROM `xs_auth_rule` WHERE ( id in(1,2,3,4,6,7,8,9) )  [ RunTime:0.0002s ]
SQL: SELECT `title` FROM `xs_auth_rule` WHERE ( id in(1,2,3,4,5,6,7,8,9) )  [ RunTime:0.0002s ]
SQL: SELECT `title` FROM `xs_auth_rule` WHERE ( id in(1,2,3,4,6,7,8,9) )  [ RunTime:0.0002s ]
SQL: SELECT `title` FROM `xs_auth_rule` WHERE ( id in(1,2,3,4,6,7,8,9) )  [ RunTime:0.0002s ]

[ 2017-09-11T14:53:11+08:00 ] 127.0.0.1 /office/index.php/Home/Teacher/auth.html?type=group_data
INFO: [ app_begin ] --START--
INFO: Run Behavior\ReadHtmlCacheBehavior [ RunTime:0.000023s ]
INFO: [ app_begin ] --END-- [ RunTime:0.000263s ]
SQL: SHOW COLUMNS FROM `xs_auth_group_access` [ RunTime:0.0004s ]
SQL: SELECT `uid`,`group_id`,`title`,`rules` FROM xs_auth_group_access a INNER JOIN xs_auth_group g on a.group_id=g.id  WHERE ( a.uid='' and g.status='1' )  [ RunTime:0.0005s ]
SQL: SHOW COLUMNS FROM `xs_auth_group` [ RunTime:0.0007s ]
SQL: SELECT * FROM `xs_auth_group`  [ RunTime:0.0002s ]
SQL: SHOW COLUMNS FROM `xs_auth_rule` [ RunTime:0.0006s ]
SQL: SELECT `title` FROM `xs_auth_rule` WHERE ( id in(1,2,3,6,7,8,9) )  [ RunTime:0.0004s ]
SQL: SELECT `title` FROM `xs_auth_rule` WHERE ( id in(1,2,3,4,6,7,8,9) )  [ RunTime:0.0002s ]
SQL: SELECT `title` FROM `xs_auth_rule` WHERE ( id in(1,2,3,4,5,6,7,8,9) )  [ RunTime:0.0002s ]
SQL: SELECT `title` FROM `xs_auth_rule` WHERE ( id in(1,2,3,4,6,7,8,9) )  [ RunTime:0.0001s ]
SQL: SELECT `title` FROM `xs_auth_rule` WHERE ( id in(1,2,3,4,6,7,8,9) )  [ RunTime:0.0001s ]

[ 2017-09-11T14:53:57+08:00 ] 127.0.0.1 /office/index.php/Home/Teacher/auth.html?type=depart_data
INFO: [ app_begin ] --START--
INFO: Run Behavior\ReadHtmlCacheBehavior [ RunTime:0.000015s ]
INFO: [ app_begin ] --END-- [ RunTime:0.000040s ]
SQL: SHOW COLUMNS FROM `xs_auth_group_access` [ RunTime:0.0007s ]
SQL: SELECT `uid`,`group_id`,`title`,`rules` FROM xs_auth_group_access a INNER JOIN xs_auth_group g on a.group_id=g.id  WHERE ( a.uid='' and g.status='1' )  [ RunTime:0.0004s ]
SQL: SHOW COLUMNS FROM `xs_teacher_department` [ RunTime:0.0004s ]
SQL: SELECT * FROM `xs_teacher_department`  [ RunTime:0.0002s ]

[ 2017-09-11T14:53:57+08:00 ] 127.0.0.1 /office/index.php/Home/Teacher/authDepart.html?type=rules_data
INFO: [ app_begin ] --START--
INFO: Run Behavior\ReadHtmlCacheBehavior [ RunTime:0.000016s ]
INFO: [ app_begin ] --END-- [ RunTime:0.000040s ]
SQL: SHOW COLUMNS FROM `xs_auth_group_access` [ RunTime:0.0005s ]
SQL: SELECT `uid`,`group_id`,`title`,`rules` FROM xs_auth_group_access a INNER JOIN xs_auth_group g on a.group_id=g.id  WHERE ( a.uid='' and g.status='1' )  [ RunTime:0.0003s ]
INFO: [ app_end ] --START--
INFO: Run Behavior\ShowPageTraceBehavior [ RunTime:0.000046s ]
INFO: [ app_end ] --END-- [ RunTime:0.000066s ]

[ 2017-09-11T15:01:27+08:00 ] 127.0.0.1 /office/index.php/Home/Teacher/authDepart.html?type=depart_data
INFO: [ app_begin ] --START--
INFO: Run Behavior\ReadHtmlCacheBehavior [ RunTime:0.000016s ]
INFO: [ app_begin ] --END-- [ RunTime:0.000041s ]
SQL: SHOW COLUMNS FROM `xs_auth_group_access` [ RunTime:0.0005s ]
SQL: SELECT `uid`,`group_id`,`title`,`rules` FROM xs_auth_group_access a INNER JOIN xs_auth_group g on a.group_id=g.id  WHERE ( a.uid='' and g.status='1' )  [ RunTime:0.0003s ]
INFO: [ app_end ] --START--
INFO: Run Behavior\ShowPageTraceBehavior [ RunTime:0.000039s ]
INFO: [ app_end ] --END-- [ RunTime:0.000056s ]

[ 2017-09-11T15:01:27+08:00 ] 127.0.0.1 /office/index.php/Home/Teacher/authDepart.html?type=rules_data
INFO: [ app_begin ] --START--
INFO: Run Behavior\ReadHtmlCacheBehavior [ RunTime:0.000014s ]
INFO: [ app_begin ] --END-- [ RunTime:0.000039s ]
SQL: SHOW COLUMNS FROM `xs_auth_group_access` [ RunTime:0.0005s ]
SQL: SELECT `uid`,`group_id`,`title`,`rules` FROM xs_auth_group_access a INNER JOIN xs_auth_group g on a.group_id=g.id  WHERE ( a.uid='' and g.status='1' )  [ RunTime:0.0003s ]
INFO: [ app_end ] --START--
INFO: Run Behavior\ShowPageTraceBehavior [ RunTime:0.000042s ]
INFO: [ app_end ] --END-- [ RunTime:0.000060s ]

[ 2017-09-11T15:01:38+08:00 ] 127.0.0.1 /office/index.php/Home/Teacher/authDepart.html?type=depart_data
INFO: [ app_begin ] --START--
INFO: Run Behavior\ReadHtmlCacheBehavior [ RunTime:0.000026s ]
INFO: [ app_begin ] --END-- [ RunTime:0.000068s ]
SQL: SHOW COLUMNS FROM `xs_auth_group_access` [ RunTime:0.0014s ]
SQL: SELECT `uid`,`group_id`,`title`,`rules` FROM xs_auth_group_access a INNER JOIN xs_auth_group g on a.group_id=g.id  WHERE ( a.uid='' and g.status='1' )  [ RunTime:0.0004s ]
INFO: [ app_end ] --START--
INFO: Run Behavior\ShowPageTraceBehavior [ RunTime:0.000042s ]
INFO: [ app_end ] --END-- [ RunTime:0.000059s ]

[ 2017-09-11T15:01:38+08:00 ] 127.0.0.1 /office/index.php/Home/Teacher/authDepart.html?type=rules_data
INFO: [ app_begin ] --START--
INFO: Run Behavior\ReadHtmlCacheBehavior [ RunTime:0.000017s ]
INFO: [ app_begin ] --END-- [ RunTime:0.000043s ]
SQL: SHOW COLUMNS FROM `xs_auth_group_access` [ RunTime:0.0005s ]
SQL: SELECT `uid`,`group_id`,`title`,`rules` FROM xs_auth_group_access a INNER JOIN xs_auth_group g on a.group_id=g.id  WHERE ( a.uid='' and g.status='1' )  [ RunTime:0.0004s ]
INFO: [ app_end ] --START--
INFO: Run Behavior\ShowPageTraceBehavior [ RunTime:0.000043s ]
INFO: [ app_end ] --END-- [ RunTime:0.000062s ]

[ 2017-09-11T15:01:43+08:00 ] 127.0.0.1 /office/index.php/Home/Teacher/authDepart.html?type=depart_data
INFO: [ app_begin ] --START--
INFO: Run Behavior\ReadHtmlCacheBehavior [ RunTime:0.000015s ]
INFO: [ app_begin ] --END-- [ RunTime:0.000043s ]
SQL: SHOW COLUMNS FROM `xs_auth_group_access` [ RunTime:0.0005s ]
SQL: SELECT `uid`,`group_id`,`title`,`rules` FROM xs_auth_group_access a INNER JOIN xs_auth_group g on a.group_id=g.id  WHERE ( a.uid='' and g.status='1' )  [ RunTime:0.0003s ]
INFO: [ app_end ] --START--
INFO: Run Behavior\ShowPageTraceBehavior [ RunTime:0.000039s ]
INFO: [ app_end ] --END-- [ RunTime:0.000058s ]

[ 2017-09-11T15:01:43+08:00 ] 127.0.0.1 /office/index.php/Home/Teacher/authDepart.html?type=depart_data?type=rules_data
INFO: [ app_begin ] --START--
INFO: Run Behavior\ReadHtmlCacheBehavior [ RunTime:0.000015s ]
INFO: [ app_begin ] --END-- [ RunTime:0.000042s ]
SQL: SHOW COLUMNS FROM `xs_auth_group_access` [ RunTime:0.0005s ]
SQL: SELECT `uid`,`group_id`,`title`,`rules` FROM xs_auth_group_access a INNER JOIN xs_auth_group g on a.group_id=g.id  WHERE ( a.uid='' and g.status='1' )  [ RunTime:0.0003s ]
INFO: [ app_end ] --START--
INFO: Run Behavior\ShowPageTraceBehavior [ RunTime:0.000037s ]
INFO: [ app_end ] --END-- [ RunTime:0.000056s ]

[ 2017-09-11T15:06:50+08:00 ] 127.0.0.1 /office/index.php/Home/Teacher/authDepart.html?type=depart_data
INFO: [ app_begin ] --START--
INFO: Run Behavior\ReadHtmlCacheBehavior [ RunTime:0.000016s ]
INFO: [ app_begin ] --END-- [ RunTime:0.000042s ]
SQL: SHOW COLUMNS FROM `xs_auth_group_access` [ RunTime:0.0005s ]
SQL: SELECT `uid`,`group_id`,`title`,`rules` FROM xs_auth_group_access a INNER JOIN xs_auth_group g on a.group_id=g.id  WHERE ( a.uid='' and g.status='1' )  [ RunTime:0.0003s ]
SQL: SHOW COLUMNS FROM `xs_teacher_department` [ RunTime:0.0004s ]
SQL: SELECT * FROM `xs_teacher_department`  [ RunTime:0.0003s ]

[ 2017-09-11T15:06:50+08:00 ] 127.0.0.1 /office/index.php/Home/Teacher/authDepart.html?type=rules_data
INFO: [ app_begin ] --START--
INFO: Run Behavior\ReadHtmlCacheBehavior [ RunTime:0.000031s ]
INFO: [ app_begin ] --END-- [ RunTime:0.000073s ]
SQL: SHOW COLUMNS FROM `xs_auth_group_access` [ RunTime:0.0005s ]
SQL: SELECT `uid`,`group_id`,`title`,`rules` FROM xs_auth_group_access a INNER JOIN xs_auth_group g on a.group_id=g.id  WHERE ( a.uid='' and g.status='1' )  [ RunTime:0.0003s ]
INFO: [ app_end ] --START--
INFO: Run Behavior\ShowPageTraceBehavior [ RunTime:0.000058s ]
INFO: [ app_end ] --END-- [ RunTime:0.000076s ]

[ 2017-09-11T15:07:39+08:00 ] 127.0.0.1 /office/index.php/Home/Teacher/authDepart.html?type=depart_data
INFO: [ app_begin ] --START--
INFO: Run Behavior\ReadHtmlCacheBehavior [ RunTime:0.000015s ]
INFO: [ app_begin ] --END-- [ RunTime:0.000041s ]
SQL: SHOW COLUMNS FROM `xs_auth_group_access` [ RunTime:0.0010s ]
SQL: SELECT `uid`,`group_id`,`title`,`rules` FROM xs_auth_group_access a INNER JOIN xs_auth_group g on a.group_id=g.id  WHERE ( a.uid='' and g.status='1' )  [ RunTime:0.0004s ]
SQL: SHOW COLUMNS FROM `xs_teacher_department` [ RunTime:0.0012s ]
SQL: SELECT * FROM `xs_teacher_department`  [ RunTime:0.0005s ]

[ 2017-09-11T15:07:39+08:00 ] 127.0.0.1 /office/index.php/Home/Teacher/authDepart.html?type=rules_data
INFO: [ app_begin ] --START--
INFO: Run Behavior\ReadHtmlCacheBehavior [ RunTime:0.000018s ]
INFO: [ app_begin ] --END-- [ RunTime:0.000049s ]
SQL: SHOW COLUMNS FROM `xs_auth_group_access` [ RunTime:0.0009s ]
SQL: SELECT `uid`,`group_id`,`title`,`rules` FROM xs_auth_group_access a INNER JOIN xs_auth_group g on a.group_id=g.id  WHERE ( a.uid='' and g.status='1' )  [ RunTime:0.0004s ]
SQL: SHOW COLUMNS FROM `xs_auth_rule` [ RunTime:0.0010s ]
SQL: SELECT * FROM `xs_auth_rule`  [ RunTime:0.0010s ]

[ 2017-09-11T15:08:03+08:00 ] 127.0.0.1 /office/index.php/Home/Teacher/auth.html?type=group_data
INFO: [ app_begin ] --START--
INFO: Run Behavior\ReadHtmlCacheBehavior [ RunTime:0.000017s ]
INFO: [ app_begin ] --END-- [ RunTime:0.000046s ]
SQL: SHOW COLUMNS FROM `xs_auth_group_access` [ RunTime:0.0005s ]
SQL: SELECT `uid`,`group_id`,`title`,`rules` FROM xs_auth_group_access a INNER JOIN xs_auth_group g on a.group_id=g.id  WHERE ( a.uid='' and g.status='1' )  [ RunTime:0.0003s ]
SQL: SHOW COLUMNS FROM `xs_auth_group` [ RunTime:0.0004s ]
SQL: SELECT * FROM `xs_auth_group`  [ RunTime:0.0002s ]
SQL: SHOW COLUMNS FROM `xs_auth_rule` [ RunTime:0.0004s ]
SQL: SELECT `title` FROM `xs_auth_rule` WHERE ( id in(1,2,3,6,7,8,9) )  [ RunTime:0.0003s ]
SQL: SELECT `title` FROM `xs_auth_rule` WHERE ( id in(1,2,3,4,6,7,8,9) )  [ RunTime:0.0010s ]
SQL: SELECT `title` FROM `xs_auth_rule` WHERE ( id in(1,2,3,4,5,6,7,8,9) )  [ RunTime:0.0003s ]
SQL: SELECT `title` FROM `xs_auth_rule` WHERE ( id in(1,2,3,4,6,7,8,9) )  [ RunTime:0.0003s ]
SQL: SELECT `title` FROM `xs_auth_rule` WHERE ( id in(1,2,3,4,6,7,8,9) )  [ RunTime:0.0005s ]

[ 2017-09-11T15:08:31+08:00 ] 127.0.0.1 /office/index.php/Home/Teacher/authDepart.html?type=depart_data
INFO: [ app_begin ] --START--
INFO: Run Behavior\ReadHtmlCacheBehavior [ RunTime:0.000043s ]
INFO: [ app_begin ] --END-- [ RunTime:0.000112s ]
SQL: SHOW COLUMNS FROM `xs_auth_group_access` [ RunTime:0.0007s ]
SQL: SELECT `uid`,`group_id`,`title`,`rules` FROM xs_auth_group_access a INNER JOIN xs_auth_group g on a.group_id=g.id  WHERE ( a.uid='' and g.status='1' )  [ RunTime:0.0004s ]
SQL: SHOW COLUMNS FROM `xs_teacher_department` [ RunTime:0.0004s ]
SQL: SELECT * FROM `xs_teacher_department`  [ RunTime:0.0002s ]

[ 2017-09-11T15:08:31+08:00 ] 127.0.0.1 /office/index.php/Home/Teacher/authDepart.html?type=rules_data
INFO: [ app_begin ] --START--
INFO: Run Behavior\ReadHtmlCacheBehavior [ RunTime:0.000015s ]
INFO: [ app_begin ] --END-- [ RunTime:0.000044s ]
SQL: SHOW COLUMNS FROM `xs_auth_group_access` [ RunTime:0.0005s ]
SQL: SELECT `uid`,`group_id`,`title`,`rules` FROM xs_auth_group_access a INNER JOIN xs_auth_group g on a.group_id=g.id  WHERE ( a.uid='' and g.status='1' )  [ RunTime:0.0003s ]
SQL: SHOW COLUMNS FROM `xs_auth_rule` [ RunTime:0.0004s ]
SQL: SELECT * FROM `xs_auth_rule`  [ RunTime:0.0002s ]

[ 2017-09-11T15:11:42+08:00 ] 127.0.0.1 /office/index.php/Home/Teacher/auth.html?type=group_data
INFO: [ app_begin ] --START--
INFO: Run Behavior\ReadHtmlCacheBehavior [ RunTime:0.000018s ]
INFO: [ app_begin ] --END-- [ RunTime:0.000050s ]
SQL: SHOW COLUMNS FROM `xs_auth_group_access` [ RunTime:0.0004s ]
SQL: SELECT `uid`,`group_id`,`title`,`rules` FROM xs_auth_group_access a INNER JOIN xs_auth_group g on a.group_id=g.id  WHERE ( a.uid='' and g.status='1' )  [ RunTime:0.0003s ]
SQL: SHOW COLUMNS FROM `xs_auth_group` [ RunTime:0.0004s ]
SQL: SELECT * FROM `xs_auth_group`  [ RunTime:0.0002s ]
SQL: SHOW COLUMNS FROM `xs_auth_rule` [ RunTime:0.0004s ]
SQL: SELECT `title` FROM `xs_auth_rule` WHERE ( id in(1,2,3,6,7,8,9) )  [ RunTime:0.0004s ]
SQL: SELECT `title` FROM `xs_auth_rule` WHERE ( id in(1,2,3,4,6,7,8,9) )  [ RunTime:0.0002s ]
SQL: SELECT `title` FROM `xs_auth_rule` WHERE ( id in(1,2,3,4,5,6,7,8,9) )  [ RunTime:0.0001s ]
SQL: SELECT `title` FROM `xs_auth_rule` WHERE ( id in(1,2,3,4,6,7,8,9) )  [ RunTime:0.0001s ]
SQL: SELECT `title` FROM `xs_auth_rule` WHERE ( id in(1,2,3,4,6,7,8,9) )  [ RunTime:0.0001s ]

[ 2017-09-11T15:11:53+08:00 ] 127.0.0.1 /office/index.php/Home/Declare/info.html?type=data
INFO: [ app_begin ] --START--
INFO: Run Behavior\ReadHtmlCacheBehavior [ RunTime:0.000016s ]
INFO: [ app_begin ] --END-- [ RunTime:0.000042s ]
SQL: SHOW COLUMNS FROM `xs_auth_group_access` [ RunTime:0.0004s ]
SQL: SELECT `uid`,`group_id`,`title`,`rules` FROM xs_auth_group_access a INNER JOIN xs_auth_group g on a.group_id=g.id  WHERE ( a.uid='' and g.status='1' )  [ RunTime:0.0003s ]
SQL: SHOW COLUMNS FROM `xs_declare` [ RunTime:0.0131s ]
SQL: SELECT xs_declare.id,xs_declare.teacher_id,xs_declare.declare_title,xs_declare.add_time,xs_declare.declare_attachment,xs_teacher.teacher_name,xs_teacher.teacher_name,xs_declare_progress.declare_state FROM `xs_declare` INNER JOIN xs_teacher  on xs_teacher.teacher_id = xs_declare.teacher_id INNER JOIN xs_declare_progress on  xs_declare_progress.declare_id=xs_declare.id  ORDER BY xs_declare.add_time desc  [ RunTime:0.0347s ]

[ 2017-09-11T15:12:04+08:00 ] 127.0.0.1 /office/index.php/Home/Teacher/index.html?type=data
INFO: [ app_begin ] --START--
INFO: Run Behavior\ReadHtmlCacheBehavior [ RunTime:0.000031s ]
INFO: [ app_begin ] --END-- [ RunTime:0.000077s ]
SQL: SHOW COLUMNS FROM `xs_auth_group_access` [ RunTime:0.0005s ]
SQL: SELECT `uid`,`group_id`,`title`,`rules` FROM xs_auth_group_access a INNER JOIN xs_auth_group g on a.group_id=g.id  WHERE ( a.uid='' and g.status='1' )  [ RunTime:0.0005s ]
SQL: SHOW COLUMNS FROM `xs_teacher` [ RunTime:0.0005s ]
SQL: SELECT * FROM `xs_teacher` INNER JOIN xs_teacher_department d on xs_teacher.teacher_department=d.department_id    [ RunTime:0.0004s ]

[ 2017-09-11T15:16:26+08:00 ] 127.0.0.1 /office/index.php/Home/Teacher/auth.html?type=group_data
INFO: [ app_begin ] --START--
INFO: Run Behavior\ReadHtmlCacheBehavior [ RunTime:0.000015s ]
INFO: [ app_begin ] --END-- [ RunTime:0.000041s ]
SQL: SHOW COLUMNS FROM `xs_auth_group_access` [ RunTime:0.0006s ]
SQL: SELECT `uid`,`group_id`,`title`,`rules` FROM xs_auth_group_access a INNER JOIN xs_auth_group g on a.group_id=g.id  WHERE ( a.uid='' and g.status='1' )  [ RunTime:0.0004s ]
SQL: SHOW COLUMNS FROM `xs_auth_group` [ RunTime:0.0004s ]
SQL: SELECT * FROM `xs_auth_group`  [ RunTime:0.0002s ]
SQL: SHOW COLUMNS FROM `xs_auth_rule` [ RunTime:0.0007s ]
SQL: SELECT `title` FROM `xs_auth_rule` WHERE ( id in(1,2,3,6,7,8,9) )  [ RunTime:0.0003s ]
SQL: SELECT `title` FROM `xs_auth_rule` WHERE ( id in(1,2,3,4,6,7,8,9) )  [ RunTime:0.0001s ]
SQL: SELECT `title` FROM `xs_auth_rule` WHERE ( id in(1,2,3,4,5,6,7,8,9) )  [ RunTime:0.0002s ]
SQL: SELECT `title` FROM `xs_auth_rule` WHERE ( id in(1,2,3,4,6,7,8,9) )  [ RunTime:0.0002s ]
SQL: SELECT `title` FROM `xs_auth_rule` WHERE ( id in(1,2,3,4,6,7,8,9) )  [ RunTime:0.0002s ]

[ 2017-09-11T15:38:11+08:00 ] 127.0.0.1 /office/index.php/Home/Teacher/auth.html?type=group_data
INFO: [ app_begin ] --START--
INFO: Run Behavior\ReadHtmlCacheBehavior [ RunTime:0.000112s ]
INFO: [ app_begin ] --END-- [ RunTime:0.000349s ]
SQL: SHOW COLUMNS FROM `xs_auth_group_access` [ RunTime:0.0007s ]
SQL: SELECT `uid`,`group_id`,`title`,`rules` FROM xs_auth_group_access a INNER JOIN xs_auth_group g on a.group_id=g.id  WHERE ( a.uid='' and g.status='1' )  [ RunTime:0.0004s ]
SQL: SHOW COLUMNS FROM `xs_auth_group` [ RunTime:0.0005s ]
SQL: SELECT * FROM `xs_auth_group`  [ RunTime:0.0122s ]
SQL: SHOW COLUMNS FROM `xs_auth_rule` [ RunTime:0.0011s ]
SQL: SELECT `title` FROM `xs_auth_rule` WHERE ( id in(1,2,3,6,7,8,9) )  [ RunTime:0.0010s ]
SQL: SELECT `title` FROM `xs_auth_rule` WHERE ( id in(1,2,3,4,6,7,8,9) )  [ RunTime:0.0021s ]
SQL: SELECT `title` FROM `xs_auth_rule` WHERE ( id in(1,2,3,4,5,6,7,8,9) )  [ RunTime:0.0002s ]
SQL: SELECT `title` FROM `xs_auth_rule` WHERE ( id in(1,2,3,4,6,7,8,9) )  [ RunTime:0.0002s ]
SQL: SELECT `title` FROM `xs_auth_rule` WHERE ( id in(1,2,3,4,6,7,8,9) )  [ RunTime:0.0002s ]

