[ 2017-08-29T09:22:35+08:00 ] 127.0.0.1 /office/index.php/Home/of
ERR: 无法加载控制器:Of

[ 2017-08-29T09:23:54+08:00 ] 127.0.0.1 /office/index.php/Home/Declare/info.html?type=data
INFO: [ app_begin ] --START--
INFO: Run Behavior\ReadHtmlCacheBehavior [ RunTime:0.000015s ]
INFO: [ app_begin ] --END-- [ RunTime:0.000041s ]
SQL: SHOW COLUMNS FROM `xs_declare` [ RunTime:0.0005s ]
SQL: SELECT * FROM `xs_declare` WHERE ( declare_schedule >= 1 )  [ RunTime:0.0003s ]

[ 2017-08-29T09:42:49+08:00 ] 127.0.0.1 /office/index.php/Home/Declare/info.html?type=data
INFO: [ app_begin ] --START--
INFO: Run Behavior\ReadHtmlCacheBehavior [ RunTime:0.000014s ]
INFO: [ app_begin ] --END-- [ RunTime:0.000040s ]
SQL: SHOW COLUMNS FROM `xs_declare` [ RunTime:0.0005s ]
SQL: SELECT * FROM `xs_declare` WHERE ( declare_schedule >= 1 )  [ RunTime:0.0004s ]

[ 2017-08-29T09:42:56+08:00 ] 127.0.0.1 /office/index.php/Home/Declare/info.html?type=check
INFO: [ app_begin ] --START--
INFO: Run Behavior\ReadHtmlCacheBehavior [ RunTime:0.000019s ]
INFO: [ app_begin ] --END-- [ RunTime:0.000051s ]
SQL: SHOW COLUMNS FROM `xs_declare` [ RunTime:0.0009s ]
SQL: UPDATE `xs_declare` SET `declare_schedule`='2' WHERE ( id =1 ) [ RunTime:0.0455s ]
SQL: SHOW COLUMNS FROM `xs_declare_progress` [ RunTime:0.0010s ]
SQL: UPDATE `xs_declare_progress` SET `declare_state`='2',`second_check`='1111',`second_time`='1503970976' WHERE ( declare_id =1 ) [ RunTime:0.0320s ]
INFO: [ app_end ] --START--
INFO: Run Behavior\ShowPageTraceBehavior [ RunTime:0.000077s ]
INFO: [ app_end ] --END-- [ RunTime:0.000097s ]

[ 2017-08-29T09:43:03+08:00 ] 127.0.0.1 /office/index.php/Home/Declare/info.html?type=data
INFO: [ app_begin ] --START--
INFO: Run Behavior\ReadHtmlCacheBehavior [ RunTime:0.000014s ]
INFO: [ app_begin ] --END-- [ RunTime:0.000040s ]
SQL: SHOW COLUMNS FROM `xs_declare` [ RunTime:0.0006s ]
SQL: SELECT * FROM `xs_declare` WHERE ( declare_schedule >= 1 )  [ RunTime:0.0006s ]

[ 2017-08-29T09:44:00+08:00 ] 127.0.0.1 /office/index.php/Home/Declare/info.html?type=data
INFO: [ app_begin ] --START--
INFO: Run Behavior\ReadHtmlCacheBehavior [ RunTime:0.000028s ]
INFO: [ app_begin ] --END-- [ RunTime:0.000074s ]
SQL: SHOW COLUMNS FROM `xs_declare` [ RunTime:0.0017s ]
SQL: SELECT * FROM `xs_declare` WHERE ( declare_schedule >= 1 )  [ RunTime:0.0004s ]

[ 2017-08-29T09:50:17+08:00 ] 127.0.0.1 /office/index.php/Home/Declare/info.html?type=data
INFO: [ app_begin ] --START--
INFO: Run Behavior\ReadHtmlCacheBehavior [ RunTime:0.000015s ]
INFO: [ app_begin ] --END-- [ RunTime:0.000040s ]
SQL: SHOW COLUMNS FROM `xs_declare` [ RunTime:0.0006s ]
SQL: SELECT * FROM `xs_declare` WHERE ( declare_schedule >= 1 )  [ RunTime:0.0003s ]

[ 2017-08-29T09:50:22+08:00 ] 127.0.0.1 /office/index.php/Home/Declare/info.html?type=check
INFO: [ app_begin ] --START--
INFO: Run Behavior\ReadHtmlCacheBehavior [ RunTime:0.000020s ]
INFO: [ app_begin ] --END-- [ RunTime:0.000054s ]
SQL: SHOW COLUMNS FROM `xs_declare` [ RunTime:0.0006s ]
SQL: UPDATE `xs_declare` SET `declare_schedule`='2' WHERE ( id =2 ) [ RunTime:0.0265s ]
SQL: SHOW COLUMNS FROM `xs_declare_progress` [ RunTime:0.0006s ]
SQL: UPDATE `xs_declare_progress` SET `declare_state`='2',`second_check`='1111',`second_time`='1503971422' WHERE ( declare_id =2 ) [ RunTime:0.0250s ]
INFO: [ app_end ] --START--
INFO: Run Behavior\ShowPageTraceBehavior [ RunTime:0.000338s ]
INFO: [ app_end ] --END-- [ RunTime:0.000368s ]

[ 2017-08-29T09:53:30+08:00 ] 127.0.0.1 /office/index.php/Home/Declare/info.html?type=data
INFO: [ app_begin ] --START--
INFO: Run Behavior\ReadHtmlCacheBehavior [ RunTime:0.000033s ]
INFO: [ app_begin ] --END-- [ RunTime:0.000086s ]
SQL: SHOW COLUMNS FROM `xs_declare` [ RunTime:0.0010s ]
SQL: SELECT * FROM `xs_declare` WHERE ( declare_schedule >= 1 )  [ RunTime:0.0004s ]

[ 2017-08-29T09:53:42+08:00 ] 127.0.0.1 /office/index.php/Home/Declare/info.html?type=check
INFO: [ app_begin ] --START--
INFO: Run Behavior\ReadHtmlCacheBehavior [ RunTime:0.000019s ]
INFO: [ app_begin ] --END-- [ RunTime:0.000051s ]
SQL: SHOW COLUMNS FROM `xs_declare` [ RunTime:0.0009s ]
SQL: UPDATE `xs_declare` SET `declare_schedule`='2' WHERE ( id =1 ) [ RunTime:0.0247s ]
SQL: SHOW COLUMNS FROM `xs_declare_progress` [ RunTime:0.0007s ]
SQL: UPDATE `xs_declare_progress` SET `declare_state`='2',`second_check`='1111',`second_time`='1503971622' WHERE ( declare_id =1 ) [ RunTime:0.0242s ]
INFO: [ app_end ] --START--
INFO: Run Behavior\ShowPageTraceBehavior [ RunTime:0.000083s ]
INFO: [ app_end ] --END-- [ RunTime:0.000103s ]

[ 2017-08-29T10:05:25+08:00 ] 127.0.0.1 /office/index.php/Home/Declare/info.html?type=data
INFO: [ app_begin ] --START--
INFO: Run Behavior\ReadHtmlCacheBehavior [ RunTime:0.000023s ]
INFO: [ app_begin ] --END-- [ RunTime:0.000059s ]
SQL: SHOW COLUMNS FROM `xs_declare` [ RunTime:0.0047s ]
SQL: SELECT * FROM `xs_declare` WHERE ( declare_schedule >= 1 )  [ RunTime:0.0004s ]

[ 2017-08-29T10:06:37+08:00 ] 127.0.0.1 /office/index.php/Home/Declare/info.html?type=data
INFO: [ app_begin ] --START--
INFO: Run Behavior\ReadHtmlCacheBehavior [ RunTime:0.000015s ]
INFO: [ app_begin ] --END-- [ RunTime:0.000042s ]
SQL: SHOW COLUMNS FROM `xs_declare` [ RunTime:0.0006s ]
SQL: SELECT * FROM `xs_declare` WHERE ( declare_schedule >= 1 )  [ RunTime:0.0003s ]

[ 2017-08-29T10:06:42+08:00 ] 127.0.0.1 /office/index.php/Home/Declare/info.html?type=check
INFO: [ app_begin ] --START--
INFO: Run Behavior\ReadHtmlCacheBehavior [ RunTime:0.000016s ]
INFO: [ app_begin ] --END-- [ RunTime:0.000045s ]
SQL: SHOW COLUMNS FROM `xs_declare` [ RunTime:0.0005s ]
SQL: UPDATE `xs_declare` SET `declare_schedule`='2' WHERE ( id =2 ) [ RunTime:0.0418s ]
SQL: SHOW COLUMNS FROM `xs_declare_progress` [ RunTime:0.0007s ]
SQL: UPDATE `xs_declare_progress` SET `declare_state`='2',`second_check`='1111',`second_time`='1503972402' WHERE ( declare_id =2 ) [ RunTime:0.0238s ]

[ 2017-08-29T10:09:50+08:00 ] 127.0.0.1 /office/index.php/Home/Declare/info.html?type=data
INFO: [ app_begin ] --START--
INFO: Run Behavior\ReadHtmlCacheBehavior [ RunTime:0.000015s ]
INFO: [ app_begin ] --END-- [ RunTime:0.000041s ]
SQL: SHOW COLUMNS FROM `xs_declare` [ RunTime:0.0005s ]
SQL: SELECT * FROM `xs_declare` WHERE ( declare_schedule >= 1 )  [ RunTime:0.0003s ]

[ 2017-08-29T10:09:55+08:00 ] 127.0.0.1 /office/index.php/Home/Declare/info.html?type=check
INFO: [ app_begin ] --START--
INFO: Run Behavior\ReadHtmlCacheBehavior [ RunTime:0.000017s ]
INFO: [ app_begin ] --END-- [ RunTime:0.000048s ]
SQL: SHOW COLUMNS FROM `xs_declare` [ RunTime:0.0005s ]
SQL: UPDATE `xs_declare` SET `declare_schedule`='2' WHERE ( id =2 ) [ RunTime:0.0596s ]
SQL: SHOW COLUMNS FROM `xs_declare_progress` [ RunTime:0.0021s ]
SQL: UPDATE `xs_declare_progress` SET `declare_state`='2',`second_check`='1111',`second_time`='1503972595' WHERE ( declare_id =2 ) [ RunTime:0.0219s ]

[ 2017-08-29T10:11:53+08:00 ] 127.0.0.1 /office/index.php/Home/Declare/info.html?type=data
INFO: [ app_begin ] --START--
INFO: Run Behavior\ReadHtmlCacheBehavior [ RunTime:0.000015s ]
INFO: [ app_begin ] --END-- [ RunTime:0.000041s ]
SQL: SHOW COLUMNS FROM `xs_declare` [ RunTime:0.0008s ]
SQL: SELECT * FROM `xs_declare` WHERE ( declare_schedule >= 1 )  [ RunTime:0.0003s ]

[ 2017-08-29T10:11:57+08:00 ] 127.0.0.1 /office/index.php/Home/Declare/info.html?type=check
INFO: [ app_begin ] --START--
INFO: Run Behavior\ReadHtmlCacheBehavior [ RunTime:0.000018s ]
INFO: [ app_begin ] --END-- [ RunTime:0.000049s ]
SQL: SHOW COLUMNS FROM `xs_declare` [ RunTime:0.0007s ]
SQL: UPDATE `xs_declare` SET `declare_schedule`='2' WHERE ( id =1 ) [ RunTime:0.0272s ]
SQL: SHOW COLUMNS FROM `xs_declare_progress` [ RunTime:0.0017s ]
SQL: UPDATE `xs_declare_progress` SET `declare_state`='2',`second_check`='1111',`second_time`='1503972717' WHERE ( declare_id =1 ) [ RunTime:0.0222s ]

[ 2017-08-29T10:18:07+08:00 ] 127.0.0.1 /office/index.php/Home/Declare/info.html?type=data
INFO: [ app_begin ] --START--
INFO: Run Behavior\ReadHtmlCacheBehavior [ RunTime:0.000016s ]
INFO: [ app_begin ] --END-- [ RunTime:0.000045s ]
SQL: SHOW COLUMNS FROM `xs_declare` [ RunTime:0.0006s ]
SQL: SELECT * FROM `xs_declare` WHERE ( declare_schedule >= 1 )  [ RunTime:0.0012s ]

[ 2017-08-29T10:18:16+08:00 ] 127.0.0.1 /office/index.php/Home/Declare/info.html?type=data
INFO: [ app_begin ] --START--
INFO: Run Behavior\ReadHtmlCacheBehavior [ RunTime:0.000017s ]
INFO: [ app_begin ] --END-- [ RunTime:0.000045s ]
SQL: SHOW COLUMNS FROM `xs_declare` [ RunTime:0.0009s ]
SQL: SELECT * FROM `xs_declare` WHERE ( declare_schedule >= 1 )  [ RunTime:0.0007s ]

[ 2017-08-29T10:18:21+08:00 ] 127.0.0.1 /office/index.php/Home/Declare/info.html?type=check
INFO: [ app_begin ] --START--
INFO: Run Behavior\ReadHtmlCacheBehavior [ RunTime:0.000017s ]
INFO: [ app_begin ] --END-- [ RunTime:0.000047s ]
SQL: SHOW COLUMNS FROM `xs_declare` [ RunTime:0.0006s ]
SQL: UPDATE `xs_declare` SET `declare_schedule`='2' WHERE ( id =2 ) [ RunTime:0.0359s ]
SQL: SHOW COLUMNS FROM `xs_declare_progress` [ RunTime:0.0009s ]

[ 2017-08-29T10:21:15+08:00 ] 127.0.0.1 /office/index.php/Home/Declare/info.html?type=data
INFO: [ app_begin ] --START--
INFO: Run Behavior\ReadHtmlCacheBehavior [ RunTime:0.000015s ]
INFO: [ app_begin ] --END-- [ RunTime:0.000040s ]
SQL: SHOW COLUMNS FROM `xs_declare` [ RunTime:0.0006s ]
SQL: SELECT * FROM `xs_declare` WHERE ( declare_schedule >= 1 )  [ RunTime:0.0025s ]

[ 2017-08-29T10:21:21+08:00 ] 127.0.0.1 /office/index.php/Home/Declare/info.html?type=check
INFO: [ app_begin ] --START--
INFO: Run Behavior\ReadHtmlCacheBehavior [ RunTime:0.000039s ]
INFO: [ app_begin ] --END-- [ RunTime:0.000118s ]
SQL: SHOW COLUMNS FROM `xs_declare` [ RunTime:0.0007s ]
SQL: UPDATE `xs_declare` SET `declare_schedule`='2',`declare_register_id`='110' WHERE ( id =1 ) [ RunTime:0.0889s ]
SQL: SHOW COLUMNS FROM `xs_declare_progress` [ RunTime:0.0012s ]
SQL: UPDATE `xs_declare_progress` SET `declare_state`='2',`second_check`='1111',`second_time`='1503973281' WHERE ( declare_id =1 ) [ RunTime:0.0235s ]

[ 2017-08-29T10:28:33+08:00 ] 127.0.0.1 /office/index.php/Home/Declare/info.html?type=data
INFO: [ app_begin ] --START--
INFO: Run Behavior\ReadHtmlCacheBehavior [ RunTime:0.000018s ]
INFO: [ app_begin ] --END-- [ RunTime:0.000048s ]
SQL: SHOW COLUMNS FROM `xs_declare` [ RunTime:0.0012s ]
SQL: SELECT * FROM `xs_declare` WHERE ( declare_schedule >= 1 )  [ RunTime:0.0014s ]

[ 2017-08-29T10:35:28+08:00 ] 127.0.0.1 /office/index.php/Home/Declare/info.html?type=check
INFO: [ app_begin ] --START--
INFO: Run Behavior\ReadHtmlCacheBehavior [ RunTime:0.000025s ]
INFO: [ app_begin ] --END-- [ RunTime:0.000061s ]
SQL: SHOW COLUMNS FROM `xs_declare` [ RunTime:0.0006s ]
SQL: UPDATE `xs_declare` SET `declare_schedule`='2',`declare_register_id`='6953' WHERE ( id =2 ) [ RunTime:0.0536s ]
SQL: SHOW COLUMNS FROM `xs_declare_progress` [ RunTime:0.0007s ]
SQL: UPDATE `xs_declare_progress` SET `declare_state`='2',`second_check`='1111',`second_time`='1503974128' WHERE ( declare_id =2 ) [ RunTime:0.0324s ]

[ 2017-08-29T11:03:30+08:00 ] 127.0.0.1 /office/index.php/Home/Declare/info.html?type=data
INFO: [ app_begin ] --START--
INFO: Run Behavior\ReadHtmlCacheBehavior [ RunTime:0.000015s ]
INFO: [ app_begin ] --END-- [ RunTime:0.000041s ]
SQL: SHOW COLUMNS FROM `xs_declare` [ RunTime:0.0006s ]
SQL: SELECT * FROM `xs_declare` WHERE ( declare_schedule >= 1 )  [ RunTime:0.0003s ]

[ 2017-08-29T11:06:47+08:00 ] 127.0.0.1 /office/index.php/Home/Declare/info.html?type=data
INFO: [ app_begin ] --START--
INFO: Run Behavior\ReadHtmlCacheBehavior [ RunTime:0.000034s ]
INFO: [ app_begin ] --END-- [ RunTime:0.000095s ]
SQL: SHOW COLUMNS FROM `xs_declare` [ RunTime:0.0007s ]
SQL: SELECT * FROM `xs_declare` WHERE ( declare_schedule >= 1 )  [ RunTime:0.0003s ]

[ 2017-08-29T11:11:49+08:00 ] 127.0.0.1 /office/index.php/Home/Declare/info.html?type=data
INFO: [ app_begin ] --START--
INFO: Run Behavior\ReadHtmlCacheBehavior [ RunTime:0.000016s ]
INFO: [ app_begin ] --END-- [ RunTime:0.000042s ]
SQL: SHOW COLUMNS FROM `xs_declare` [ RunTime:0.0010s ]
SQL: SELECT * FROM `xs_declare` WHERE ( declare_schedule >= 1 )  [ RunTime:0.0007s ]

[ 2017-08-29T11:11:56+08:00 ] 127.0.0.1 /office/index.php/Home/Declare/info.html?type=check
INFO: [ app_begin ] --START--
INFO: Run Behavior\ReadHtmlCacheBehavior [ RunTime:0.000020s ]
INFO: [ app_begin ] --END-- [ RunTime:0.000056s ]
SQL: SHOW COLUMNS FROM `xs_declare` [ RunTime:0.0011s ]
SQL: UPDATE `xs_declare` SET `declare_schedule`='2',`declare_register_id`='110' WHERE ( id =1 ) [ RunTime:0.0415s ]
SQL: SHOW COLUMNS FROM `xs_declare_progress` [ RunTime:0.0008s ]
SQL: UPDATE `xs_declare_progress` SET `declare_state`='2',`second_check`='1111',`second_time`='1503976316' WHERE ( declare_id =1 ) [ RunTime:0.0240s ]
INFO: [ app_end ] --START--
INFO: Run Behavior\ShowPageTraceBehavior [ RunTime:0.000078s ]
INFO: [ app_end ] --END-- [ RunTime:0.000098s ]

[ 2017-08-29T11:12:48+08:00 ] 127.0.0.1 /office/index.php/Home/Declare/info.html?type=data
INFO: [ app_begin ] --START--
INFO: Run Behavior\ReadHtmlCacheBehavior [ RunTime:0.000016s ]
INFO: [ app_begin ] --END-- [ RunTime:0.000044s ]
SQL: SHOW COLUMNS FROM `xs_declare` [ RunTime:0.0005s ]
SQL: SELECT * FROM `xs_declare` WHERE ( declare_schedule >= 1 )  [ RunTime:0.0003s ]

[ 2017-08-29T11:12:56+08:00 ] 127.0.0.1 /office/index.php/Home/Declare/info.html?type=check
INFO: [ app_begin ] --START--
INFO: Run Behavior\ReadHtmlCacheBehavior [ RunTime:0.000028s ]
INFO: [ app_begin ] --END-- [ RunTime:0.000077s ]
SQL: SHOW COLUMNS FROM `xs_declare` [ RunTime:0.0017s ]
SQL: UPDATE `xs_declare` SET `declare_schedule`='2',`declare_register_id`='119' WHERE ( id =2 ) [ RunTime:0.0366s ]
SQL: SHOW COLUMNS FROM `xs_declare_progress` [ RunTime:0.0006s ]
SQL: UPDATE `xs_declare_progress` SET `declare_state`='2',`second_check`='1111',`second_time`='1503976376' WHERE ( declare_id =2 ) [ RunTime:0.0328s ]

[ 2017-08-29T11:12:56+08:00 ] 127.0.0.1 /office/index.php/Home/Declare/info.html?type=data
INFO: [ app_begin ] --START--
INFO: Run Behavior\ReadHtmlCacheBehavior [ RunTime:0.000023s ]
INFO: [ app_begin ] --END-- [ RunTime:0.000069s ]
SQL: SHOW COLUMNS FROM `xs_declare` [ RunTime:0.0009s ]
SQL: SELECT * FROM `xs_declare` WHERE ( declare_schedule >= 1 )  [ RunTime:0.0003s ]

[ 2017-08-29T11:13:11+08:00 ] 127.0.0.1 /office/index.php/Home/Declare/info.html?type=data
INFO: [ app_begin ] --START--
INFO: Run Behavior\ReadHtmlCacheBehavior [ RunTime:0.000029s ]
INFO: [ app_begin ] --END-- [ RunTime:0.000088s ]
SQL: SHOW COLUMNS FROM `xs_declare` [ RunTime:0.0005s ]
SQL: SELECT * FROM `xs_declare` WHERE ( declare_schedule >= 1 )  [ RunTime:0.0003s ]

[ 2017-08-29T11:14:20+08:00 ] 127.0.0.1 /office/index.php/Home/Declare/info.html?type=data
INFO: [ app_begin ] --START--
INFO: Run Behavior\ReadHtmlCacheBehavior [ RunTime:0.000027s ]
INFO: [ app_begin ] --END-- [ RunTime:0.000070s ]
NOTIC: [8] Undefined variable: rs /var/www/html/office/Home/Controller/DeclareController.class.php 第 77 行.

[ 2017-08-29T11:29:49+08:00 ] 127.0.0.1 /office/index.php/Home/Declare/info.html?type=data
INFO: [ app_begin ] --START--
INFO: Run Behavior\ReadHtmlCacheBehavior [ RunTime:0.000016s ]
INFO: [ app_begin ] --END-- [ RunTime:0.000043s ]
SQL: SHOW COLUMNS FROM `xs_declare` [ RunTime:0.0015s ]
SQL: SELECT * FROM `xs_declare` WHERE ( declare_schedule >= 2 )  [ RunTime:0.0004s ]

[ 2017-08-29T11:29:52+08:00 ] 127.0.0.1 /office/index.php/Home/Declare/info.html?type=check
INFO: [ app_begin ] --START--
INFO: Run Behavior\ReadHtmlCacheBehavior [ RunTime:0.000015s ]
INFO: [ app_begin ] --END-- [ RunTime:0.000045s ]
SQL: SHOW COLUMNS FROM `xs_declare` [ RunTime:0.0006s ]
SQL: UPDATE `xs_declare` SET `declare_schedule`='3' WHERE ( id =1 ) [ RunTime:0.0530s ]
SQL: SHOW COLUMNS FROM `xs_declare_progress` [ RunTime:0.0015s ]
SQL: UPDATE `xs_declare_progress` SET `declare_state`='3',`third_check`='1112',`third_time`='1503977392' WHERE ( declare_id =1 ) [ RunTime:0.0234s ]

[ 2017-08-29T11:29:52+08:00 ] 127.0.0.1 /office/index.php/Home/Declare/info.html?type=data
INFO: [ app_begin ] --START--
INFO: Run Behavior\ReadHtmlCacheBehavior [ RunTime:0.000015s ]
INFO: [ app_begin ] --END-- [ RunTime:0.000042s ]
SQL: SHOW COLUMNS FROM `xs_declare` [ RunTime:0.0005s ]
SQL: SELECT * FROM `xs_declare` WHERE ( declare_schedule >= 2 )  [ RunTime:0.0005s ]

[ 2017-08-29T11:30:32+08:00 ] 127.0.0.1 /office/index.php/Home/Declare/info.html?type=fail
INFO: [ app_begin ] --START--
INFO: Run Behavior\ReadHtmlCacheBehavior [ RunTime:0.000034s ]
INFO: [ app_begin ] --END-- [ RunTime:0.000099s ]
SQL: SHOW COLUMNS FROM `xs_declare` [ RunTime:0.0019s ]
SQL: UPDATE `xs_declare` SET `declare_schedule`='-1' WHERE ( id = 2 ) [ RunTime:0.0274s ]
SQL: SHOW COLUMNS FROM `xs_declare_progress` [ RunTime:0.0014s ]
SQL: UPDATE `xs_declare_progress` SET `declare_state`='-1',`declare_fail_reason`='1112-1503977432-不规范' WHERE ( declare_id = 2 ) [ RunTime:0.0227s ]

[ 2017-08-29T11:30:32+08:00 ] 127.0.0.1 /office/index.php/Home/Declare/info.html?type=data
INFO: [ app_begin ] --START--
INFO: Run Behavior\ReadHtmlCacheBehavior [ RunTime:0.000035s ]
INFO: [ app_begin ] --END-- [ RunTime:0.000095s ]
SQL: SHOW COLUMNS FROM `xs_declare` [ RunTime:0.0006s ]
SQL: SELECT * FROM `xs_declare` WHERE ( declare_schedule >= 2 )  [ RunTime:0.0003s ]

[ 2017-08-29T11:34:47+08:00 ] 127.0.0.1 /office/index.php/Home/Declare/info.html?type=data
INFO: [ app_begin ] --START--
INFO: Run Behavior\ReadHtmlCacheBehavior [ RunTime:0.000015s ]
INFO: [ app_begin ] --END-- [ RunTime:0.000039s ]
SQL: SHOW COLUMNS FROM `xs_declare` [ RunTime:0.0006s ]
SQL: SELECT * FROM `xs_declare` WHERE ( declare_schedule >= 3 )  [ RunTime:0.0004s ]

[ 2017-08-29T11:34:53+08:00 ] 127.0.0.1 /office/index.php/Home/Declare/info.html?type=check
INFO: [ app_begin ] --START--
INFO: Run Behavior\ReadHtmlCacheBehavior [ RunTime:0.000019s ]
INFO: [ app_begin ] --END-- [ RunTime:0.000049s ]
SQL: SHOW COLUMNS FROM `xs_declare` [ RunTime:0.0005s ]
SQL: UPDATE `xs_declare` SET `declare_schedule`='4' WHERE ( id =1 ) [ RunTime:0.0605s ]
SQL: SHOW COLUMNS FROM `xs_declare_progress` [ RunTime:0.0015s ]
SQL: UPDATE `xs_declare_progress` SET `declare_state`='4',`fourth_check`='1113',`fourth_time`='1503977693' WHERE ( declare_id =1 ) [ RunTime:0.0435s ]

[ 2017-08-29T11:34:53+08:00 ] 127.0.0.1 /office/index.php/Home/Declare/info.html?type=data
INFO: [ app_begin ] --START--
INFO: Run Behavior\ReadHtmlCacheBehavior [ RunTime:0.000037s ]
INFO: [ app_begin ] --END-- [ RunTime:0.000093s ]
SQL: SHOW COLUMNS FROM `xs_declare` [ RunTime:0.0007s ]
SQL: SELECT * FROM `xs_declare` WHERE ( declare_schedule >= 3 )  [ RunTime:0.0003s ]

[ 2017-08-29T11:35:42+08:00 ] 127.0.0.1 /office/index.php/Home/Declare/info.html?type=data
INFO: [ app_begin ] --START--
INFO: Run Behavior\ReadHtmlCacheBehavior [ RunTime:0.000026s ]
INFO: [ app_begin ] --END-- [ RunTime:0.000081s ]
SQL: SHOW COLUMNS FROM `xs_declare` [ RunTime:0.0006s ]
SQL: SELECT * FROM `xs_declare` WHERE ( declare_schedule >= 3 )  [ RunTime:0.0004s ]

[ 2017-08-29T11:39:41+08:00 ] 127.0.0.1 /office/index.php/Home/Declare/info.html?type=data
INFO: [ app_begin ] --START--
INFO: Run Behavior\ReadHtmlCacheBehavior [ RunTime:0.000014s ]
INFO: [ app_begin ] --END-- [ RunTime:0.000041s ]
SQL: SHOW COLUMNS FROM `xs_declare` [ RunTime:0.0011s ]
SQL: SELECT * FROM `xs_declare` WHERE ( declare_schedule >= 3 )  [ RunTime:0.0003s ]

[ 2017-08-29T11:39:43+08:00 ] 127.0.0.1 /office/index.php/Home/Declare/timeLine.html
INFO: [ app_begin ] --START--
INFO: Run Behavior\ReadHtmlCacheBehavior [ RunTime:0.000015s ]
INFO: [ app_begin ] --END-- [ RunTime:0.000039s ]
SQL: SHOW COLUMNS FROM `xs_declare` [ RunTime:0.0016s ]
SQL: SELECT * FROM `xs_declare` WHERE ( id = 1 ) LIMIT 1   [ RunTime:0.0023s ]
INFO: [ view_parse ] --START--
INFO: [ template_filter ] --START--
INFO: Run Behavior\ContentReplaceBehavior [ RunTime:0.000111s ]
INFO: [ template_filter ] --END-- [ RunTime:0.000154s ]
INFO: Run Behavior\ParseTemplateBehavior [ RunTime:0.005040s ]
INFO: [ view_parse ] --END-- [ RunTime:0.005077s ]
INFO: [ view_filter ] --START--
INFO: Run Behavior\WriteHtmlCacheBehavior [ RunTime:0.000032s ]
INFO: [ view_filter ] --END-- [ RunTime:0.000045s ]
INFO: [ app_end ] --START--
INFO: Run Behavior\ShowPageTraceBehavior [ RunTime:0.000042s ]
INFO: [ app_end ] --END-- [ RunTime:0.000082s ]

[ 2017-08-29T11:40:41+08:00 ] 127.0.0.1 /office/index.php/Home/Declare/info.html?type=data
INFO: [ app_begin ] --START--
INFO: Run Behavior\ReadHtmlCacheBehavior [ RunTime:0.000015s ]
INFO: [ app_begin ] --END-- [ RunTime:0.000045s ]
SQL: SHOW COLUMNS FROM `xs_declare` [ RunTime:0.0005s ]
SQL: SELECT * FROM `xs_declare` WHERE ( declare_schedule >= 3 )  [ RunTime:0.0005s ]

[ 2017-08-29T11:40:42+08:00 ] 127.0.0.1 /office/index.php/Home/Declare/timeLine.html
INFO: [ app_begin ] --START--
INFO: Run Behavior\ReadHtmlCacheBehavior [ RunTime:0.000016s ]
INFO: [ app_begin ] --END-- [ RunTime:0.000043s ]
SQL: SHOW COLUMNS FROM `xs_declare` [ RunTime:0.0005s ]
SQL: SELECT * FROM `xs_declare` WHERE ( id = 1 ) LIMIT 1   [ RunTime:0.0010s ]
INFO: [ view_parse ] --START--
INFO: [ template_filter ] --START--
INFO: Run Behavior\ContentReplaceBehavior [ RunTime:0.000106s ]
INFO: [ template_filter ] --END-- [ RunTime:0.000140s ]
INFO: Run Behavior\ParseTemplateBehavior [ RunTime:0.003931s ]
INFO: [ view_parse ] --END-- [ RunTime:0.003968s ]
INFO: [ view_filter ] --START--
INFO: Run Behavior\WriteHtmlCacheBehavior [ RunTime:0.000036s ]
INFO: [ view_filter ] --END-- [ RunTime:0.000049s ]
INFO: [ app_end ] --START--
INFO: Run Behavior\ShowPageTraceBehavior [ RunTime:0.000023s ]
INFO: [ app_end ] --END-- [ RunTime:0.000044s ]

[ 2017-08-29T11:41:28+08:00 ] 127.0.0.1 /office/index.php/Home/Declare/info.html?type=data
INFO: [ app_begin ] --START--
INFO: Run Behavior\ReadHtmlCacheBehavior [ RunTime:0.000016s ]
INFO: [ app_begin ] --END-- [ RunTime:0.000041s ]
SQL: SHOW COLUMNS FROM `xs_declare` [ RunTime:0.0005s ]
SQL: SELECT * FROM `xs_declare` WHERE ( declare_schedule >= 3 )  [ RunTime:0.0012s ]

[ 2017-08-29T11:41:29+08:00 ] 127.0.0.1 /office/index.php/Home/Declare/timeLine.html
INFO: [ app_begin ] --START--
INFO: Run Behavior\ReadHtmlCacheBehavior [ RunTime:0.000015s ]
INFO: [ app_begin ] --END-- [ RunTime:0.000039s ]
SQL: SHOW COLUMNS FROM `xs_declare` [ RunTime:0.0005s ]
SQL: SELECT * FROM `xs_declare` WHERE ( id = 1 ) LIMIT 1   [ RunTime:0.0002s ]
INFO: [ view_parse ] --START--
INFO: [ template_filter ] --START--
INFO: Run Behavior\ContentReplaceBehavior [ RunTime:0.000105s ]
INFO: [ template_filter ] --END-- [ RunTime:0.000141s ]
INFO: Run Behavior\ParseTemplateBehavior [ RunTime:0.004688s ]
INFO: [ view_parse ] --END-- [ RunTime:0.004711s ]
INFO: [ view_filter ] --START--
INFO: Run Behavior\WriteHtmlCacheBehavior [ RunTime:0.000027s ]
INFO: [ view_filter ] --END-- [ RunTime:0.000039s ]
INFO: [ app_end ] --START--
INFO: Run Behavior\ShowPageTraceBehavior [ RunTime:0.000018s ]
INFO: [ app_end ] --END-- [ RunTime:0.000035s ]

[ 2017-08-29T11:42:10+08:00 ] 127.0.0.1 /office/index.php/Home/Declare/info.html?type=data
INFO: [ app_begin ] --START--
INFO: Run Behavior\ReadHtmlCacheBehavior [ RunTime:0.000014s ]
INFO: [ app_begin ] --END-- [ RunTime:0.000039s ]
SQL: SHOW COLUMNS FROM `xs_declare` [ RunTime:0.0005s ]
SQL: SELECT * FROM `xs_declare` WHERE ( declare_schedule >= 3 )  [ RunTime:0.0003s ]

[ 2017-08-29T11:42:11+08:00 ] 127.0.0.1 /office/index.php/Home/Declare/timeLine.html
INFO: [ app_begin ] --START--
INFO: Run Behavior\ReadHtmlCacheBehavior [ RunTime:0.000015s ]
INFO: [ app_begin ] --END-- [ RunTime:0.000039s ]
SQL: SHOW COLUMNS FROM `xs_declare` [ RunTime:0.0005s ]
SQL: SELECT * FROM `xs_declare` WHERE ( id = 1 ) LIMIT 1   [ RunTime:0.0002s ]
INFO: [ view_parse ] --START--
INFO: [ template_filter ] --START--
INFO: Run Behavior\ContentReplaceBehavior [ RunTime:0.000105s ]
INFO: [ template_filter ] --END-- [ RunTime:0.000140s ]
INFO: Run Behavior\ParseTemplateBehavior [ RunTime:0.004237s ]
INFO: [ view_parse ] --END-- [ RunTime:0.004268s ]
INFO: [ view_filter ] --START--
INFO: Run Behavior\WriteHtmlCacheBehavior [ RunTime:0.000029s ]
INFO: [ view_filter ] --END-- [ RunTime:0.000042s ]
INFO: [ app_end ] --START--
INFO: Run Behavior\ShowPageTraceBehavior [ RunTime:0.000020s ]
INFO: [ app_end ] --END-- [ RunTime:0.000039s ]

[ 2017-08-29T11:42:57+08:00 ] 127.0.0.1 /office/index.php/Home/Declare/info.html?type=data
INFO: [ app_begin ] --START--
INFO: Run Behavior\ReadHtmlCacheBehavior [ RunTime:0.000031s ]
INFO: [ app_begin ] --END-- [ RunTime:0.000093s ]
SQL: SHOW COLUMNS FROM `xs_declare` [ RunTime:0.0010s ]
SQL: SELECT * FROM `xs_declare` WHERE ( declare_schedule >= 3 )  [ RunTime:0.0011s ]

[ 2017-08-29T11:42:58+08:00 ] 127.0.0.1 /office/index.php/Home/Declare/timeLine.html
INFO: [ app_begin ] --START--
INFO: Run Behavior\ReadHtmlCacheBehavior [ RunTime:0.000014s ]
INFO: [ app_begin ] --END-- [ RunTime:0.000039s ]
SQL: SHOW COLUMNS FROM `xs_declare` [ RunTime:0.0005s ]
SQL: SELECT * FROM `xs_declare` WHERE ( id = 0 ) LIMIT 1   [ RunTime:0.0002s ]

[ 2017-08-29T11:43:03+08:00 ] 127.0.0.1 /office/index.php/Home/Declare/timeLine.html
INFO: [ app_begin ] --START--
INFO: Run Behavior\ReadHtmlCacheBehavior [ RunTime:0.000021s ]
INFO: [ app_begin ] --END-- [ RunTime:0.000059s ]
SQL: SHOW COLUMNS FROM `xs_declare` [ RunTime:0.0006s ]
SQL: SELECT * FROM `xs_declare` WHERE ( id = 0 ) LIMIT 1   [ RunTime:0.0008s ]

[ 2017-08-29T11:43:19+08:00 ] 127.0.0.1 /office/index.php/Home/Declare/info.html?type=data
INFO: [ app_begin ] --START--
INFO: Run Behavior\ReadHtmlCacheBehavior [ RunTime:0.000018s ]
INFO: [ app_begin ] --END-- [ RunTime:0.000045s ]
SQL: SHOW COLUMNS FROM `xs_declare` [ RunTime:0.0009s ]
SQL: SELECT * FROM `xs_declare` WHERE ( declare_schedule >= 3 )  [ RunTime:0.0003s ]

[ 2017-08-29T11:43:19+08:00 ] 127.0.0.1 /office/index.php/Home/Declare/timeLine.html
INFO: [ app_begin ] --START--
INFO: Run Behavior\ReadHtmlCacheBehavior [ RunTime:0.000014s ]
INFO: [ app_begin ] --END-- [ RunTime:0.000039s ]
SQL: SHOW COLUMNS FROM `xs_declare` [ RunTime:0.0007s ]
SQL: SELECT * FROM `xs_declare` WHERE ( id = 1 ) LIMIT 1   [ RunTime:0.0006s ]
INFO: [ view_parse ] --START--
INFO: [ template_filter ] --START--
INFO: Run Behavior\ContentReplaceBehavior [ RunTime:0.000112s ]
INFO: [ template_filter ] --END-- [ RunTime:0.000166s ]
INFO: Run Behavior\ParseTemplateBehavior [ RunTime:0.006517s ]
INFO: [ view_parse ] --END-- [ RunTime:0.006565s ]
INFO: [ view_filter ] --START--
INFO: Run Behavior\WriteHtmlCacheBehavior [ RunTime:0.000045s ]
INFO: [ view_filter ] --END-- [ RunTime:0.000060s ]
INFO: [ app_end ] --START--
INFO: Run Behavior\ShowPageTraceBehavior [ RunTime:0.000026s ]
INFO: [ app_end ] --END-- [ RunTime:0.000052s ]

[ 2017-08-29T11:52:51+08:00 ] 127.0.0.1 /office/index.php/Home/Declare/timeLine.html
INFO: [ app_begin ] --START--
INFO: Run Behavior\ReadHtmlCacheBehavior [ RunTime:0.000022s ]
INFO: [ app_begin ] --END-- [ RunTime:0.000055s ]
SQL: SHOW COLUMNS FROM `xs_declare` [ RunTime:0.0007s ]
SQL: SELECT * FROM `xs_declare` WHERE ( id = 0 ) LIMIT 1   [ RunTime:0.0013s ]

[ 2017-08-29T13:42:14+08:00 ] 127.0.0.1 /office/index.php/Home/Declare/timeLine.html
INFO: [ app_begin ] --START--
INFO: Run Behavior\ReadHtmlCacheBehavior [ RunTime:0.000018s ]
INFO: [ app_begin ] --END-- [ RunTime:0.000051s ]
SQL: SHOW COLUMNS FROM `xs_declare` [ RunTime:0.0242s ]
SQL: SELECT * FROM `xs_declare` INNER JOIN xs_declare_progress on xs_declare.id = xs_declare_progress.declare_id  LIMIT 1   [ RunTime:0.0004s ]
INFO: [ view_parse ] --START--
INFO: [ template_filter ] --START--
INFO: Run Behavior\ContentReplaceBehavior [ RunTime:0.000106s ]
INFO: [ template_filter ] --END-- [ RunTime:0.000140s ]
INFO: Run Behavior\ParseTemplateBehavior [ RunTime:0.021133s ]
INFO: [ view_parse ] --END-- [ RunTime:0.021166s ]
INFO: [ view_filter ] --START--
INFO: Run Behavior\WriteHtmlCacheBehavior [ RunTime:0.000041s ]
INFO: [ view_filter ] --END-- [ RunTime:0.000054s ]
INFO: [ app_end ] --START--
INFO: Run Behavior\ShowPageTraceBehavior [ RunTime:0.000030s ]
INFO: [ app_end ] --END-- [ RunTime:0.000054s ]

[ 2017-08-29T13:56:59+08:00 ] 127.0.0.1 /office/index.php/Home/Declare/timeLine.html?id=1
ERR: 1052:Column 'id' in where clause is ambiguous
 [ SQL语句 ] : SELECT * FROM `xs_declare` INNER JOIN xs_declare_progress on xs_declare.id = xs_declare_progress.declare_id  WHERE ( id =1 ) LIMIT 1  

[ 2017-08-29T14:26:46+08:00 ] 127.0.0.1 /office/index.php/Home/Ques/all_ques.html
ERR: 无法加载控制器:Ques

[ 2017-08-29T14:26:46+08:00 ] 127.0.0.1 /office/index.php/Home/Ques/all_ques.html
ERR: 无法加载控制器:Ques

[ 2017-08-29T14:56:01+08:00 ] 127.0.0.1 /office/index.php/Home/Declare/timeLine.html?id=1
ERR: syntax error, unexpected ')', expecting ']'

[ 2017-08-29T14:58:28+08:00 ] 127.0.0.1 /office/index.php/Home/Declare/timeLine.html?id=1
ERR: syntax error, unexpected '_time' (T_STRING), expecting ']'

[ 2017-08-29T15:08:27+08:00 ] 127.0.0.1 /office/index.php/Home/Declare/timeLine.html?id=1
ERR: syntax error, unexpected '"]["' (T_CONSTANT_ENCAPSED_STRING), expecting ']'

[ 2017-08-29T15:09:33+08:00 ] 127.0.0.1 /office/index.php/Home/Declare/timeLine.html?id=1
ERR: syntax error, unexpected ')', expecting ']'

[ 2017-08-29T15:41:22+08:00 ] 127.0.0.1 /office/index.php/Home/Declare/timeLine.html?id=1
ERR: syntax error, unexpected '' (T_ENCAPSED_AND_WHITESPACE), expecting identifier (T_STRING) or variable (T_VARIABLE) or number (T_NUM_STRING)

[ 2017-08-29T15:42:55+08:00 ] 127.0.0.1 /office/index.php/Home/Declare/timeLine.html?id=1
ERR: syntax error, unexpected '' (T_ENCAPSED_AND_WHITESPACE), expecting identifier (T_STRING) or variable (T_VARIABLE) or number (T_NUM_STRING)

[ 2017-08-29T15:42:56+08:00 ] 127.0.0.1 /office/index.php/Home/Declare/timeLine.html?id=1
ERR: syntax error, unexpected '' (T_ENCAPSED_AND_WHITESPACE), expecting identifier (T_STRING) or variable (T_VARIABLE) or number (T_NUM_STRING)

[ 2017-08-29T15:42:57+08:00 ] 127.0.0.1 /office/index.php/Home/Declare/timeLine.html?id=1
ERR: syntax error, unexpected '' (T_ENCAPSED_AND_WHITESPACE), expecting identifier (T_STRING) or variable (T_VARIABLE) or number (T_NUM_STRING)

[ 2017-08-29T15:42:57+08:00 ] 127.0.0.1 /office/index.php/Home/Declare/timeLine.html?id=1
ERR: syntax error, unexpected '' (T_ENCAPSED_AND_WHITESPACE), expecting identifier (T_STRING) or variable (T_VARIABLE) or number (T_NUM_STRING)

[ 2017-08-29T15:42:57+08:00 ] 127.0.0.1 /office/index.php/Home/Declare/timeLine.html?id=1
ERR: syntax error, unexpected '' (T_ENCAPSED_AND_WHITESPACE), expecting identifier (T_STRING) or variable (T_VARIABLE) or number (T_NUM_STRING)

[ 2017-08-29T15:44:28+08:00 ] 127.0.0.1 /office/index.php/Home/Declare/timeLine.html?id=1
ERR: syntax error, unexpected '' (T_ENCAPSED_AND_WHITESPACE), expecting identifier (T_STRING) or variable (T_VARIABLE) or number (T_NUM_STRING)

[ 2017-08-29T15:45:00+08:00 ] 127.0.0.1 /office/index.php/Home/Declare/timeLine.html?id=1
ERR: Function name must be a string

[ 2017-08-29T17:20:37+08:00 ] 127.0.0.1 /office/index.php/Home/Student/stu_info.html
ERR: 无法加载控制器:Student

