[ 2017-08-28T10:00:30+08:00 ] 127.0.0.1 /office/index.php/Home/Declare/info.html?type=data
INFO: [ app_begin ] --START--
INFO: Run Behavior\ReadHtmlCacheBehavior [ RunTime:0.000015s ]
INFO: [ app_begin ] --END-- [ RunTime:0.000039s ]
SQL: SHOW COLUMNS FROM `xs_declare` [ RunTime:0.0008s ]
SQL: SELECT * FROM `xs_declare` WHERE ( declare_schedule = 0 and teacher_department="材料工程系" )  [ RunTime:0.0003s ]

[ 2017-08-28T10:00:32+08:00 ] 127.0.0.1 /office/index.php/Home/Student/stu_info.html
ERR: 无法加载控制器:Student

[ 2017-08-28T10:00:34+08:00 ] 127.0.0.1 /office/index.php/Home/Declare/info.html?type=data
INFO: [ app_begin ] --START--
INFO: Run Behavior\ReadHtmlCacheBehavior [ RunTime:0.000028s ]
INFO: [ app_begin ] --END-- [ RunTime:0.000085s ]
SQL: SHOW COLUMNS FROM `xs_declare` [ RunTime:0.0010s ]
SQL: SELECT * FROM `xs_declare` WHERE ( declare_schedule = 0 and teacher_department="材料工程系" )  [ RunTime:0.0003s ]

[ 2017-08-28T10:16:02+08:00 ] 127.0.0.1 /office/index.php/Home/Declare/info.html?type=data
INFO: [ app_begin ] --START--
INFO: Run Behavior\ReadHtmlCacheBehavior [ RunTime:0.000014s ]
INFO: [ app_begin ] --END-- [ RunTime:0.000041s ]
SQL: SHOW COLUMNS FROM `xs_declare` [ RunTime:0.0013s ]
SQL: SELECT * FROM `xs_declare` WHERE ( teacher_department="材料工程系" )  [ RunTime:0.0318s ]

[ 2017-08-28T10:18:16+08:00 ] 127.0.0.1 /office/index.php/Home/Declare/info.html?type=data
INFO: [ app_begin ] --START--
INFO: Run Behavior\ReadHtmlCacheBehavior [ RunTime:0.000014s ]
INFO: [ app_begin ] --END-- [ RunTime:0.000039s ]
SQL: SHOW COLUMNS FROM `xs_declare` [ RunTime:0.0007s ]
SQL: SELECT * FROM `xs_declare` WHERE ( teacher_department="材料工程系" )  [ RunTime:0.0003s ]

[ 2017-08-28T10:27:24+08:00 ] 127.0.0.1 /office/index.php/Home/Declare/info.html?type=data
INFO: [ app_begin ] --START--
INFO: Run Behavior\ReadHtmlCacheBehavior [ RunTime:0.000016s ]
INFO: [ app_begin ] --END-- [ RunTime:0.000045s ]
SQL: SHOW COLUMNS FROM `xs_declare` [ RunTime:0.0007s ]
SQL: SELECT * FROM `xs_declare` WHERE ( teacher_department="材料工程系" )  [ RunTime:0.0004s ]

[ 2017-08-28T10:27:49+08:00 ] 127.0.0.1 /office/index.php/Home/Declare/info.html?type=data
INFO: [ app_begin ] --START--
INFO: Run Behavior\ReadHtmlCacheBehavior [ RunTime:0.000015s ]
INFO: [ app_begin ] --END-- [ RunTime:0.000041s ]
SQL: SHOW COLUMNS FROM `xs_declare` [ RunTime:0.0006s ]
SQL: SELECT * FROM `xs_declare` WHERE ( teacher_department="材料工程系" )  [ RunTime:0.0003s ]

[ 2017-08-28T10:28:00+08:00 ] 127.0.0.1 /office/index.php/Home/Declare/info.html?type=data
INFO: [ app_begin ] --START--
INFO: Run Behavior\ReadHtmlCacheBehavior [ RunTime:0.000015s ]
INFO: [ app_begin ] --END-- [ RunTime:0.000040s ]
SQL: SHOW COLUMNS FROM `xs_declare` [ RunTime:0.0005s ]
SQL: SELECT * FROM `xs_declare` WHERE ( teacher_department="材料工程系" )  [ RunTime:0.0009s ]

[ 2017-08-28T10:30:34+08:00 ] 127.0.0.1 /office/index.php/Home/Declare/info.html?type=data
INFO: [ app_begin ] --START--
INFO: Run Behavior\ReadHtmlCacheBehavior [ RunTime:0.000015s ]
INFO: [ app_begin ] --END-- [ RunTime:0.000039s ]
SQL: SHOW COLUMNS FROM `xs_declare` [ RunTime:0.0006s ]
SQL: SELECT * FROM `xs_declare` WHERE ( teacher_id = 1128 )  [ RunTime:0.0114s ]

[ 2017-08-28T10:34:25+08:00 ] 127.0.0.1 /office/index.php/Home/Declare/info.html?type=data
INFO: [ app_begin ] --START--
INFO: Run Behavior\ReadHtmlCacheBehavior [ RunTime:0.000016s ]
INFO: [ app_begin ] --END-- [ RunTime:0.000045s ]
SQL: SHOW COLUMNS FROM `xs_declare` [ RunTime:0.0012s ]
SQL: SELECT * FROM `xs_declare` WHERE ( teacher_department="材料工程系" )  [ RunTime:0.0003s ]

[ 2017-08-28T10:48:51+08:00 ] 127.0.0.1 /office/index.php/Home/Declare/info.html?type=data
INFO: [ app_begin ] --START--
INFO: Run Behavior\ReadHtmlCacheBehavior [ RunTime:0.000014s ]
INFO: [ app_begin ] --END-- [ RunTime:0.000041s ]
SQL: SHOW COLUMNS FROM `xs_declare` [ RunTime:0.0016s ]
SQL: SELECT * FROM `xs_declare` WHERE ( teacher_department="材料工程系" )  [ RunTime:0.0293s ]

[ 2017-08-28T10:52:55+08:00 ] 127.0.0.1 /office/index.php/Home/Declare/info.html?type=data
INFO: [ app_begin ] --START--
INFO: Run Behavior\ReadHtmlCacheBehavior [ RunTime:0.000015s ]
INFO: [ app_begin ] --END-- [ RunTime:0.000039s ]
SQL: SHOW COLUMNS FROM `xs_declare` [ RunTime:0.0007s ]
SQL: SELECT * FROM `xs_declare` WHERE ( teacher_department="材料工程系" )  [ RunTime:0.0003s ]

[ 2017-08-28T10:53:11+08:00 ] 127.0.0.1 /office/index.php/Home/Declare/info.html?type=data
INFO: [ app_begin ] --START--
INFO: Run Behavior\ReadHtmlCacheBehavior [ RunTime:0.000026s ]
INFO: [ app_begin ] --END-- [ RunTime:0.000065s ]
SQL: SHOW COLUMNS FROM `xs_declare` [ RunTime:0.0005s ]
SQL: SELECT * FROM `xs_declare` WHERE ( teacher_id = 1128 )  [ RunTime:0.0802s ]

[ 2017-08-28T10:54:42+08:00 ] 127.0.0.1 /office/index.php/Home/Declare/info.html?type=data
INFO: [ app_begin ] --START--
INFO: Run Behavior\ReadHtmlCacheBehavior [ RunTime:0.000014s ]
INFO: [ app_begin ] --END-- [ RunTime:0.000038s ]
SQL: SHOW COLUMNS FROM `xs_declare` [ RunTime:0.0010s ]
SQL: SELECT * FROM `xs_declare` WHERE ( teacher_department="材料工程系" )  [ RunTime:0.0003s ]

[ 2017-08-28T10:55:15+08:00 ] 127.0.0.1 /office/index.php/Home/Declare/info.html?type=data
INFO: [ app_begin ] --START--
INFO: Run Behavior\ReadHtmlCacheBehavior [ RunTime:0.000015s ]
INFO: [ app_begin ] --END-- [ RunTime:0.000040s ]
SQL: SHOW COLUMNS FROM `xs_declare` [ RunTime:0.0005s ]
SQL: SELECT * FROM `xs_declare` WHERE ( teacher_department="材料工程系" )  [ RunTime:0.0005s ]

[ 2017-08-28T10:56:42+08:00 ] 127.0.0.1 /office/index.php/Home/Declare/info.html?type=data
INFO: [ app_begin ] --START--
INFO: Run Behavior\ReadHtmlCacheBehavior [ RunTime:0.000016s ]
INFO: [ app_begin ] --END-- [ RunTime:0.000043s ]
SQL: SHOW COLUMNS FROM `xs_declare` [ RunTime:0.0005s ]
SQL: SELECT * FROM `xs_declare` WHERE ( teacher_department="材料工程系" )  [ RunTime:0.0008s ]

[ 2017-08-28T11:01:13+08:00 ] 127.0.0.1 /office/index.php/Home/Declare/info.html?type=data
INFO: [ app_begin ] --START--
INFO: Run Behavior\ReadHtmlCacheBehavior [ RunTime:0.000018s ]
INFO: [ app_begin ] --END-- [ RunTime:0.000049s ]
SQL: SHOW COLUMNS FROM `xs_declare` [ RunTime:0.0005s ]
SQL: SELECT * FROM `xs_declare` WHERE ( teacher_department="材料工程系" )  [ RunTime:0.0007s ]

[ 2017-08-28T11:09:37+08:00 ] 127.0.0.1 /office/index.php/Home/Declare/info.html?type=data
INFO: [ app_begin ] --START--
INFO: Run Behavior\ReadHtmlCacheBehavior [ RunTime:0.000017s ]
INFO: [ app_begin ] --END-- [ RunTime:0.000046s ]
SQL: SHOW COLUMNS FROM `xs_declare` [ RunTime:0.0244s ]
SQL: SELECT * FROM `xs_declare` WHERE ( teacher_department="材料工程系" )  [ RunTime:0.0003s ]

[ 2017-08-28T11:14:19+08:00 ] 127.0.0.1 /office/index.php/Home/Declare/info.html?type=data
INFO: [ app_begin ] --START--
INFO: Run Behavior\ReadHtmlCacheBehavior [ RunTime:0.000016s ]
INFO: [ app_begin ] --END-- [ RunTime:0.000046s ]
SQL: SHOW COLUMNS FROM `xs_declare` [ RunTime:0.0006s ]
SQL: SELECT * FROM `xs_declare` WHERE ( teacher_department="材料工程系" )  [ RunTime:0.0003s ]

[ 2017-08-28T11:20:16+08:00 ] 127.0.0.1 /office/index.php/Home/Declare/info.html?type=data
INFO: [ app_begin ] --START--
INFO: Run Behavior\ReadHtmlCacheBehavior [ RunTime:0.000016s ]
INFO: [ app_begin ] --END-- [ RunTime:0.000041s ]
SQL: SHOW COLUMNS FROM `xs_declare` [ RunTime:0.0005s ]
SQL: SELECT * FROM `xs_declare` WHERE ( teacher_department="材料工程系" )  [ RunTime:0.0002s ]

[ 2017-08-28T11:20:41+08:00 ] 127.0.0.1 /office/index.php/Home/Declare/info.html?type=data
INFO: [ app_begin ] --START--
INFO: Run Behavior\ReadHtmlCacheBehavior [ RunTime:0.000017s ]
INFO: [ app_begin ] --END-- [ RunTime:0.000046s ]
SQL: SHOW COLUMNS FROM `xs_declare` [ RunTime:0.0008s ]
SQL: SELECT * FROM `xs_declare` WHERE ( teacher_department="材料工程系" )  [ RunTime:0.0008s ]

[ 2017-08-28T11:20:56+08:00 ] 127.0.0.1 /office/index.php/Home/Declare/info.html?type=data
INFO: [ app_begin ] --START--
INFO: Run Behavior\ReadHtmlCacheBehavior [ RunTime:0.000016s ]
INFO: [ app_begin ] --END-- [ RunTime:0.000042s ]
SQL: SHOW COLUMNS FROM `xs_declare` [ RunTime:0.0005s ]
SQL: SELECT * FROM `xs_declare` WHERE ( teacher_department="材料工程系" )  [ RunTime:0.0003s ]

[ 2017-08-28T11:22:46+08:00 ] 127.0.0.1 /office/index.php/Home/Declare/info.html?type=data
INFO: [ app_begin ] --START--
INFO: Run Behavior\ReadHtmlCacheBehavior [ RunTime:0.000017s ]
INFO: [ app_begin ] --END-- [ RunTime:0.000046s ]
SQL: SHOW COLUMNS FROM `xs_declare` [ RunTime:0.0007s ]
SQL: SELECT * FROM `xs_declare` WHERE ( teacher_department="材料工程系" )  [ RunTime:0.0003s ]

[ 2017-08-28T11:22:53+08:00 ] 127.0.0.1 /office/index.php/Home/Declare/info.html?type=data
INFO: [ app_begin ] --START--
INFO: Run Behavior\ReadHtmlCacheBehavior [ RunTime:0.000016s ]
INFO: [ app_begin ] --END-- [ RunTime:0.000044s ]
SQL: SHOW COLUMNS FROM `xs_declare` [ RunTime:0.0005s ]
SQL: SELECT * FROM `xs_declare` WHERE ( teacher_department="材料工程系" )  [ RunTime:0.0003s ]

[ 2017-08-28T11:30:40+08:00 ] 127.0.0.1 /office/index.php/Home/Declare/info.html?type=data
INFO: [ app_begin ] --START--
INFO: Run Behavior\ReadHtmlCacheBehavior [ RunTime:0.000016s ]
INFO: [ app_begin ] --END-- [ RunTime:0.000042s ]
SQL: SHOW COLUMNS FROM `xs_declare` [ RunTime:0.0010s ]
SQL: SELECT * FROM `xs_declare` WHERE ( teacher_department="材料工程系" )  [ RunTime:0.0004s ]

[ 2017-08-28T11:32:32+08:00 ] 127.0.0.1 /office/index.php/Home/Declare/info.html?type=data
INFO: [ app_begin ] --START--
INFO: Run Behavior\ReadHtmlCacheBehavior [ RunTime:0.000018s ]
INFO: [ app_begin ] --END-- [ RunTime:0.000050s ]
SQL: SHOW COLUMNS FROM `xs_declare` [ RunTime:0.0005s ]
SQL: SELECT * FROM `xs_declare` WHERE ( teacher_department="材料工程系" )  [ RunTime:0.0003s ]

[ 2017-08-28T11:33:26+08:00 ] 127.0.0.1 /office/index.php/Home/Declare/info.html?type=data
INFO: [ app_begin ] --START--
INFO: Run Behavior\ReadHtmlCacheBehavior [ RunTime:0.000014s ]
INFO: [ app_begin ] --END-- [ RunTime:0.000040s ]
SQL: SHOW COLUMNS FROM `xs_declare` [ RunTime:0.0006s ]
SQL: SELECT * FROM `xs_declare` WHERE ( teacher_department="材料工程系" )  [ RunTime:0.0006s ]

[ 2017-08-28T11:36:37+08:00 ] 127.0.0.1 /office/index.php/Home/Declare/info.html?type=data
INFO: [ app_begin ] --START--
INFO: Run Behavior\ReadHtmlCacheBehavior [ RunTime:0.000019s ]
INFO: [ app_begin ] --END-- [ RunTime:0.000053s ]
SQL: SHOW COLUMNS FROM `xs_declare` [ RunTime:0.0005s ]
SQL: SELECT * FROM `xs_declare` WHERE ( teacher_id = 1128 )  [ RunTime:0.0231s ]

[ 2017-08-28T11:47:47+08:00 ] 127.0.0.1 /office/index.php/Home/Declare/info.html?type=data
INFO: [ app_begin ] --START--
INFO: Run Behavior\ReadHtmlCacheBehavior [ RunTime:0.000015s ]
INFO: [ app_begin ] --END-- [ RunTime:0.000040s ]
SQL: SHOW COLUMNS FROM `xs_declare` [ RunTime:0.0006s ]
SQL: SELECT * FROM `xs_declare` WHERE ( teacher_department="材料工程系" )  [ RunTime:0.0007s ]

[ 2017-08-28T11:48:01+08:00 ] 127.0.0.1 /office/index.php/Home/Declare/info.html?type=data
INFO: [ app_begin ] --START--
INFO: Run Behavior\ReadHtmlCacheBehavior [ RunTime:0.000028s ]
INFO: [ app_begin ] --END-- [ RunTime:0.000061s ]
SQL: SHOW COLUMNS FROM `xs_declare` [ RunTime:0.0005s ]
SQL: SELECT * FROM `xs_declare` WHERE ( teacher_department="材料工程系" )  [ RunTime:0.0016s ]

[ 2017-08-28T12:01:30+08:00 ] 127.0.0.1 /office/index.php/Home/Declare/index.html
ERR: syntax error, unexpected 'dump' (T_STRING)

[ 2017-08-28T12:03:39+08:00 ] 127.0.0.1 /office/index.php/Home/Declare/index.html
ERR: 1364:Field 'teacher_department' doesn't have a default value
 [ SQL语句 ] : INSERT INTO `xs_declare` (`declare_title`,`declare_content`,`teacher_id`,`teacher_name`,`add_time`,`declare_attachment`) VALUES ('爱仕达萨达大所','<p>请输入申报具体内容</p>','1104','刘良富','1503893019','/Uploads/')

[ 2017-08-28T14:56:00+08:00 ] 127.0.0.1 /office/index.php/Home/Declare/info.html?type=data
INFO: [ app_begin ] --START--
INFO: Run Behavior\ReadHtmlCacheBehavior [ RunTime:0.000024s ]
INFO: [ app_begin ] --END-- [ RunTime:0.000069s ]
SQL: SHOW COLUMNS FROM `xs_declare` [ RunTime:0.0368s ]
SQL: SELECT * FROM `xs_declare` WHERE ( teacher_department="材料工程系" )  [ RunTime:0.0263s ]

[ 2017-08-28T15:01:51+08:00 ] 127.0.0.1 /office/index.php/Home/Declare/info.html?type=data
INFO: [ app_begin ] --START--
INFO: Run Behavior\ReadHtmlCacheBehavior [ RunTime:0.000015s ]
INFO: [ app_begin ] --END-- [ RunTime:0.000041s ]
SQL: SHOW COLUMNS FROM `xs_declare` [ RunTime:0.0138s ]
SQL: SELECT * FROM `xs_declare` WHERE ( teacher_department="材料工程系" )  [ RunTime:0.0006s ]

[ 2017-08-28T15:09:08+08:00 ] 127.0.0.1 /office/index.php/Home/Declare/info.html?type=data
INFO: [ app_begin ] --START--
INFO: Run Behavior\ReadHtmlCacheBehavior [ RunTime:0.000015s ]
INFO: [ app_begin ] --END-- [ RunTime:0.000040s ]
SQL: SHOW COLUMNS FROM `xs_declare` [ RunTime:0.0268s ]
SQL: SELECT * FROM `xs_declare` WHERE ( teacher_department="材料工程系" )  [ RunTime:0.0003s ]

[ 2017-08-28T15:10:43+08:00 ] 127.0.0.1 /office/index.php/Home/Declare/info.html?type=data
INFO: [ app_begin ] --START--
INFO: Run Behavior\ReadHtmlCacheBehavior [ RunTime:0.000016s ]
INFO: [ app_begin ] --END-- [ RunTime:0.000040s ]
SQL: SHOW COLUMNS FROM `xs_declare` [ RunTime:0.0186s ]
SQL: SELECT * FROM `xs_declare` WHERE ( teacher_department="材料工程系" )  [ RunTime:0.0003s ]

[ 2017-08-28T15:24:39+08:00 ] 127.0.0.1 /office/index.php/Home/Declare/info.html?type=data
INFO: [ app_begin ] --START--
INFO: Run Behavior\ReadHtmlCacheBehavior [ RunTime:0.000023s ]
INFO: [ app_begin ] --END-- [ RunTime:0.000076s ]
SQL: SHOW COLUMNS FROM `xs_declare` [ RunTime:0.0116s ]
SQL: SELECT * FROM `xs_declare` WHERE ( teacher_department="材料工程系" )  [ RunTime:0.0003s ]

[ 2017-08-28T15:24:59+08:00 ] 127.0.0.1 /office/index.php/Home/Declare/info.html?type=fail
INFO: [ app_begin ] --START--
INFO: Run Behavior\ReadHtmlCacheBehavior [ RunTime:0.000020s ]
INFO: [ app_begin ] --END-- [ RunTime:0.000050s ]
INFO: [ app_end ] --START--
INFO: Run Behavior\ShowPageTraceBehavior [ RunTime:0.000020s ]
INFO: [ app_end ] --END-- [ RunTime:0.000037s ]

[ 2017-08-28T15:25:11+08:00 ] 127.0.0.1 /office/index.php/Home/Declare/info.html?type=fail
INFO: [ app_begin ] --START--
INFO: Run Behavior\ReadHtmlCacheBehavior [ RunTime:0.000019s ]
INFO: [ app_begin ] --END-- [ RunTime:0.000050s ]
INFO: [ app_end ] --START--
INFO: Run Behavior\ShowPageTraceBehavior [ RunTime:0.000020s ]
INFO: [ app_end ] --END-- [ RunTime:0.000037s ]

[ 2017-08-28T15:25:38+08:00 ] 127.0.0.1 /office/index.php/Home/Declare/info.html?type=fail
INFO: [ app_begin ] --START--
INFO: Run Behavior\ReadHtmlCacheBehavior [ RunTime:0.000018s ]
INFO: [ app_begin ] --END-- [ RunTime:0.000048s ]
INFO: [ app_end ] --START--
INFO: Run Behavior\ShowPageTraceBehavior [ RunTime:0.000019s ]
INFO: [ app_end ] --END-- [ RunTime:0.000035s ]

[ 2017-08-28T15:26:08+08:00 ] 127.0.0.1 /office/index.php/Home/Declare/info.html?type=data
INFO: [ app_begin ] --START--
INFO: Run Behavior\ReadHtmlCacheBehavior [ RunTime:0.000015s ]
INFO: [ app_begin ] --END-- [ RunTime:0.000040s ]
SQL: SHOW COLUMNS FROM `xs_declare` [ RunTime:0.0262s ]
SQL: SELECT * FROM `xs_declare` WHERE ( teacher_department="材料工程系" )  [ RunTime:0.0004s ]

[ 2017-08-28T15:26:12+08:00 ] 127.0.0.1 /office/index.php/Home/Declare/info.html?type=fail
INFO: [ app_begin ] --START--
INFO: Run Behavior\ReadHtmlCacheBehavior [ RunTime:0.000046s ]
INFO: [ app_begin ] --END-- [ RunTime:0.000146s ]
INFO: [ app_end ] --START--
INFO: Run Behavior\ShowPageTraceBehavior [ RunTime:0.000039s ]
INFO: [ app_end ] --END-- [ RunTime:0.000067s ]

[ 2017-08-28T15:29:07+08:00 ] 127.0.0.1 /office/index.php/Home/Declare/info.html?type=data
INFO: [ app_begin ] --START--
INFO: Run Behavior\ReadHtmlCacheBehavior [ RunTime:0.000016s ]
INFO: [ app_begin ] --END-- [ RunTime:0.000043s ]
SQL: SHOW COLUMNS FROM `xs_declare` [ RunTime:0.0083s ]
SQL: SELECT * FROM `xs_declare` WHERE ( teacher_department="材料工程系" )  [ RunTime:0.0011s ]

[ 2017-08-28T15:29:09+08:00 ] 127.0.0.1 /office/index.php/Home/Declare/info.html?type=fail
INFO: [ app_begin ] --START--
INFO: Run Behavior\ReadHtmlCacheBehavior [ RunTime:0.000017s ]
INFO: [ app_begin ] --END-- [ RunTime:0.000047s ]
INFO: [ app_end ] --START--
INFO: Run Behavior\ShowPageTraceBehavior [ RunTime:0.000017s ]
INFO: [ app_end ] --END-- [ RunTime:0.000033s ]

[ 2017-08-28T15:29:12+08:00 ] 127.0.0.1 /office/index.php/Home/Declare/info.html?type=fail
INFO: [ app_begin ] --START--
INFO: Run Behavior\ReadHtmlCacheBehavior [ RunTime:0.000016s ]
INFO: [ app_begin ] --END-- [ RunTime:0.000045s ]
INFO: [ app_end ] --START--
INFO: Run Behavior\ShowPageTraceBehavior [ RunTime:0.000017s ]
INFO: [ app_end ] --END-- [ RunTime:0.000033s ]

[ 2017-08-28T15:29:15+08:00 ] 127.0.0.1 /office/index.php/Home/Declare/info.html?type=data
INFO: [ app_begin ] --START--
INFO: Run Behavior\ReadHtmlCacheBehavior [ RunTime:0.000016s ]
INFO: [ app_begin ] --END-- [ RunTime:0.000045s ]
SQL: SHOW COLUMNS FROM `xs_declare` [ RunTime:0.0306s ]
SQL: SELECT * FROM `xs_declare` WHERE ( teacher_department="材料工程系" )  [ RunTime:0.0097s ]

[ 2017-08-28T15:29:16+08:00 ] 127.0.0.1 /office/index.php/Home/Declare/info.html?type=fail
INFO: [ app_begin ] --START--
INFO: Run Behavior\ReadHtmlCacheBehavior [ RunTime:0.000015s ]
INFO: [ app_begin ] --END-- [ RunTime:0.000040s ]
INFO: [ app_end ] --START--
INFO: Run Behavior\ShowPageTraceBehavior [ RunTime:0.000018s ]
INFO: [ app_end ] --END-- [ RunTime:0.000035s ]

[ 2017-08-28T15:30:08+08:00 ] 127.0.0.1 /office/index.php/Home/Declare/info.html?type=data
INFO: [ app_begin ] --START--
INFO: Run Behavior\ReadHtmlCacheBehavior [ RunTime:0.000018s ]
INFO: [ app_begin ] --END-- [ RunTime:0.000048s ]
SQL: SHOW COLUMNS FROM `xs_declare` [ RunTime:0.0453s ]
SQL: SELECT * FROM `xs_declare` WHERE ( teacher_department="材料工程系" )  [ RunTime:0.0006s ]

[ 2017-08-28T15:30:35+08:00 ] 127.0.0.1 /office/index.php/Home/Declare/info.html?type=data
INFO: [ app_begin ] --START--
INFO: Run Behavior\ReadHtmlCacheBehavior [ RunTime:0.000015s ]
INFO: [ app_begin ] --END-- [ RunTime:0.000040s ]
SQL: SHOW COLUMNS FROM `xs_declare` [ RunTime:0.0137s ]
SQL: SELECT * FROM `xs_declare` WHERE ( teacher_department="材料工程系" )  [ RunTime:0.0013s ]

[ 2017-08-28T15:31:47+08:00 ] 127.0.0.1 /office/index.php/Home/Declare/info.html?type=data
INFO: [ app_begin ] --START--
INFO: Run Behavior\ReadHtmlCacheBehavior [ RunTime:0.000015s ]
INFO: [ app_begin ] --END-- [ RunTime:0.000041s ]
SQL: SHOW COLUMNS FROM `xs_declare` [ RunTime:0.0347s ]
SQL: SELECT * FROM `xs_declare` WHERE ( teacher_department="材料工程系" )  [ RunTime:0.0002s ]

[ 2017-08-28T15:31:51+08:00 ] 127.0.0.1 /office/index.php/Home/Declare/info.html?type=fail
INFO: [ app_begin ] --START--
INFO: Run Behavior\ReadHtmlCacheBehavior [ RunTime:0.000019s ]
INFO: [ app_begin ] --END-- [ RunTime:0.000052s ]
INFO: [ app_end ] --START--
INFO: Run Behavior\ShowPageTraceBehavior [ RunTime:0.000020s ]
INFO: [ app_end ] --END-- [ RunTime:0.000037s ]

[ 2017-08-28T15:32:44+08:00 ] 127.0.0.1 /office/index.php/Home/Declare/info.html?type=data
INFO: [ app_begin ] --START--
INFO: Run Behavior\ReadHtmlCacheBehavior [ RunTime:0.000026s ]
INFO: [ app_begin ] --END-- [ RunTime:0.000070s ]
SQL: SHOW COLUMNS FROM `xs_declare` [ RunTime:0.0334s ]
SQL: SELECT * FROM `xs_declare` WHERE ( teacher_department="材料工程系" )  [ RunTime:0.0006s ]

[ 2017-08-28T15:32:49+08:00 ] 127.0.0.1 /office/index.php/Home/Declare/info.html?type=fail
INFO: [ app_begin ] --START--
INFO: Run Behavior\ReadHtmlCacheBehavior [ RunTime:0.000052s ]
INFO: [ app_begin ] --END-- [ RunTime:0.000220s ]
INFO: [ app_end ] --START--
INFO: Run Behavior\ShowPageTraceBehavior [ RunTime:0.000022s ]
INFO: [ app_end ] --END-- [ RunTime:0.000046s ]

[ 2017-08-28T15:33:27+08:00 ] 127.0.0.1 /office/index.php/Home/Declare/info.html?type=data
INFO: [ app_begin ] --START--
INFO: Run Behavior\ReadHtmlCacheBehavior [ RunTime:0.000016s ]
INFO: [ app_begin ] --END-- [ RunTime:0.000042s ]
SQL: SHOW COLUMNS FROM `xs_declare` [ RunTime:0.0428s ]
SQL: SELECT * FROM `xs_declare` WHERE ( teacher_department="材料工程系" )  [ RunTime:0.0007s ]

[ 2017-08-28T15:33:31+08:00 ] 127.0.0.1 /office/index.php/Home/Declare/info.html?type=fail
INFO: [ app_begin ] --START--
INFO: Run Behavior\ReadHtmlCacheBehavior [ RunTime:0.000017s ]
INFO: [ app_begin ] --END-- [ RunTime:0.000046s ]
INFO: [ app_end ] --START--
INFO: Run Behavior\ShowPageTraceBehavior [ RunTime:0.000018s ]
INFO: [ app_end ] --END-- [ RunTime:0.000035s ]

[ 2017-08-28T15:33:58+08:00 ] 127.0.0.1 /office/index.php/Home/Declare/info.html?type=data
INFO: [ app_begin ] --START--
INFO: Run Behavior\ReadHtmlCacheBehavior [ RunTime:0.000358s ]
INFO: [ app_begin ] --END-- [ RunTime:0.000395s ]
SQL: SHOW COLUMNS FROM `xs_declare` [ RunTime:0.0250s ]
SQL: SELECT * FROM `xs_declare` WHERE ( teacher_department="材料工程系" )  [ RunTime:0.0003s ]

[ 2017-08-28T15:34:06+08:00 ] 127.0.0.1 /office/index.php/Home/Declare/info.html?type=fail
INFO: [ app_begin ] --START--
INFO: Run Behavior\ReadHtmlCacheBehavior [ RunTime:0.000021s ]
INFO: [ app_begin ] --END-- [ RunTime:0.000050s ]
INFO: [ app_end ] --START--
INFO: Run Behavior\ShowPageTraceBehavior [ RunTime:0.000020s ]
INFO: [ app_end ] --END-- [ RunTime:0.000035s ]

[ 2017-08-28T15:34:59+08:00 ] 127.0.0.1 /office/index.php/Home/Declare/info.html?type=data
INFO: [ app_begin ] --START--
INFO: Run Behavior\ReadHtmlCacheBehavior [ RunTime:0.000014s ]
INFO: [ app_begin ] --END-- [ RunTime:0.000042s ]
SQL: SHOW COLUMNS FROM `xs_declare` [ RunTime:0.0112s ]
SQL: SELECT * FROM `xs_declare` WHERE ( teacher_department="材料工程系" )  [ RunTime:0.0004s ]

[ 2017-08-28T15:35:05+08:00 ] 127.0.0.1 /office/index.php/Home/Declare/info.html?type=fail
INFO: [ app_begin ] --START--
INFO: Run Behavior\ReadHtmlCacheBehavior [ RunTime:0.000020s ]
INFO: [ app_begin ] --END-- [ RunTime:0.000055s ]
INFO: [ app_end ] --START--
INFO: Run Behavior\ShowPageTraceBehavior [ RunTime:0.000022s ]
INFO: [ app_end ] --END-- [ RunTime:0.000041s ]

[ 2017-08-28T15:37:28+08:00 ] 127.0.0.1 /office/index.php/Home/Declare/info.html?type=data
INFO: [ app_begin ] --START--
INFO: Run Behavior\ReadHtmlCacheBehavior [ RunTime:0.000015s ]
INFO: [ app_begin ] --END-- [ RunTime:0.000040s ]
SQL: SHOW COLUMNS FROM `xs_declare` [ RunTime:0.0147s ]
SQL: SELECT * FROM `xs_declare` WHERE ( teacher_department="材料工程系" )  [ RunTime:0.0071s ]

[ 2017-08-28T15:37:33+08:00 ] 127.0.0.1 /office/index.php/Home/Declare/info.html?type=fail
INFO: [ app_begin ] --START--
INFO: Run Behavior\ReadHtmlCacheBehavior [ RunTime:0.000016s ]
INFO: [ app_begin ] --END-- [ RunTime:0.000045s ]
INFO: [ app_end ] --START--
INFO: Run Behavior\ShowPageTraceBehavior [ RunTime:0.000022s ]
INFO: [ app_end ] --END-- [ RunTime:0.000039s ]

[ 2017-08-28T15:38:32+08:00 ] 127.0.0.1 /office/index.php/Home/Declare/info.html?type=data
INFO: [ app_begin ] --START--
INFO: Run Behavior\ReadHtmlCacheBehavior [ RunTime:0.000015s ]
INFO: [ app_begin ] --END-- [ RunTime:0.000042s ]
SQL: SHOW COLUMNS FROM `xs_declare` [ RunTime:0.0031s ]
SQL: SELECT * FROM `xs_declare` WHERE ( teacher_department="材料工程系" )  [ RunTime:0.0003s ]

[ 2017-08-28T15:38:36+08:00 ] 127.0.0.1 /office/index.php/Home/Declare/info.html?type=fail
INFO: [ app_begin ] --START--
INFO: Run Behavior\ReadHtmlCacheBehavior [ RunTime:0.000017s ]
INFO: [ app_begin ] --END-- [ RunTime:0.000047s ]
INFO: [ app_end ] --START--
INFO: Run Behavior\ShowPageTraceBehavior [ RunTime:0.000049s ]
INFO: [ app_end ] --END-- [ RunTime:0.000108s ]

[ 2017-08-28T15:39:51+08:00 ] 127.0.0.1 /office/index.php/Home/Declare/info.html?type=data
INFO: [ app_begin ] --START--
INFO: Run Behavior\ReadHtmlCacheBehavior [ RunTime:0.000015s ]
INFO: [ app_begin ] --END-- [ RunTime:0.000041s ]
SQL: SHOW COLUMNS FROM `xs_declare` [ RunTime:0.0184s ]
SQL: SELECT * FROM `xs_declare` WHERE ( teacher_department="材料工程系" )  [ RunTime:0.0010s ]

[ 2017-08-28T15:39:53+08:00 ] 127.0.0.1 /office/index.php/Home/Declare/info.html?type=data
INFO: [ app_begin ] --START--
INFO: Run Behavior\ReadHtmlCacheBehavior [ RunTime:0.000018s ]
INFO: [ app_begin ] --END-- [ RunTime:0.000048s ]
SQL: SHOW COLUMNS FROM `xs_declare` [ RunTime:0.0086s ]
SQL: SELECT * FROM `xs_declare` WHERE ( teacher_department="材料工程系" )  [ RunTime:0.0003s ]

[ 2017-08-28T15:41:47+08:00 ] 127.0.0.1 /office/index.php/Home/Declare/info.html?type=data
INFO: [ app_begin ] --START--
INFO: Run Behavior\ReadHtmlCacheBehavior [ RunTime:0.000015s ]
INFO: [ app_begin ] --END-- [ RunTime:0.000041s ]
SQL: SHOW COLUMNS FROM `xs_declare` [ RunTime:0.0166s ]
SQL: SELECT * FROM `xs_declare` WHERE ( teacher_department="材料工程系" )  [ RunTime:0.0006s ]

[ 2017-08-28T15:41:52+08:00 ] 127.0.0.1 /office/index.php/Home/Declare/info.html?type=fail
INFO: [ app_begin ] --START--
INFO: Run Behavior\ReadHtmlCacheBehavior [ RunTime:0.000019s ]
INFO: [ app_begin ] --END-- [ RunTime:0.000081s ]
SQL: SHOW COLUMNS FROM `xs_declare` [ RunTime:0.0080s ]
SQL: UPDATE `xs_declare` SET `declare_schedule`='-1' WHERE ( id = 1 ) [ RunTime:0.0948s ]
SQL: SHOW COLUMNS FROM `xs_declare_progress` [ RunTime:0.0138s ]
SQL: UPDATE `xs_declare_progress` SET `declare_state`='-1',`declare_fail_reason`='1104-1111111' WHERE ( declare_id = 1 ) [ RunTime:0.0442s ]
INFO: [ app_end ] --START--
INFO: Run Behavior\ShowPageTraceBehavior [ RunTime:0.000056s ]
INFO: [ app_end ] --END-- [ RunTime:0.000074s ]

[ 2017-08-28T15:41:56+08:00 ] 127.0.0.1 /office/index.php/Home/Declare/info.html?type=data
INFO: [ app_begin ] --START--
INFO: Run Behavior\ReadHtmlCacheBehavior [ RunTime:0.000015s ]
INFO: [ app_begin ] --END-- [ RunTime:0.000039s ]
SQL: SHOW COLUMNS FROM `xs_declare` [ RunTime:0.0010s ]
SQL: SELECT * FROM `xs_declare` WHERE ( teacher_department="材料工程系" )  [ RunTime:0.0003s ]

[ 2017-08-28T15:42:00+08:00 ] 127.0.0.1 /office/index.php/Home/Declare/info.html?type=fail
INFO: [ app_begin ] --START--
INFO: Run Behavior\ReadHtmlCacheBehavior [ RunTime:0.000017s ]
INFO: [ app_begin ] --END-- [ RunTime:0.000048s ]
SQL: SHOW COLUMNS FROM `xs_declare` [ RunTime:0.0024s ]
SQL: UPDATE `xs_declare` SET `declare_schedule`='-1' WHERE ( id = 1 ) [ RunTime:0.0380s ]
SQL: SHOW COLUMNS FROM `xs_declare_progress` [ RunTime:0.0012s ]
SQL: UPDATE `xs_declare_progress` SET `declare_state`='-1',`declare_fail_reason`='1104-1111111111' WHERE ( declare_id = 1 ) [ RunTime:0.1149s ]

[ 2017-08-28T15:44:06+08:00 ] 127.0.0.1 /office/index.php/Home/Declare/info.html?type=data
INFO: [ app_begin ] --START--
INFO: Run Behavior\ReadHtmlCacheBehavior [ RunTime:0.000016s ]
INFO: [ app_begin ] --END-- [ RunTime:0.000041s ]
SQL: SHOW COLUMNS FROM `xs_declare` [ RunTime:0.0174s ]
SQL: SELECT * FROM `xs_declare` WHERE ( teacher_department="材料工程系" )  [ RunTime:0.0003s ]

[ 2017-08-28T15:44:10+08:00 ] 127.0.0.1 /office/index.php/Home/Declare/info.html?type=fail
INFO: [ app_begin ] --START--
INFO: Run Behavior\ReadHtmlCacheBehavior [ RunTime:0.000019s ]
INFO: [ app_begin ] --END-- [ RunTime:0.000048s ]
SQL: SHOW COLUMNS FROM `xs_declare` [ RunTime:0.0011s ]
SQL: UPDATE `xs_declare` SET `declare_schedule`='-1' WHERE ( id = 1 ) [ RunTime:0.0442s ]
SQL: SHOW COLUMNS FROM `xs_declare_progress` [ RunTime:0.0145s ]
SQL: UPDATE `xs_declare_progress` SET `declare_state`='-1',`declare_fail_reason`='1104-123' WHERE ( declare_id = 1 ) [ RunTime:0.0358s ]

[ 2017-08-28T15:46:04+08:00 ] 127.0.0.1 /office/index.php/Home/Declare/info.html?type=data
INFO: [ app_begin ] --START--
INFO: Run Behavior\ReadHtmlCacheBehavior [ RunTime:0.000014s ]
INFO: [ app_begin ] --END-- [ RunTime:0.000039s ]
SQL: SHOW COLUMNS FROM `xs_declare` [ RunTime:0.0197s ]
SQL: SELECT * FROM `xs_declare` WHERE ( teacher_department="材料工程系" )  [ RunTime:0.0008s ]

[ 2017-08-28T15:46:08+08:00 ] 127.0.0.1 /office/index.php/Home/Declare/info.html?type=fail
INFO: [ app_begin ] --START--
INFO: Run Behavior\ReadHtmlCacheBehavior [ RunTime:0.000017s ]
INFO: [ app_begin ] --END-- [ RunTime:0.000046s ]
SQL: SHOW COLUMNS FROM `xs_declare` [ RunTime:0.0084s ]
SQL: UPDATE `xs_declare` SET `declare_schedule`='-1' WHERE ( id = 1 ) [ RunTime:0.0952s ]
SQL: SHOW COLUMNS FROM `xs_declare_progress` [ RunTime:0.0010s ]
SQL: UPDATE `xs_declare_progress` SET `declare_state`='-1',`declare_fail_reason`='1104-11' WHERE ( declare_id = 1 ) [ RunTime:0.0232s ]

[ 2017-08-28T15:46:30+08:00 ] 127.0.0.1 /office/index.php/Home/Declare/info.html?type=data
INFO: [ app_begin ] --START--
INFO: Run Behavior\ReadHtmlCacheBehavior [ RunTime:0.000017s ]
INFO: [ app_begin ] --END-- [ RunTime:0.000043s ]
SQL: SHOW COLUMNS FROM `xs_declare` [ RunTime:0.0115s ]
SQL: SELECT * FROM `xs_declare` WHERE ( teacher_department="材料工程系" )  [ RunTime:0.0007s ]

[ 2017-08-28T15:46:33+08:00 ] 127.0.0.1 /office/index.php/Home/Declare/info.html?type=fail
INFO: [ app_begin ] --START--
INFO: Run Behavior\ReadHtmlCacheBehavior [ RunTime:0.000021s ]
INFO: [ app_begin ] --END-- [ RunTime:0.000082s ]
SQL: SHOW COLUMNS FROM `xs_declare` [ RunTime:0.0090s ]
SQL: UPDATE `xs_declare` SET `declare_schedule`='-1' WHERE ( id = 1 ) [ RunTime:0.0624s ]
SQL: SHOW COLUMNS FROM `xs_declare_progress` [ RunTime:0.0011s ]
SQL: UPDATE `xs_declare_progress` SET `declare_state`='-1',`declare_fail_reason`='1104-323' WHERE ( declare_id = 1 ) [ RunTime:0.0234s ]

[ 2017-08-28T15:47:53+08:00 ] 127.0.0.1 /office/index.php/Home/Declare/info.html?type=data
INFO: [ app_begin ] --START--
INFO: Run Behavior\ReadHtmlCacheBehavior [ RunTime:0.000015s ]
INFO: [ app_begin ] --END-- [ RunTime:0.000041s ]
SQL: SHOW COLUMNS FROM `xs_declare` [ RunTime:0.0039s ]
SQL: SELECT * FROM `xs_declare` WHERE ( teacher_department="材料工程系" )  [ RunTime:0.0003s ]

[ 2017-08-28T15:47:57+08:00 ] 127.0.0.1 /office/index.php/Home/Declare/info.html?type=fail
INFO: [ app_begin ] --START--
INFO: Run Behavior\ReadHtmlCacheBehavior [ RunTime:0.000017s ]
INFO: [ app_begin ] --END-- [ RunTime:0.000046s ]
SQL: SHOW COLUMNS FROM `xs_declare` [ RunTime:0.0190s ]
SQL: UPDATE `xs_declare` SET `declare_schedule`='-1' WHERE ( id = 1 ) [ RunTime:0.0395s ]
SQL: SHOW COLUMNS FROM `xs_declare_progress` [ RunTime:0.0014s ]
SQL: UPDATE `xs_declare_progress` SET `declare_state`='-1',`declare_fail_reason`='1104-ty' WHERE ( declare_id = 1 ) [ RunTime:0.0232s ]

[ 2017-08-28T15:49:35+08:00 ] 127.0.0.1 /office/index.php/Home/Declare/info.html?type=data
INFO: [ app_begin ] --START--
INFO: Run Behavior\ReadHtmlCacheBehavior [ RunTime:0.000018s ]
INFO: [ app_begin ] --END-- [ RunTime:0.000046s ]
SQL: SHOW COLUMNS FROM `xs_declare` [ RunTime:0.0290s ]
SQL: SELECT * FROM `xs_declare` WHERE ( teacher_department="材料工程系" )  [ RunTime:0.0009s ]

[ 2017-08-28T15:49:38+08:00 ] 127.0.0.1 /office/index.php/Home/Declare/info.html?type=fail
INFO: [ app_begin ] --START--
INFO: Run Behavior\ReadHtmlCacheBehavior [ RunTime:0.000017s ]
INFO: [ app_begin ] --END-- [ RunTime:0.000047s ]
SQL: SHOW COLUMNS FROM `xs_declare` [ RunTime:0.0015s ]
SQL: UPDATE `xs_declare` SET `declare_schedule`='-1' WHERE ( id = 1 ) [ RunTime:0.0566s ]
SQL: SHOW COLUMNS FROM `xs_declare_progress` [ RunTime:0.0022s ]
SQL: UPDATE `xs_declare_progress` SET `declare_state`='-1',`declare_fail_reason`='1104-ttttt' WHERE ( declare_id = 1 ) [ RunTime:0.0304s ]

[ 2017-08-28T15:51:12+08:00 ] 127.0.0.1 /office/index.php/Home/Declare/info.html?type=fail
INFO: [ app_begin ] --START--
INFO: Run Behavior\ReadHtmlCacheBehavior [ RunTime:0.000018s ]
INFO: [ app_begin ] --END-- [ RunTime:0.000049s ]
SQL: SHOW COLUMNS FROM `xs_declare` [ RunTime:0.0197s ]
SQL: UPDATE `xs_declare` SET `declare_schedule`='-1' WHERE ( id = 1 ) [ RunTime:0.0441s ]
SQL: SHOW COLUMNS FROM `xs_declare_progress` [ RunTime:0.0225s ]
ERR: 1366:Incorrect string value: '\xE9\x99\x84\xE4\xBB\xB6...' for column 'declare_fail_reason' at row 1
 [ SQL语句 ] : UPDATE `xs_declare_progress` SET `declare_state`='-1',`declare_fail_reason`='1104-1503906672-附件没有上传' WHERE ( declare_id = 1 )
ERR: 1366:Incorrect string value: '\xE9\x99\x84\xE4\xBB\xB6...' for column 'declare_fail_reason' at row 1
 [ SQL语句 ] : UPDATE `xs_declare_progress` SET `declare_state`='-1',`declare_fail_reason`='1104-1503906672-附件没有上传' WHERE ( declare_id = 1 )

[ 2017-08-28T15:52:10+08:00 ] 127.0.0.1 /office/index.php/Home/Declare/info.html?type=fail
INFO: [ app_begin ] --START--
INFO: Run Behavior\ReadHtmlCacheBehavior [ RunTime:0.000020s ]
INFO: [ app_begin ] --END-- [ RunTime:0.000052s ]
SQL: SHOW COLUMNS FROM `xs_declare` [ RunTime:0.0680s ]
SQL: UPDATE `xs_declare` SET `declare_schedule`='-1' WHERE ( id = 1 ) [ RunTime:0.0448s ]
SQL: SHOW COLUMNS FROM `xs_declare_progress` [ RunTime:0.0018s ]
ERR: 1366:Incorrect string value: '\xE9\x99\x84\xE4\xBB\xB6' for column 'declare_fail_reason' at row 1
 [ SQL语句 ] : UPDATE `xs_declare_progress` SET `declare_state`='-1',`declare_fail_reason`='1104-1503906730-附件' WHERE ( declare_id = 1 )
ERR: 1366:Incorrect string value: '\xE9\x99\x84\xE4\xBB\xB6' for column 'declare_fail_reason' at row 1
 [ SQL语句 ] : UPDATE `xs_declare_progress` SET `declare_state`='-1',`declare_fail_reason`='1104-1503906730-附件' WHERE ( declare_id = 1 )

[ 2017-08-28T15:52:14+08:00 ] 127.0.0.1 /office/index.php/Home/Declare/info.html?type=fail
INFO: [ app_begin ] --START--
INFO: Run Behavior\ReadHtmlCacheBehavior [ RunTime:0.000019s ]
INFO: [ app_begin ] --END-- [ RunTime:0.000051s ]
SQL: SHOW COLUMNS FROM `xs_declare` [ RunTime:0.0007s ]
SQL: UPDATE `xs_declare` SET `declare_schedule`='-1' WHERE ( id = 1 ) [ RunTime:0.0633s ]
SQL: SHOW COLUMNS FROM `xs_declare_progress` [ RunTime:0.0160s ]
ERR: 1366:Incorrect string value: '\xEF\xBC\x91\xEF\xBC\x91' for column 'declare_fail_reason' at row 1
 [ SQL语句 ] : UPDATE `xs_declare_progress` SET `declare_state`='-1',`declare_fail_reason`='1104-1503906734-１１' WHERE ( declare_id = 1 )
ERR: 1366:Incorrect string value: '\xEF\xBC\x91\xEF\xBC\x91' for column 'declare_fail_reason' at row 1
 [ SQL语句 ] : UPDATE `xs_declare_progress` SET `declare_state`='-1',`declare_fail_reason`='1104-1503906734-１１' WHERE ( declare_id = 1 )

[ 2017-08-28T15:52:18+08:00 ] 127.0.0.1 /office/index.php/Home/Declare/info.html?type=fail
INFO: [ app_begin ] --START--
INFO: Run Behavior\ReadHtmlCacheBehavior [ RunTime:0.000019s ]
INFO: [ app_begin ] --END-- [ RunTime:0.000051s ]
SQL: SHOW COLUMNS FROM `xs_declare` [ RunTime:0.0014s ]
SQL: UPDATE `xs_declare` SET `declare_schedule`='-1' WHERE ( id = 1 ) [ RunTime:0.0303s ]
SQL: SHOW COLUMNS FROM `xs_declare_progress` [ RunTime:0.0019s ]
SQL: UPDATE `xs_declare_progress` SET `declare_state`='-1',`declare_fail_reason`='1104-1503906738-ss' WHERE ( declare_id = 1 ) [ RunTime:0.0315s ]

[ 2017-08-28T15:53:38+08:00 ] 127.0.0.1 /office/index.php/Home/Declare/info.html?type=data
INFO: [ app_begin ] --START--
INFO: Run Behavior\ReadHtmlCacheBehavior [ RunTime:0.000015s ]
INFO: [ app_begin ] --END-- [ RunTime:0.000040s ]
SQL: SHOW COLUMNS FROM `xs_declare` [ RunTime:0.0128s ]
SQL: SELECT * FROM `xs_declare` WHERE ( teacher_department="材料工程系" )  [ RunTime:0.0297s ]

[ 2017-08-28T15:53:42+08:00 ] 127.0.0.1 /office/index.php/Home/Declare/info.html?type=fail
INFO: [ app_begin ] --START--
INFO: Run Behavior\ReadHtmlCacheBehavior [ RunTime:0.000017s ]
INFO: [ app_begin ] --END-- [ RunTime:0.000046s ]
SQL: SHOW COLUMNS FROM `xs_declare` [ RunTime:0.0027s ]
SQL: UPDATE `xs_declare` SET `declare_schedule`='-1' WHERE ( id = 1 ) [ RunTime:0.0740s ]
SQL: SHOW COLUMNS FROM `xs_declare_progress` [ RunTime:0.0010s ]
SQL: UPDATE `xs_declare_progress` SET `declare_state`='-1',`declare_fail_reason`='1104-1503906822-sdsaa' WHERE ( declare_id = 1 ) [ RunTime:0.0568s ]

[ 2017-08-28T15:53:52+08:00 ] 127.0.0.1 /office/index.php/Home/Declare/info.html?type=fail
INFO: [ app_begin ] --START--
INFO: Run Behavior\ReadHtmlCacheBehavior [ RunTime:0.000034s ]
INFO: [ app_begin ] --END-- [ RunTime:0.000088s ]
SQL: SHOW COLUMNS FROM `xs_declare` [ RunTime:0.0067s ]
SQL: UPDATE `xs_declare` SET `declare_schedule`='-1' WHERE ( id = 1 ) [ RunTime:0.0313s ]
SQL: SHOW COLUMNS FROM `xs_declare_progress` [ RunTime:0.0012s ]
ERR: 1366:Incorrect string value: '\xE5\x87\xA0\xE9\xA1\xBF...' for column 'declare_fail_reason' at row 1
 [ SQL语句 ] : UPDATE `xs_declare_progress` SET `declare_state`='-1',`declare_fail_reason`='1104-1503906832-几顿饭' WHERE ( declare_id = 1 )
ERR: 1366:Incorrect string value: '\xE5\x87\xA0\xE9\xA1\xBF...' for column 'declare_fail_reason' at row 1
 [ SQL语句 ] : UPDATE `xs_declare_progress` SET `declare_state`='-1',`declare_fail_reason`='1104-1503906832-几顿饭' WHERE ( declare_id = 1 )

[ 2017-08-28T15:58:32+08:00 ] 127.0.0.1 /office/index.php/Home/Declare/info.html?type=data
INFO: [ app_begin ] --START--
INFO: Run Behavior\ReadHtmlCacheBehavior [ RunTime:0.000037s ]
INFO: [ app_begin ] --END-- [ RunTime:0.000105s ]
SQL: SHOW COLUMNS FROM `xs_declare` [ RunTime:0.0139s ]
SQL: SELECT * FROM `xs_declare` WHERE ( teacher_department="材料工程系" )  [ RunTime:0.0008s ]

[ 2017-08-28T15:58:38+08:00 ] 127.0.0.1 /office/index.php/Home/Declare/info.html?type=fail
INFO: [ app_begin ] --START--
INFO: Run Behavior\ReadHtmlCacheBehavior [ RunTime:0.000053s ]
INFO: [ app_begin ] --END-- [ RunTime:0.000086s ]
SQL: SHOW COLUMNS FROM `xs_declare` [ RunTime:0.0186s ]
SQL: UPDATE `xs_declare` SET `declare_schedule`='-1' WHERE ( id = 1 ) [ RunTime:0.0410s ]
SQL: SHOW COLUMNS FROM `xs_declare_progress` [ RunTime:0.0013s ]
SQL: UPDATE `xs_declare_progress` SET `declare_state`='-1',`declare_fail_reason`='1104-1503907118-asd' WHERE ( declare_id = 1 ) [ RunTime:0.0483s ]

[ 2017-08-28T15:58:57+08:00 ] 127.0.0.1 /office/index.php/Home/Declare/info.html?type=data
INFO: [ app_begin ] --START--
INFO: Run Behavior\ReadHtmlCacheBehavior [ RunTime:0.000021s ]
INFO: [ app_begin ] --END-- [ RunTime:0.000079s ]
SQL: SHOW COLUMNS FROM `xs_declare` [ RunTime:0.0015s ]
SQL: SELECT * FROM `xs_declare` WHERE ( teacher_department="材料工程系" )  [ RunTime:0.0004s ]

[ 2017-08-28T15:59:05+08:00 ] 127.0.0.1 /office/index.php/Home/Declare/info.html?type=fail
INFO: [ app_begin ] --START--
INFO: Run Behavior\ReadHtmlCacheBehavior [ RunTime:0.000018s ]
INFO: [ app_begin ] --END-- [ RunTime:0.000050s ]
SQL: SHOW COLUMNS FROM `xs_declare` [ RunTime:0.0103s ]
SQL: UPDATE `xs_declare` SET `declare_schedule`='-1' WHERE ( id = 1 ) [ RunTime:0.0300s ]
SQL: SHOW COLUMNS FROM `xs_declare_progress` [ RunTime:0.0006s ]
SQL: UPDATE `xs_declare_progress` SET `declare_state`='-1',`declare_fail_reason`='1104-1503907145-12312132' WHERE ( declare_id = 1 ) [ RunTime:0.0241s ]

[ 2017-08-28T15:59:26+08:00 ] 127.0.0.1 /office/index.php/Home/Declare/info.html?type=fail
INFO: [ app_begin ] --START--
INFO: Run Behavior\ReadHtmlCacheBehavior [ RunTime:0.000020s ]
INFO: [ app_begin ] --END-- [ RunTime:0.000051s ]
SQL: SHOW COLUMNS FROM `xs_declare` [ RunTime:0.0015s ]
SQL: UPDATE `xs_declare` SET `declare_schedule`='-1' WHERE ( id = 1 ) [ RunTime:0.0266s ]
SQL: SHOW COLUMNS FROM `xs_declare_progress` [ RunTime:0.0607s ]
SQL: UPDATE `xs_declare_progress` SET `declare_state`='-1',`declare_fail_reason`='1104-1503907166-33' WHERE ( declare_id = 1 ) [ RunTime:0.0551s ]

[ 2017-08-28T16:29:49+08:00 ] 127.0.0.1 /office/index.php/Home/Declare/info.html?type=fail
INFO: [ app_begin ] --START--
INFO: Run Behavior\ReadHtmlCacheBehavior [ RunTime:0.000027s ]
INFO: [ app_begin ] --END-- [ RunTime:0.000081s ]
SQL: SHOW COLUMNS FROM `xs_declare` [ RunTime:0.0290s ]
SQL: UPDATE `xs_declare` SET `declare_schedule`='-1' WHERE ( id = 1 ) [ RunTime:0.0413s ]
SQL: SHOW COLUMNS FROM `xs_declare_progress` [ RunTime:0.0013s ]
SQL: UPDATE `xs_declare_progress` SET `declare_state`='-1',`declare_fail_reason`='1104-1503908989-12133332333333333' WHERE ( declare_id = 1 ) [ RunTime:0.0228s ]

[ 2017-08-28T16:34:18+08:00 ] 127.0.0.1 /office/index.php/Home/Declare/info.html?type=data
INFO: [ app_begin ] --START--
INFO: Run Behavior\ReadHtmlCacheBehavior [ RunTime:0.000016s ]
INFO: [ app_begin ] --END-- [ RunTime:0.000044s ]
SQL: SHOW COLUMNS FROM `xs_declare` [ RunTime:0.0175s ]
SQL: SELECT * FROM `xs_declare` WHERE ( teacher_department="材料工程系" )  [ RunTime:0.0004s ]

[ 2017-08-28T16:34:25+08:00 ] 127.0.0.1 /office/index.php/Home/Declare/info.html?type=fail
INFO: [ app_begin ] --START--
INFO: Run Behavior\ReadHtmlCacheBehavior [ RunTime:0.000019s ]
INFO: [ app_begin ] --END-- [ RunTime:0.000049s ]
SQL: SHOW COLUMNS FROM `xs_declare` [ RunTime:0.0018s ]
SQL: UPDATE `xs_declare` SET `declare_schedule`='-1' WHERE ( id = 1 ) [ RunTime:0.0453s ]
SQL: SHOW COLUMNS FROM `xs_declare_progress` [ RunTime:0.0012s ]
SQL: UPDATE `xs_declare_progress` SET `declare_state`='-1',`declare_fail_reason`='1104-1503909265-0' WHERE ( declare_id = 1 ) [ RunTime:0.0320s ]

[ 2017-08-28T16:34:43+08:00 ] 127.0.0.1 /office/index.php/Home/Declare/info.html?type=data
INFO: [ app_begin ] --START--
INFO: Run Behavior\ReadHtmlCacheBehavior [ RunTime:0.000015s ]
INFO: [ app_begin ] --END-- [ RunTime:0.000040s ]
SQL: SHOW COLUMNS FROM `xs_declare` [ RunTime:0.0196s ]
SQL: SELECT * FROM `xs_declare` WHERE ( teacher_department="材料工程系" )  [ RunTime:0.0005s ]

[ 2017-08-28T16:34:47+08:00 ] 127.0.0.1 /office/index.php/Home/Declare/info.html?type=fail
INFO: [ app_begin ] --START--
INFO: Run Behavior\ReadHtmlCacheBehavior [ RunTime:0.000016s ]
INFO: [ app_begin ] --END-- [ RunTime:0.000044s ]
SQL: SHOW COLUMNS FROM `xs_declare` [ RunTime:0.0085s ]
SQL: UPDATE `xs_declare` SET `declare_schedule`='-1' WHERE ( id = 1 ) [ RunTime:0.1013s ]
SQL: SHOW COLUMNS FROM `xs_declare_progress` [ RunTime:0.0010s ]
SQL: UPDATE `xs_declare_progress` SET `declare_state`='-1',`declare_fail_reason`='1104-1503909287-1' WHERE ( declare_id = 1 ) [ RunTime:0.0975s ]
INFO: [ app_end ] --START--
INFO: Run Behavior\ShowPageTraceBehavior [ RunTime:0.000122s ]
INFO: [ app_end ] --END-- [ RunTime:0.000144s ]

[ 2017-08-28T16:35:37+08:00 ] 127.0.0.1 /office/index.php/Home/Declare/info.html?type=data
INFO: [ app_begin ] --START--
INFO: Run Behavior\ReadHtmlCacheBehavior [ RunTime:0.000015s ]
INFO: [ app_begin ] --END-- [ RunTime:0.000040s ]
SQL: SHOW COLUMNS FROM `xs_declare` [ RunTime:0.0017s ]
SQL: SELECT * FROM `xs_declare` WHERE ( teacher_department="材料工程系" )  [ RunTime:0.0010s ]

[ 2017-08-28T16:35:41+08:00 ] 127.0.0.1 /office/index.php/Home/Declare/info.html?type=fail
INFO: [ app_begin ] --START--
INFO: Run Behavior\ReadHtmlCacheBehavior [ RunTime:0.000019s ]
INFO: [ app_begin ] --END-- [ RunTime:0.000051s ]
SQL: SHOW COLUMNS FROM `xs_declare` [ RunTime:0.0102s ]
SQL: UPDATE `xs_declare` SET `declare_schedule`='1' WHERE ( id = 1 ) [ RunTime:0.0620s ]
SQL: SHOW COLUMNS FROM `xs_declare_progress` [ RunTime:0.0007s ]
SQL: UPDATE `xs_declare_progress` SET `declare_state`='-1',`declare_fail_reason`='1104-1503909341-2' WHERE ( declare_id = 1 ) [ RunTime:0.0658s ]
INFO: [ app_end ] --START--
INFO: Run Behavior\ShowPageTraceBehavior [ RunTime:0.000064s ]
INFO: [ app_end ] --END-- [ RunTime:0.000082s ]

[ 2017-08-28T16:37:04+08:00 ] 127.0.0.1 /office/index.php/Home/Declare/info.html?type=data
INFO: [ app_begin ] --START--
INFO: Run Behavior\ReadHtmlCacheBehavior [ RunTime:0.000017s ]
INFO: [ app_begin ] --END-- [ RunTime:0.000049s ]
SQL: SHOW COLUMNS FROM `xs_declare` [ RunTime:0.0153s ]
SQL: SELECT * FROM `xs_declare` WHERE ( teacher_department="材料工程系" )  [ RunTime:0.0003s ]

[ 2017-08-28T16:37:28+08:00 ] 127.0.0.1 /office/index.php/Home/Declare/info.html?type=data
INFO: [ app_begin ] --START--
INFO: Run Behavior\ReadHtmlCacheBehavior [ RunTime:0.000015s ]
INFO: [ app_begin ] --END-- [ RunTime:0.000040s ]
SQL: SHOW COLUMNS FROM `xs_declare` [ RunTime:0.0031s ]
SQL: SELECT * FROM `xs_declare` WHERE ( teacher_department="材料工程系" )  [ RunTime:0.0008s ]

[ 2017-08-28T16:37:32+08:00 ] 127.0.0.1 /office/index.php/Home/Declare/info.html?type=fail
INFO: [ app_begin ] --START--
INFO: Run Behavior\ReadHtmlCacheBehavior [ RunTime:0.000017s ]
INFO: [ app_begin ] --END-- [ RunTime:0.000046s ]
SQL: SHOW COLUMNS FROM `xs_declare` [ RunTime:0.0133s ]
SQL: UPDATE `xs_declare` SET `declare_schedule`='-1' WHERE ( id = 1 ) [ RunTime:0.0426s ]
SQL: SHOW COLUMNS FROM `xs_declare_progress` [ RunTime:0.0009s ]
SQL: UPDATE `xs_declare_progress` SET `declare_state`='-1',`declare_fail_reason`='1104-1503909452-3' WHERE ( declare_id = 1 ) [ RunTime:0.0246s ]

[ 2017-08-28T16:39:07+08:00 ] 127.0.0.1 /office/index.php/Home/Declare/info.html?type=data
INFO: [ app_begin ] --START--
INFO: Run Behavior\ReadHtmlCacheBehavior [ RunTime:0.000016s ]
INFO: [ app_begin ] --END-- [ RunTime:0.000044s ]
SQL: SHOW COLUMNS FROM `xs_declare` [ RunTime:0.0177s ]
SQL: SELECT * FROM `xs_declare` WHERE ( teacher_department="材料工程系" )  [ RunTime:0.0007s ]

[ 2017-08-28T16:39:14+08:00 ] 127.0.0.1 /office/index.php/Home/Declare/info.html?type=fail
INFO: [ app_begin ] --START--
INFO: Run Behavior\ReadHtmlCacheBehavior [ RunTime:0.000020s ]
INFO: [ app_begin ] --END-- [ RunTime:0.000051s ]
SQL: SHOW COLUMNS FROM `xs_declare` [ RunTime:0.0050s ]
SQL: UPDATE `xs_declare` SET `declare_schedule`='-1' WHERE ( id = 1 ) [ RunTime:0.0309s ]
SQL: SHOW COLUMNS FROM `xs_declare_progress` [ RunTime:0.0009s ]
SQL: UPDATE `xs_declare_progress` SET `declare_state`='-1',`declare_fail_reason`='1104-1503909554-9' WHERE ( declare_id = 1 ) [ RunTime:0.0238s ]
INFO: [ app_end ] --START--
INFO: Run Behavior\ShowPageTraceBehavior [ RunTime:0.000119s ]
INFO: [ app_end ] --END-- [ RunTime:0.000150s ]

[ 2017-08-28T16:40:11+08:00 ] 127.0.0.1 /office/index.php/Home/Declare/info.html?type=data
INFO: [ app_begin ] --START--
INFO: Run Behavior\ReadHtmlCacheBehavior [ RunTime:0.000036s ]
INFO: [ app_begin ] --END-- [ RunTime:0.000099s ]
SQL: SHOW COLUMNS FROM `xs_declare` [ RunTime:0.0164s ]
SQL: SELECT * FROM `xs_declare` WHERE ( teacher_department="材料工程系" )  [ RunTime:0.0059s ]

[ 2017-08-28T16:40:15+08:00 ] 127.0.0.1 /office/index.php/Home/Declare/info.html?type=fail
INFO: [ app_begin ] --START--
INFO: Run Behavior\ReadHtmlCacheBehavior [ RunTime:0.000019s ]
INFO: [ app_begin ] --END-- [ RunTime:0.000052s ]
SQL: SHOW COLUMNS FROM `xs_declare` [ RunTime:0.0022s ]
SQL: UPDATE `xs_declare` SET `declare_schedule`='-1' WHERE ( id = 1 ) [ RunTime:0.0705s ]
SQL: SHOW COLUMNS FROM `xs_declare_progress` [ RunTime:0.0120s ]
SQL: UPDATE `xs_declare_progress` SET `declare_state`='-1',`declare_fail_reason`='1104-1503909615-ss' WHERE ( declare_id = 1 ) [ RunTime:0.0477s ]

[ 2017-08-28T16:41:15+08:00 ] 127.0.0.1 /office/index.php/Home/Declare/info.html?type=data
INFO: [ app_begin ] --START--
INFO: Run Behavior\ReadHtmlCacheBehavior [ RunTime:0.000015s ]
INFO: [ app_begin ] --END-- [ RunTime:0.000042s ]
SQL: SHOW COLUMNS FROM `xs_declare` [ RunTime:0.0088s ]
SQL: SELECT * FROM `xs_declare` WHERE ( teacher_department="材料工程系" )  [ RunTime:0.0003s ]

[ 2017-08-28T16:41:21+08:00 ] 127.0.0.1 /office/index.php/Home/Declare/info.html?type=fail
INFO: [ app_begin ] --START--
INFO: Run Behavior\ReadHtmlCacheBehavior [ RunTime:0.000019s ]
INFO: [ app_begin ] --END-- [ RunTime:0.000050s ]
SQL: SHOW COLUMNS FROM `xs_declare` [ RunTime:0.0022s ]
SQL: UPDATE `xs_declare` SET `declare_schedule`='-1' WHERE ( id = 1 ) [ RunTime:0.0344s ]
SQL: SHOW COLUMNS FROM `xs_declare_progress` [ RunTime:0.0011s ]
SQL: UPDATE `xs_declare_progress` SET `declare_state`='-1',`declare_fail_reason`='1104-1503909681-11111111' WHERE ( declare_id = 1 ) [ RunTime:0.0231s ]
INFO: [ app_end ] --START--
INFO: Run Behavior\ShowPageTraceBehavior [ RunTime:0.000070s ]
INFO: [ app_end ] --END-- [ RunTime:0.000090s ]

[ 2017-08-28T16:42:19+08:00 ] 127.0.0.1 /office/index.php/Home/Declare/info.html?type=data
INFO: [ app_begin ] --START--
INFO: Run Behavior\ReadHtmlCacheBehavior [ RunTime:0.000016s ]
INFO: [ app_begin ] --END-- [ RunTime:0.000042s ]
SQL: SHOW COLUMNS FROM `xs_declare` [ RunTime:0.0010s ]
SQL: SELECT * FROM `xs_declare` WHERE ( teacher_department="材料工程系" )  [ RunTime:0.0003s ]

[ 2017-08-28T16:42:24+08:00 ] 127.0.0.1 /office/index.php/Home/Declare/info.html?type=fail
INFO: [ app_begin ] --START--
INFO: Run Behavior\ReadHtmlCacheBehavior [ RunTime:0.000017s ]
INFO: [ app_begin ] --END-- [ RunTime:0.000049s ]
SQL: SHOW COLUMNS FROM `xs_declare` [ RunTime:0.0023s ]
SQL: UPDATE `xs_declare` SET `declare_schedule`='-1' WHERE ( id = 1 ) [ RunTime:0.0343s ]
SQL: SHOW COLUMNS FROM `xs_declare_progress` [ RunTime:0.0013s ]
SQL: UPDATE `xs_declare_progress` SET `declare_state`='-1',`declare_fail_reason`='1104-1503909744-66' WHERE ( declare_id = 1 ) [ RunTime:0.0318s ]
INFO: [ app_end ] --START--
INFO: Run Behavior\ShowPageTraceBehavior [ RunTime:0.000059s ]
INFO: [ app_end ] --END-- [ RunTime:0.000079s ]

[ 2017-08-28T16:44:17+08:00 ] 127.0.0.1 /office/index.php/Home/Declare/info.html?type=data
INFO: [ app_begin ] --START--
INFO: Run Behavior\ReadHtmlCacheBehavior [ RunTime:0.000018s ]
INFO: [ app_begin ] --END-- [ RunTime:0.000047s ]
SQL: SHOW COLUMNS FROM `xs_declare` [ RunTime:0.0082s ]
SQL: SELECT * FROM `xs_declare` WHERE ( teacher_department="材料工程系" )  [ RunTime:0.0005s ]

[ 2017-08-28T16:44:21+08:00 ] 127.0.0.1 /office/index.php/Home/Declare/info.html?type=fail
INFO: [ app_begin ] --START--
INFO: Run Behavior\ReadHtmlCacheBehavior [ RunTime:0.000019s ]
INFO: [ app_begin ] --END-- [ RunTime:0.000052s ]
SQL: SHOW COLUMNS FROM `xs_declare` [ RunTime:0.0186s ]
SQL: UPDATE `xs_declare` SET `declare_schedule`='-1' WHERE ( id = 1 ) [ RunTime:0.0526s ]
SQL: SHOW COLUMNS FROM `xs_declare_progress` [ RunTime:0.0018s ]
SQL: UPDATE `xs_declare_progress` SET `declare_state`='-1',`declare_fail_reason`='1104-1503909861-d' WHERE ( declare_id = 1 ) [ RunTime:0.0223s ]
INFO: [ app_end ] --START--
INFO: Run Behavior\ShowPageTraceBehavior [ RunTime:0.000065s ]
INFO: [ app_end ] --END-- [ RunTime:0.000084s ]

[ 2017-08-28T16:45:19+08:00 ] 127.0.0.1 /office/index.php/Home/Declare/info.html?type=data
INFO: [ app_begin ] --START--
INFO: Run Behavior\ReadHtmlCacheBehavior [ RunTime:0.000016s ]
INFO: [ app_begin ] --END-- [ RunTime:0.000042s ]
SQL: SHOW COLUMNS FROM `xs_declare` [ RunTime:0.0156s ]
SQL: SELECT * FROM `xs_declare` WHERE ( teacher_department="材料工程系" )  [ RunTime:0.0059s ]

[ 2017-08-28T16:45:24+08:00 ] 127.0.0.1 /office/index.php/Home/Declare/info.html?type=fail
INFO: [ app_begin ] --START--
INFO: Run Behavior\ReadHtmlCacheBehavior [ RunTime:0.000019s ]
INFO: [ app_begin ] --END-- [ RunTime:0.000048s ]
SQL: SHOW COLUMNS FROM `xs_declare` [ RunTime:0.0028s ]
SQL: UPDATE `xs_declare` SET `declare_schedule`='-1' WHERE ( id = 1 ) [ RunTime:0.0353s ]
SQL: SHOW COLUMNS FROM `xs_declare_progress` [ RunTime:0.0012s ]
SQL: UPDATE `xs_declare_progress` SET `declare_state`='-1',`declare_fail_reason`='1104-1503909924-66' WHERE ( declare_id = 1 ) [ RunTime:0.0478s ]

[ 2017-08-28T16:45:52+08:00 ] 127.0.0.1 /office/index.php/Home/Declare/info.html?type=data
INFO: [ app_begin ] --START--
INFO: Run Behavior\ReadHtmlCacheBehavior [ RunTime:0.000018s ]
INFO: [ app_begin ] --END-- [ RunTime:0.000047s ]
SQL: SHOW COLUMNS FROM `xs_declare` [ RunTime:0.0013s ]
SQL: SELECT * FROM `xs_declare` WHERE ( teacher_department="材料工程系" )  [ RunTime:0.0003s ]

[ 2017-08-28T16:45:57+08:00 ] 127.0.0.1 /office/index.php/Home/Declare/info.html?type=fail
INFO: [ app_begin ] --START--
INFO: Run Behavior\ReadHtmlCacheBehavior [ RunTime:0.000020s ]
INFO: [ app_begin ] --END-- [ RunTime:0.000053s ]
SQL: SHOW COLUMNS FROM `xs_declare` [ RunTime:0.0013s ]
SQL: UPDATE `xs_declare` SET `declare_schedule`='-1' WHERE ( id = 1 ) [ RunTime:0.0372s ]
SQL: SHOW COLUMNS FROM `xs_declare_progress` [ RunTime:0.0108s ]
SQL: UPDATE `xs_declare_progress` SET `declare_state`='-1',`declare_fail_reason`='1104-1503909957-33' WHERE ( declare_id = 1 ) [ RunTime:0.0388s ]

[ 2017-08-28T16:48:06+08:00 ] 127.0.0.1 /office/index.php/Home/Declare/info.html?type=data
INFO: [ app_begin ] --START--
INFO: Run Behavior\ReadHtmlCacheBehavior [ RunTime:0.000015s ]
INFO: [ app_begin ] --END-- [ RunTime:0.000040s ]
SQL: SHOW COLUMNS FROM `xs_declare` [ RunTime:0.0201s ]
SQL: SELECT * FROM `xs_declare` WHERE ( teacher_department="材料工程系" )  [ RunTime:0.0009s ]

[ 2017-08-28T16:48:10+08:00 ] 127.0.0.1 /office/index.php/Home/Declare/info.html?type=fail
INFO: [ app_begin ] --START--
INFO: Run Behavior\ReadHtmlCacheBehavior [ RunTime:0.000017s ]
INFO: [ app_begin ] --END-- [ RunTime:0.000046s ]
SQL: SHOW COLUMNS FROM `xs_declare` [ RunTime:0.0574s ]
SQL: UPDATE `xs_declare` SET `declare_schedule`='-1' WHERE ( id = 1 ) [ RunTime:0.0481s ]
SQL: SHOW COLUMNS FROM `xs_declare_progress` [ RunTime:0.0007s ]
SQL: UPDATE `xs_declare_progress` SET `declare_state`='-1',`declare_fail_reason`='1104-1503910090-22' WHERE ( declare_id = 1 ) [ RunTime:0.0325s ]

[ 2017-08-28T16:48:15+08:00 ] 127.0.0.1 /office/index.php/Home/Declare/info.html?type=fail
INFO: [ app_begin ] --START--
INFO: Run Behavior\ReadHtmlCacheBehavior [ RunTime:0.000027s ]
INFO: [ app_begin ] --END-- [ RunTime:0.000077s ]
SQL: SHOW COLUMNS FROM `xs_declare` [ RunTime:0.0012s ]
SQL: UPDATE `xs_declare` SET `declare_schedule`='-1' WHERE ( id = 1 ) [ RunTime:0.0355s ]
SQL: SHOW COLUMNS FROM `xs_declare_progress` [ RunTime:0.0006s ]
SQL: UPDATE `xs_declare_progress` SET `declare_state`='-1',`declare_fail_reason`='1104-1503910095-33' WHERE ( declare_id = 1 ) [ RunTime:0.0359s ]

[ 2017-08-28T16:49:32+08:00 ] 127.0.0.1 /office/index.php/Home/Declare/info.html?type=data
INFO: [ app_begin ] --START--
INFO: Run Behavior\ReadHtmlCacheBehavior [ RunTime:0.000031s ]
INFO: [ app_begin ] --END-- [ RunTime:0.000072s ]
SQL: SHOW COLUMNS FROM `xs_declare` [ RunTime:0.0193s ]
SQL: SELECT * FROM `xs_declare` WHERE ( teacher_department="材料工程系" )  [ RunTime:0.0003s ]

[ 2017-08-28T16:58:59+08:00 ] 127.0.0.1 /office/index.php/Home/Declare/info.html?type=data
INFO: [ app_begin ] --START--
INFO: Run Behavior\ReadHtmlCacheBehavior [ RunTime:0.000014s ]
INFO: [ app_begin ] --END-- [ RunTime:0.000041s ]
SQL: SHOW COLUMNS FROM `xs_declare` [ RunTime:0.0152s ]
SQL: SELECT * FROM `xs_declare` WHERE ( teacher_department="材料工程系" )  [ RunTime:0.0005s ]

[ 2017-08-28T16:59:25+08:00 ] 127.0.0.1 /office/index.php/Home/of
ERR: 无法加载控制器:Of

[ 2017-08-28T16:59:56+08:00 ] 127.0.0.1 /office/index.php/Home/Declare/info.html?type=data
INFO: [ app_begin ] --START--
INFO: Run Behavior\ReadHtmlCacheBehavior [ RunTime:0.000017s ]
INFO: [ app_begin ] --END-- [ RunTime:0.000044s ]
NOTIC: [8] Undefined variable: rs /var/www/html/office/Home/Controller/DeclareController.class.php 第 78 行.

[ 2017-08-28T16:59:59+08:00 ] 127.0.0.1 /office/index.php/Home/Declare/info.html?type=data
INFO: [ app_begin ] --START--
INFO: Run Behavior\ReadHtmlCacheBehavior [ RunTime:0.000014s ]
INFO: [ app_begin ] --END-- [ RunTime:0.000039s ]
NOTIC: [8] Undefined variable: rs /var/www/html/office/Home/Controller/DeclareController.class.php 第 78 行.

[ 2017-08-28T17:13:05+08:00 ] 127.0.0.1 /office/index.php/Home/Declare/info.html?type=data
INFO: [ app_begin ] --START--
INFO: Run Behavior\ReadHtmlCacheBehavior [ RunTime:0.000015s ]
INFO: [ app_begin ] --END-- [ RunTime:0.000040s ]
SQL: SHOW COLUMNS FROM `xs_declare` [ RunTime:0.0176s ]
SQL: SELECT * FROM `xs_declare` WHERE ( declare_schedule =2 )  [ RunTime:0.0330s ]

[ 2017-08-28T17:14:01+08:00 ] 127.0.0.1 /office/index.php/Home/Declare/info.html?type=data
INFO: [ app_begin ] --START--
INFO: Run Behavior\ReadHtmlCacheBehavior [ RunTime:0.000017s ]
INFO: [ app_begin ] --END-- [ RunTime:0.000043s ]
SQL: SHOW COLUMNS FROM `xs_declare` [ RunTime:0.0014s ]
SQL: SELECT * FROM `xs_declare` WHERE ( declare_schedule =1 )  [ RunTime:0.0004s ]

[ 2017-08-28T17:16:51+08:00 ] 127.0.0.1 /office/index.php/Home/Declare/info.html?type=data
INFO: [ app_begin ] --START--
INFO: Run Behavior\ReadHtmlCacheBehavior [ RunTime:0.000016s ]
INFO: [ app_begin ] --END-- [ RunTime:0.000041s ]
SQL: SHOW COLUMNS FROM `xs_declare` [ RunTime:0.0136s ]
SQL: SELECT * FROM `xs_declare` WHERE ( declare_schedule =1 )  [ RunTime:0.0004s ]

[ 2017-08-28T17:17:07+08:00 ] 127.0.0.1 /office/index.php/Home/Declare/info.html?type=data
INFO: [ app_begin ] --START--
INFO: Run Behavior\ReadHtmlCacheBehavior [ RunTime:0.000039s ]
INFO: [ app_begin ] --END-- [ RunTime:0.000101s ]
SQL: SHOW COLUMNS FROM `xs_declare` [ RunTime:0.0012s ]
SQL: SELECT * FROM `xs_declare` WHERE ( declare_schedule =1 )  [ RunTime:0.0003s ]

[ 2017-08-28T17:18:14+08:00 ] 127.0.0.1 /office/index.php/Home/Declare/info.html?type=data
INFO: [ app_begin ] --START--
INFO: Run Behavior\ReadHtmlCacheBehavior [ RunTime:0.000017s ]
INFO: [ app_begin ] --END-- [ RunTime:0.000044s ]
SQL: SHOW COLUMNS FROM `xs_declare` [ RunTime:0.0164s ]
SQL: SELECT * FROM `xs_declare` WHERE ( declare_schedule =1 )  [ RunTime:0.0005s ]

[ 2017-08-28T17:20:19+08:00 ] 127.0.0.1 /office/index.php/Home/Declare/info.html?type=data
INFO: [ app_begin ] --START--
INFO: Run Behavior\ReadHtmlCacheBehavior [ RunTime:0.000014s ]
INFO: [ app_begin ] --END-- [ RunTime:0.000055s ]
SQL: SHOW COLUMNS FROM `xs_declare` [ RunTime:0.0261s ]
SQL: SELECT * FROM `xs_declare` WHERE ( declare_schedule =1 )  [ RunTime:0.0006s ]

[ 2017-08-28T17:21:09+08:00 ] 127.0.0.1 /office/index.php/Home/Declare/info.html?type=data
INFO: [ app_begin ] --START--
INFO: Run Behavior\ReadHtmlCacheBehavior [ RunTime:0.000016s ]
INFO: [ app_begin ] --END-- [ RunTime:0.000042s ]
SQL: SHOW COLUMNS FROM `xs_declare` [ RunTime:0.0064s ]
SQL: SELECT * FROM `xs_declare` WHERE ( declare_schedule =1 )  [ RunTime:0.0089s ]

[ 2017-08-28T17:21:24+08:00 ] 127.0.0.1 /office/index.php/Home/Declare/info.html?type=data
INFO: [ app_begin ] --START--
INFO: Run Behavior\ReadHtmlCacheBehavior [ RunTime:0.000015s ]
INFO: [ app_begin ] --END-- [ RunTime:0.000041s ]
SQL: SHOW COLUMNS FROM `xs_declare` [ RunTime:0.0033s ]
SQL: SELECT * FROM `xs_declare` WHERE ( declare_schedule =1 )  [ RunTime:0.0004s ]

[ 2017-08-28T17:21:46+08:00 ] 127.0.0.1 /office/index.php/Home/Declare/info.html?type=data
INFO: [ app_begin ] --START--
INFO: Run Behavior\ReadHtmlCacheBehavior [ RunTime:0.000022s ]
INFO: [ app_begin ] --END-- [ RunTime:0.000051s ]
SQL: SHOW COLUMNS FROM `xs_declare` [ RunTime:0.0151s ]
SQL: SELECT * FROM `xs_declare` WHERE ( declare_schedule =1 )  [ RunTime:0.0003s ]

[ 2017-08-28T17:21:58+08:00 ] 127.0.0.1 /office/index.php/Home/Declare/info.html?type=data
INFO: [ app_begin ] --START--
INFO: Run Behavior\ReadHtmlCacheBehavior [ RunTime:0.000020s ]
INFO: [ app_begin ] --END-- [ RunTime:0.000052s ]
SQL: SHOW COLUMNS FROM `xs_declare` [ RunTime:0.0011s ]
SQL: SELECT * FROM `xs_declare` WHERE ( declare_schedule =1 )  [ RunTime:0.0004s ]

[ 2017-08-28T17:22:23+08:00 ] 127.0.0.1 /office/index.php/Home/Declare/info.html?type=data
INFO: [ app_begin ] --START--
INFO: Run Behavior\ReadHtmlCacheBehavior [ RunTime:0.000014s ]
INFO: [ app_begin ] --END-- [ RunTime:0.000039s ]
SQL: SHOW COLUMNS FROM `xs_declare` [ RunTime:0.0014s ]
SQL: SELECT * FROM `xs_declare` WHERE ( declare_schedule =1 )  [ RunTime:0.0006s ]

[ 2017-08-28T17:22:49+08:00 ] 127.0.0.1 /office/index.php/Home/Declare/info.html?type=check
INFO: [ app_begin ] --START--
INFO: Run Behavior\ReadHtmlCacheBehavior [ RunTime:0.000019s ]
INFO: [ app_begin ] --END-- [ RunTime:0.000049s ]
SQL: SHOW COLUMNS FROM `xs_declare` [ RunTime:0.0021s ]
SQL: UPDATE `xs_declare` SET `declare_schedule`='2' WHERE ( id =1 ) [ RunTime:0.0375s ]
SQL: SHOW COLUMNS FROM `xs_declare_progress` [ RunTime:0.0006s ]
SQL: UPDATE `xs_declare_progress` SET `declare_state`='2',`second_check`='1111',`second_time`='1503912169' WHERE ( declare_id =1 ) [ RunTime:0.0326s ]
INFO: [ app_end ] --START--
INFO: Run Behavior\ShowPageTraceBehavior [ RunTime:0.000353s ]
INFO: [ app_end ] --END-- [ RunTime:0.000400s ]

[ 2017-08-28T17:24:02+08:00 ] 127.0.0.1 /office/index.php/Home/Declare/info.html?type=data
INFO: [ app_begin ] --START--
INFO: Run Behavior\ReadHtmlCacheBehavior [ RunTime:0.000015s ]
INFO: [ app_begin ] --END-- [ RunTime:0.000042s ]
SQL: SHOW COLUMNS FROM `xs_declare` [ RunTime:0.0011s ]
SQL: SELECT * FROM `xs_declare` WHERE ( declare_schedule =1 )  [ RunTime:0.0003s ]

[ 2017-08-28T17:25:57+08:00 ] 127.0.0.1 /office/index.php/Home/Declare/info.html?type=data
INFO: [ app_begin ] --START--
INFO: Run Behavior\ReadHtmlCacheBehavior [ RunTime:0.000017s ]
INFO: [ app_begin ] --END-- [ RunTime:0.000048s ]
SQL: SHOW COLUMNS FROM `xs_declare` [ RunTime:0.0067s ]
SQL: SELECT * FROM `xs_declare` WHERE ( declare_schedule >= 1 )  [ RunTime:0.0005s ]

[ 2017-08-28T18:54:55+08:00 ] 127.0.0.1 /office/index.php/Home/Declare/info.html?type=data
INFO: [ app_begin ] --START--
INFO: Run Behavior\ReadHtmlCacheBehavior [ RunTime:0.000016s ]
INFO: [ app_begin ] --END-- [ RunTime:0.000043s ]
SQL: SHOW COLUMNS FROM `xs_declare` [ RunTime:0.0661s ]
SQL: SELECT * FROM `xs_declare` WHERE ( declare_schedule >= 1 )  [ RunTime:0.0003s ]

[ 2017-08-28T18:54:57+08:00 ] 127.0.0.1 /office/index.php/Home/Declare/info.html?type=check
INFO: [ app_begin ] --START--
INFO: Run Behavior\ReadHtmlCacheBehavior [ RunTime:0.000037s ]
INFO: [ app_begin ] --END-- [ RunTime:0.000095s ]
SQL: SHOW COLUMNS FROM `xs_declare` [ RunTime:0.0102s ]
SQL: UPDATE `xs_declare` SET `declare_schedule`='2' WHERE ( id =2 ) [ RunTime:0.0414s ]
SQL: SHOW COLUMNS FROM `xs_declare_progress` [ RunTime:0.0007s ]
SQL: UPDATE `xs_declare_progress` SET `declare_state`='2',`second_check`='1111',`second_time`='1503917697' WHERE ( declare_id =2 ) [ RunTime:0.0410s ]
INFO: [ app_end ] --START--
INFO: Run Behavior\ShowPageTraceBehavior [ RunTime:0.000065s ]
INFO: [ app_end ] --END-- [ RunTime:0.000084s ]

[ 2017-08-28T18:57:17+08:00 ] 127.0.0.1 /office/index.php/Home/Declare/info.html?type=data
INFO: [ app_begin ] --START--
INFO: Run Behavior\ReadHtmlCacheBehavior [ RunTime:0.000015s ]
INFO: [ app_begin ] --END-- [ RunTime:0.000042s ]
SQL: SHOW COLUMNS FROM `xs_declare` [ RunTime:0.0117s ]
SQL: SELECT * FROM `xs_declare` WHERE ( declare_schedule >= 1 )  [ RunTime:0.0004s ]

