[ 2017-09-01T09:44:17+08:00 ] 127.0.0.1 /office/index.php/Home/Mail/index.html?type=data
INFO: [ app_begin ] --START--
INFO: Run Behavior\ReadHtmlCacheBehavior [ RunTime:0.000014s ]
INFO: [ app_begin ] --END-- [ RunTime:0.000039s ]
SQL: SHOW COLUMNS FROM `xs_auth_group_access` [ RunTime:0.0006s ]
SQL: SELECT `uid`,`group_id`,`title`,`rules` FROM xs_auth_group_access a INNER JOIN xs_auth_group g on a.group_id=g.id  WHERE ( a.uid='1128' and g.status='1' )  [ RunTime:0.0004s ]
SQL: SHOW COLUMNS FROM `xs_auth_rule` [ RunTime:0.0005s ]
SQL: SELECT `condition`,`name` FROM `xs_auth_rule` WHERE `id` IN ('1','2','3','6','7') AND `type` = 1 AND `status` = 1  [ RunTime:0.0003s ]
SQL: SHOW COLUMNS FROM `xs_mail` [ RunTime:0.0014s ]
NOTIC: [2] Missing argument 1 for Think\Model::where(), called in /var/www/html/office/Home/Controller/MailController.class.php on line 16 and defined /var/www/html/office/ThinkPHP/Library/Think/Model.class.php 第 1797 行.
NOTIC: [8] Undefined variable: where /var/www/html/office/ThinkPHP/Library/Think/Model.class.php 第 1805 行.
NOTIC: [8] Undefined variable: where /var/www/html/office/ThinkPHP/Library/Think/Model.class.php 第 1808 行.
NOTIC: [8] Undefined variable: where /var/www/html/office/ThinkPHP/Library/Think/Model.class.php 第 1816 行.
SQL: SELECT * FROM `xs_mail`  [ RunTime:0.0003s ]
INFO: [ app_end ] --START--
INFO: Run Behavior\ShowPageTraceBehavior [ RunTime:0.000042s ]
INFO: [ app_end ] --END-- [ RunTime:0.000060s ]

[ 2017-09-01T10:57:03+08:00 ] 127.0.0.1 /office/index.php/Home/Mail/index.html?type=data
INFO: [ app_begin ] --START--
INFO: Run Behavior\ReadHtmlCacheBehavior [ RunTime:0.000017s ]
INFO: [ app_begin ] --END-- [ RunTime:0.000045s ]
SQL: SHOW COLUMNS FROM `xs_auth_group_access` [ RunTime:0.0007s ]
SQL: SELECT `uid`,`group_id`,`title`,`rules` FROM xs_auth_group_access a INNER JOIN xs_auth_group g on a.group_id=g.id  WHERE ( a.uid='1104' and g.status='1' )  [ RunTime:0.0005s ]
SQL: SHOW COLUMNS FROM `xs_auth_rule` [ RunTime:0.0005s ]
SQL: SELECT `condition`,`name` FROM `xs_auth_rule` WHERE `id` IN ('1','2','3','4','6','7') AND `type` = 1 AND `status` = 1  [ RunTime:0.0005s ]
SQL: SHOW COLUMNS FROM `xs_mail` [ RunTime:0.0005s ]
ERR: 1054:Unknown column 'mail_ro_id' in 'where clause'
 [ SQL语句 ] : SELECT * FROM `xs_mail` WHERE ( mail_to_id =1104 or mail_ro_id =0 ) 
ERR: 1054:Unknown column 'mail_ro_id' in 'where clause'
 [ SQL语句 ] : SELECT * FROM `xs_mail` WHERE ( mail_to_id =1104 or mail_ro_id =0 ) 

[ 2017-09-01T10:57:14+08:00 ] 127.0.0.1 /office/index.php/Home/Mail/index.html?type=data
INFO: [ app_begin ] --START--
INFO: Run Behavior\ReadHtmlCacheBehavior [ RunTime:0.000020s ]
INFO: [ app_begin ] --END-- [ RunTime:0.000053s ]
SQL: SHOW COLUMNS FROM `xs_auth_group_access` [ RunTime:0.0006s ]
SQL: SELECT `uid`,`group_id`,`title`,`rules` FROM xs_auth_group_access a INNER JOIN xs_auth_group g on a.group_id=g.id  WHERE ( a.uid='1104' and g.status='1' )  [ RunTime:0.0008s ]
SQL: SHOW COLUMNS FROM `xs_auth_rule` [ RunTime:0.0006s ]
SQL: SELECT `condition`,`name` FROM `xs_auth_rule` WHERE `id` IN ('1','2','3','4','6','7') AND `type` = 1 AND `status` = 1  [ RunTime:0.0003s ]
SQL: SHOW COLUMNS FROM `xs_mail` [ RunTime:0.0005s ]
ERR: 1054:Unknown column 'mail_ro_id' in 'where clause'
 [ SQL语句 ] : SELECT * FROM `xs_mail` WHERE ( mail_to_id =1104 or mail_ro_id =0 ) 
ERR: 1054:Unknown column 'mail_ro_id' in 'where clause'
 [ SQL语句 ] : SELECT * FROM `xs_mail` WHERE ( mail_to_id =1104 or mail_ro_id =0 ) 

[ 2017-09-01T10:57:32+08:00 ] 127.0.0.1 /office/index.php/Home/Mail/index.html?type=data
INFO: [ app_begin ] --START--
INFO: Run Behavior\ReadHtmlCacheBehavior [ RunTime:0.000033s ]
INFO: [ app_begin ] --END-- [ RunTime:0.000089s ]
SQL: SHOW COLUMNS FROM `xs_auth_group_access` [ RunTime:0.0007s ]
SQL: SELECT `uid`,`group_id`,`title`,`rules` FROM xs_auth_group_access a INNER JOIN xs_auth_group g on a.group_id=g.id  WHERE ( a.uid='1104' and g.status='1' )  [ RunTime:0.0009s ]
SQL: SHOW COLUMNS FROM `xs_auth_rule` [ RunTime:0.0007s ]
SQL: SELECT `condition`,`name` FROM `xs_auth_rule` WHERE `id` IN ('1','2','3','4','6','7') AND `type` = 1 AND `status` = 1  [ RunTime:0.0003s ]
SQL: SHOW COLUMNS FROM `xs_mail` [ RunTime:0.0011s ]
SQL: SELECT * FROM `xs_mail` WHERE ( mail_to_id =1104 or mail_to_id =0 )  [ RunTime:0.0003s ]

[ 2017-09-01T13:34:03+08:00 ] 127.0.0.1 /office/index.php/Home/Mail/index.html?type=data
INFO: [ app_begin ] --START--
INFO: Run Behavior\ReadHtmlCacheBehavior [ RunTime:0.000015s ]
INFO: [ app_begin ] --END-- [ RunTime:0.000041s ]
SQL: SHOW COLUMNS FROM `xs_auth_group_access` [ RunTime:0.0005s ]
SQL: SELECT `uid`,`group_id`,`title`,`rules` FROM xs_auth_group_access a INNER JOIN xs_auth_group g on a.group_id=g.id  WHERE ( a.uid='1104' and g.status='1' )  [ RunTime:0.0004s ]
SQL: SHOW COLUMNS FROM `xs_auth_rule` [ RunTime:0.0005s ]
SQL: SELECT `condition`,`name` FROM `xs_auth_rule` WHERE `id` IN ('1','2','3','4','6','7') AND `type` = 1 AND `status` = 1  [ RunTime:0.0003s ]
SQL: SHOW COLUMNS FROM `xs_mail` [ RunTime:0.0006s ]
SQL: SELECT * FROM `xs_mail` INNER JOIN xs_teacher on xs_teacher.teacher_id = xs_mail.mail_from_id  WHERE ( mail_to_id =1104 or mail_to_id =0 )  [ RunTime:0.0199s ]

[ 2017-09-01T13:53:58+08:00 ] 127.0.0.1 /office/index.php/Home/Declare/info.html?type=data
INFO: [ app_begin ] --START--
INFO: Run Behavior\ReadHtmlCacheBehavior [ RunTime:0.000014s ]
INFO: [ app_begin ] --END-- [ RunTime:0.000041s ]
SQL: SHOW COLUMNS FROM `xs_auth_group_access` [ RunTime:0.0005s ]
SQL: SELECT `uid`,`group_id`,`title`,`rules` FROM xs_auth_group_access a INNER JOIN xs_auth_group g on a.group_id=g.id  WHERE ( a.uid='1104' and g.status='1' )  [ RunTime:0.0003s ]
SQL: SHOW COLUMNS FROM `xs_auth_rule` [ RunTime:0.0004s ]
SQL: SELECT `condition`,`name` FROM `xs_auth_rule` WHERE `id` IN ('1','2','3','4','6','7') AND `type` = 1 AND `status` = 1  [ RunTime:0.0002s ]
SQL: SHOW COLUMNS FROM `xs_declare` [ RunTime:0.0566s ]
SQL: SELECT xs_declare.id,xs_declare.teacher_id,xs_declare.declare_title,xs_declare.add_time,xs_declare.declare_attachment,xs_teacher.teacher_name,xs_teacher.teacher_name,xs_declare_progress.declare_state FROM `xs_declare` INNER JOIN xs_teacher  on xs_teacher.teacher_id = xs_declare.teacher_id INNER JOIN xs_declare_progress on  xs_declare_progress.declare_id=xs_declare.id  WHERE ( xs_teacher.teacher_department="材料工程系" ) ORDER BY xs_declare.add_time desc  [ RunTime:0.0294s ]

[ 2017-09-01T13:57:05+08:00 ] 127.0.0.1 /office/index.php/Home/Declare/info.html?type=data
INFO: [ app_begin ] --START--
INFO: Run Behavior\ReadHtmlCacheBehavior [ RunTime:0.000015s ]
INFO: [ app_begin ] --END-- [ RunTime:0.000042s ]
SQL: SHOW COLUMNS FROM `xs_auth_group_access` [ RunTime:0.0006s ]
SQL: SELECT `uid`,`group_id`,`title`,`rules` FROM xs_auth_group_access a INNER JOIN xs_auth_group g on a.group_id=g.id  WHERE ( a.uid='1104' and g.status='1' )  [ RunTime:0.0003s ]
SQL: SHOW COLUMNS FROM `xs_auth_rule` [ RunTime:0.0005s ]
SQL: SELECT `condition`,`name` FROM `xs_auth_rule` WHERE `id` IN ('1','2','3','4','6','7') AND `type` = 1 AND `status` = 1  [ RunTime:0.0005s ]
SQL: SHOW COLUMNS FROM `xs_declare` [ RunTime:0.0014s ]
SQL: SELECT xs_declare.id,xs_declare.teacher_id,xs_declare.declare_title,xs_declare.add_time,xs_declare.declare_attachment,xs_teacher.teacher_name,xs_teacher.teacher_name,xs_declare_progress.declare_state FROM `xs_declare` INNER JOIN xs_teacher  on xs_teacher.teacher_id = xs_declare.teacher_id INNER JOIN xs_declare_progress on  xs_declare_progress.declare_id=xs_declare.id  WHERE ( xs_teacher.teacher_department="材料工程系" ) ORDER BY xs_declare.add_time desc  [ RunTime:0.0007s ]

[ 2017-09-01T14:11:12+08:00 ] 127.0.0.1 /office/index.php/Home/Declare/timeLine.html?id=1
ERR: 1052:Column 'teacher_id' in on clause is ambiguous
 [ SQL语句 ] : SELECT * FROM `xs_declare` INNER JOIN xs_declare_progress on xs_declare.id = xs_declare_progress.declare_id INNER JOIN xs_teacher  on teacher_id=xs_declare.teacher_id  WHERE ( xs_declare.id =1 ) LIMIT 1  

[ 2017-09-01T14:23:00+08:00 ] 127.0.0.1 /office/index.php/Home/Mail/index.html?type=data
INFO: [ app_begin ] --START--
INFO: Run Behavior\ReadHtmlCacheBehavior [ RunTime:0.000014s ]
INFO: [ app_begin ] --END-- [ RunTime:0.000041s ]
SQL: SHOW COLUMNS FROM `xs_auth_group_access` [ RunTime:0.0005s ]
SQL: SELECT `uid`,`group_id`,`title`,`rules` FROM xs_auth_group_access a INNER JOIN xs_auth_group g on a.group_id=g.id  WHERE ( a.uid='1104' and g.status='1' )  [ RunTime:0.0003s ]
SQL: SHOW COLUMNS FROM `xs_auth_rule` [ RunTime:0.0007s ]
SQL: SELECT `condition`,`name` FROM `xs_auth_rule` WHERE `id` IN ('1','2','3','4','6','7') AND `type` = 1 AND `status` = 1  [ RunTime:0.0003s ]
SQL: SHOW COLUMNS FROM `xs_mail` [ RunTime:0.0015s ]
SQL: SELECT * FROM `xs_mail` INNER JOIN xs_teacher on xs_teacher.teacher_id = xs_mail.mail_from_id  WHERE ( mail_to_id =1104 or mail_to_id =0 )  [ RunTime:0.0016s ]

[ 2017-09-01T14:25:52+08:00 ] 127.0.0.1 /office/index.php/Home/Ques/all_ques.html
ERR: 无法加载控制器:Ques

[ 2017-09-01T14:25:54+08:00 ] 127.0.0.1 /office/index.php/Home/Mail/index.html?type=data
INFO: [ app_begin ] --START--
INFO: Run Behavior\ReadHtmlCacheBehavior [ RunTime:0.000015s ]
INFO: [ app_begin ] --END-- [ RunTime:0.000041s ]
SQL: SHOW COLUMNS FROM `xs_auth_group_access` [ RunTime:0.0005s ]
SQL: SELECT `uid`,`group_id`,`title`,`rules` FROM xs_auth_group_access a INNER JOIN xs_auth_group g on a.group_id=g.id  WHERE ( a.uid='1104' and g.status='1' )  [ RunTime:0.0003s ]
SQL: SHOW COLUMNS FROM `xs_auth_rule` [ RunTime:0.0004s ]
SQL: SELECT `condition`,`name` FROM `xs_auth_rule` WHERE `id` IN ('1','2','3','4','6','7') AND `type` = 1 AND `status` = 1  [ RunTime:0.0002s ]
SQL: SHOW COLUMNS FROM `xs_mail` [ RunTime:0.0004s ]
SQL: SELECT * FROM `xs_mail` INNER JOIN xs_teacher on xs_teacher.teacher_id = xs_mail.mail_from_id  WHERE ( mail_to_id =1104 or mail_to_id =0 )  [ RunTime:0.0004s ]

[ 2017-09-01T14:34:10+08:00 ] 127.0.0.1 /office/index.php/Home/Mail/index.html?type=data
INFO: [ app_begin ] --START--
INFO: Run Behavior\ReadHtmlCacheBehavior [ RunTime:0.000016s ]
INFO: [ app_begin ] --END-- [ RunTime:0.000042s ]
SQL: SHOW COLUMNS FROM `xs_auth_group_access` [ RunTime:0.0005s ]
SQL: SELECT `uid`,`group_id`,`title`,`rules` FROM xs_auth_group_access a INNER JOIN xs_auth_group g on a.group_id=g.id  WHERE ( a.uid='1104' and g.status='1' )  [ RunTime:0.0003s ]
SQL: SHOW COLUMNS FROM `xs_auth_rule` [ RunTime:0.0004s ]
SQL: SELECT `condition`,`name` FROM `xs_auth_rule` WHERE `id` IN ('1','2','3','4','6','7') AND `type` = 1 AND `status` = 1  [ RunTime:0.0002s ]
SQL: SHOW COLUMNS FROM `xs_mail` [ RunTime:0.0004s ]
SQL: SELECT * FROM `xs_mail` INNER JOIN xs_teacher on xs_teacher.teacher_id = xs_mail.mail_from_id  WHERE ( mail_to_id =1104 or mail_to_id =0 )  [ RunTime:0.0004s ]

[ 2017-09-01T14:35:06+08:00 ] 127.0.0.1 /office/index.php/Home/Mail/index.html?type=data
INFO: [ app_begin ] --START--
INFO: Run Behavior\ReadHtmlCacheBehavior [ RunTime:0.000016s ]
INFO: [ app_begin ] --END-- [ RunTime:0.000042s ]
SQL: SHOW COLUMNS FROM `xs_auth_group_access` [ RunTime:0.0005s ]
SQL: SELECT `uid`,`group_id`,`title`,`rules` FROM xs_auth_group_access a INNER JOIN xs_auth_group g on a.group_id=g.id  WHERE ( a.uid='1104' and g.status='1' )  [ RunTime:0.0003s ]
SQL: SHOW COLUMNS FROM `xs_auth_rule` [ RunTime:0.0004s ]
SQL: SELECT `condition`,`name` FROM `xs_auth_rule` WHERE `id` IN ('1','2','3','4','6','7') AND `type` = 1 AND `status` = 1  [ RunTime:0.0003s ]
SQL: SHOW COLUMNS FROM `xs_mail` [ RunTime:0.0005s ]
SQL: SELECT * FROM `xs_mail` INNER JOIN xs_teacher on xs_teacher.teacher_id = xs_mail.mail_from_id  WHERE ( mail_to_id =1104 or mail_to_id =0 )  [ RunTime:0.0003s ]

[ 2017-09-01T14:46:19+08:00 ] 127.0.0.1 /office/index.php/Home/Mail/index.html?type=data
INFO: [ app_begin ] --START--
INFO: Run Behavior\ReadHtmlCacheBehavior [ RunTime:0.000017s ]
INFO: [ app_begin ] --END-- [ RunTime:0.000044s ]
SQL: SHOW COLUMNS FROM `xs_auth_group_access` [ RunTime:0.0008s ]
SQL: SELECT `uid`,`group_id`,`title`,`rules` FROM xs_auth_group_access a INNER JOIN xs_auth_group g on a.group_id=g.id  WHERE ( a.uid='1104' and g.status='1' )  [ RunTime:0.0004s ]
SQL: SHOW COLUMNS FROM `xs_auth_rule` [ RunTime:0.0005s ]
SQL: SELECT `condition`,`name` FROM `xs_auth_rule` WHERE `id` IN ('1','2','3','4','6','7') AND `type` = 1 AND `status` = 1  [ RunTime:0.0004s ]
SQL: SHOW COLUMNS FROM `xs_mail` [ RunTime:0.0006s ]
SQL: SELECT * FROM `xs_mail` INNER JOIN xs_teacher on xs_teacher.teacher_id = xs_mail.mail_from_id  WHERE ( mail_to_id =1104 or mail_to_id =0 )  [ RunTime:0.0004s ]

[ 2017-09-01T14:51:31+08:00 ] 127.0.0.1 /office/index.php/Home/Mail/index.html?type=data
INFO: [ app_begin ] --START--
INFO: Run Behavior\ReadHtmlCacheBehavior [ RunTime:0.000015s ]
INFO: [ app_begin ] --END-- [ RunTime:0.000043s ]
SQL: SHOW COLUMNS FROM `xs_auth_group_access` [ RunTime:0.0005s ]
SQL: SELECT `uid`,`group_id`,`title`,`rules` FROM xs_auth_group_access a INNER JOIN xs_auth_group g on a.group_id=g.id  WHERE ( a.uid='1104' and g.status='1' )  [ RunTime:0.0003s ]
SQL: SHOW COLUMNS FROM `xs_auth_rule` [ RunTime:0.0014s ]
SQL: SELECT `condition`,`name` FROM `xs_auth_rule` WHERE `id` IN ('1','2','3','4','6','7') AND `type` = 1 AND `status` = 1  [ RunTime:0.0004s ]
SQL: SHOW COLUMNS FROM `xs_mail` [ RunTime:0.0005s ]
SQL: SELECT * FROM `xs_mail` INNER JOIN xs_teacher on xs_teacher.teacher_id = xs_mail.mail_from_id  WHERE ( mail_to_id =1104 or mail_to_id =0 )  [ RunTime:0.0004s ]

[ 2017-09-01T14:53:11+08:00 ] 127.0.0.1 /office/index.php/Home/Mail/index.html?type=data
INFO: [ app_begin ] --START--
INFO: Run Behavior\ReadHtmlCacheBehavior [ RunTime:0.000016s ]
INFO: [ app_begin ] --END-- [ RunTime:0.000042s ]
SQL: SHOW COLUMNS FROM `xs_auth_group_access` [ RunTime:0.0005s ]
SQL: SELECT `uid`,`group_id`,`title`,`rules` FROM xs_auth_group_access a INNER JOIN xs_auth_group g on a.group_id=g.id  WHERE ( a.uid='1104' and g.status='1' )  [ RunTime:0.0006s ]
SQL: SHOW COLUMNS FROM `xs_auth_rule` [ RunTime:0.0004s ]
SQL: SELECT `condition`,`name` FROM `xs_auth_rule` WHERE `id` IN ('1','2','3','4','6','7') AND `type` = 1 AND `status` = 1  [ RunTime:0.0004s ]
SQL: SHOW COLUMNS FROM `xs_mail` [ RunTime:0.0006s ]
SQL: SELECT * FROM `xs_mail` INNER JOIN xs_teacher on xs_teacher.teacher_id = xs_mail.mail_from_id  WHERE ( mail_to_id =1104 or mail_to_id =0 )  [ RunTime:0.0004s ]

[ 2017-09-01T14:53:40+08:00 ] 127.0.0.1 /office/index.php/Home/Mail/index.html?type=data
INFO: [ app_begin ] --START--
INFO: Run Behavior\ReadHtmlCacheBehavior [ RunTime:0.000016s ]
INFO: [ app_begin ] --END-- [ RunTime:0.000043s ]
SQL: SHOW COLUMNS FROM `xs_auth_group_access` [ RunTime:0.0005s ]
SQL: SELECT `uid`,`group_id`,`title`,`rules` FROM xs_auth_group_access a INNER JOIN xs_auth_group g on a.group_id=g.id  WHERE ( a.uid='1104' and g.status='1' )  [ RunTime:0.0003s ]
SQL: SHOW COLUMNS FROM `xs_auth_rule` [ RunTime:0.0004s ]
SQL: SELECT `condition`,`name` FROM `xs_auth_rule` WHERE `id` IN ('1','2','3','4','6','7') AND `type` = 1 AND `status` = 1  [ RunTime:0.0002s ]
SQL: SHOW COLUMNS FROM `xs_mail` [ RunTime:0.0005s ]
SQL: SELECT * FROM `xs_mail` INNER JOIN xs_teacher on xs_teacher.teacher_id = xs_mail.mail_from_id  WHERE ( mail_to_id =1104 or mail_to_id =0 )  [ RunTime:0.0004s ]

[ 2017-09-01T14:57:09+08:00 ] 127.0.0.1 /office/index.php/Home/Declare/info.html?type=data
INFO: [ app_begin ] --START--
INFO: Run Behavior\ReadHtmlCacheBehavior [ RunTime:0.000016s ]
INFO: [ app_begin ] --END-- [ RunTime:0.000043s ]
SQL: SHOW COLUMNS FROM `xs_auth_group_access` [ RunTime:0.0005s ]
SQL: SELECT `uid`,`group_id`,`title`,`rules` FROM xs_auth_group_access a INNER JOIN xs_auth_group g on a.group_id=g.id  WHERE ( a.uid='1104' and g.status='1' )  [ RunTime:0.0003s ]
SQL: SHOW COLUMNS FROM `xs_auth_rule` [ RunTime:0.0004s ]
SQL: SELECT `condition`,`name` FROM `xs_auth_rule` WHERE `id` IN ('1','2','3','4','6','7') AND `type` = 1 AND `status` = 1  [ RunTime:0.0002s ]
SQL: SHOW COLUMNS FROM `xs_declare` [ RunTime:0.0007s ]
SQL: SELECT xs_declare.id,xs_declare.teacher_id,xs_declare.declare_title,xs_declare.add_time,xs_declare.declare_attachment,xs_teacher.teacher_name,xs_teacher.teacher_name,xs_declare_progress.declare_state FROM `xs_declare` INNER JOIN xs_teacher  on xs_teacher.teacher_id = xs_declare.teacher_id INNER JOIN xs_declare_progress on  xs_declare_progress.declare_id=xs_declare.id  WHERE ( xs_teacher.teacher_department="材料工程系" ) ORDER BY xs_declare.add_time desc  [ RunTime:0.0006s ]

[ 2017-09-01T14:57:12+08:00 ] 127.0.0.1 /office/index.php/Home/Mail/index.html?type=data
INFO: [ app_begin ] --START--
INFO: Run Behavior\ReadHtmlCacheBehavior [ RunTime:0.000025s ]
INFO: [ app_begin ] --END-- [ RunTime:0.000074s ]
SQL: SHOW COLUMNS FROM `xs_auth_group_access` [ RunTime:0.0006s ]
SQL: SELECT `uid`,`group_id`,`title`,`rules` FROM xs_auth_group_access a INNER JOIN xs_auth_group g on a.group_id=g.id  WHERE ( a.uid='1104' and g.status='1' )  [ RunTime:0.0004s ]
SQL: SHOW COLUMNS FROM `xs_auth_rule` [ RunTime:0.0005s ]
SQL: SELECT `condition`,`name` FROM `xs_auth_rule` WHERE `id` IN ('1','2','3','4','6','7') AND `type` = 1 AND `status` = 1  [ RunTime:0.0003s ]
SQL: SHOW COLUMNS FROM `xs_mail` [ RunTime:0.0005s ]
SQL: SELECT * FROM `xs_mail` INNER JOIN xs_teacher on xs_teacher.teacher_id = xs_mail.mail_from_id  WHERE ( mail_to_id =1104 or mail_to_id =0 )  [ RunTime:0.0003s ]

[ 2017-09-01T15:06:51+08:00 ] 127.0.0.1 /office/index.php/Home/Mail/index.html?type=data
INFO: [ app_begin ] --START--
INFO: Run Behavior\ReadHtmlCacheBehavior [ RunTime:0.000015s ]
INFO: [ app_begin ] --END-- [ RunTime:0.000040s ]
SQL: SHOW COLUMNS FROM `xs_auth_group_access` [ RunTime:0.0004s ]
SQL: SELECT `uid`,`group_id`,`title`,`rules` FROM xs_auth_group_access a INNER JOIN xs_auth_group g on a.group_id=g.id  WHERE ( a.uid='1104' and g.status='1' )  [ RunTime:0.0003s ]
SQL: SHOW COLUMNS FROM `xs_auth_rule` [ RunTime:0.0014s ]
SQL: SELECT `condition`,`name` FROM `xs_auth_rule` WHERE `id` IN ('1','2','3','4','6','7') AND `type` = 1 AND `status` = 1  [ RunTime:0.0004s ]
SQL: SHOW COLUMNS FROM `xs_mail` [ RunTime:0.0005s ]
SQL: SELECT * FROM `xs_mail` INNER JOIN xs_teacher on xs_teacher.teacher_id = xs_mail.mail_from_id  WHERE ( mail_to_id =1104 or mail_to_id =0 )  [ RunTime:0.0008s ]

[ 2017-09-01T15:07:50+08:00 ] 127.0.0.1 /office/index.php/Home/Mail/index.html?type=data
INFO: [ app_begin ] --START--
INFO: Run Behavior\ReadHtmlCacheBehavior [ RunTime:0.000015s ]
INFO: [ app_begin ] --END-- [ RunTime:0.000042s ]
SQL: SHOW COLUMNS FROM `xs_auth_group_access` [ RunTime:0.0005s ]
SQL: SELECT `uid`,`group_id`,`title`,`rules` FROM xs_auth_group_access a INNER JOIN xs_auth_group g on a.group_id=g.id  WHERE ( a.uid='1104' and g.status='1' )  [ RunTime:0.0008s ]
SQL: SHOW COLUMNS FROM `xs_auth_rule` [ RunTime:0.0005s ]
SQL: SELECT `condition`,`name` FROM `xs_auth_rule` WHERE `id` IN ('1','2','3','4','6','7') AND `type` = 1 AND `status` = 1  [ RunTime:0.0003s ]
SQL: SHOW COLUMNS FROM `xs_mail` [ RunTime:0.0004s ]
SQL: SELECT * FROM `xs_mail` INNER JOIN xs_teacher on xs_teacher.teacher_id = xs_mail.mail_from_id  WHERE ( mail_to_id =1104 or mail_to_id =0 )  [ RunTime:0.0006s ]

[ 2017-09-01T15:09:59+08:00 ] 127.0.0.1 /office/index.php/Home/Mail/index.html?type=data
INFO: [ app_begin ] --START--
INFO: Run Behavior\ReadHtmlCacheBehavior [ RunTime:0.000015s ]
INFO: [ app_begin ] --END-- [ RunTime:0.000041s ]
SQL: SHOW COLUMNS FROM `xs_auth_group_access` [ RunTime:0.0006s ]
SQL: SELECT `uid`,`group_id`,`title`,`rules` FROM xs_auth_group_access a INNER JOIN xs_auth_group g on a.group_id=g.id  WHERE ( a.uid='1104' and g.status='1' )  [ RunTime:0.0004s ]
SQL: SHOW COLUMNS FROM `xs_auth_rule` [ RunTime:0.0005s ]
SQL: SELECT `condition`,`name` FROM `xs_auth_rule` WHERE `id` IN ('1','2','3','4','6','7') AND `type` = 1 AND `status` = 1  [ RunTime:0.0003s ]
SQL: SHOW COLUMNS FROM `xs_mail` [ RunTime:0.0005s ]
SQL: SELECT * FROM `xs_mail` INNER JOIN xs_teacher on xs_teacher.teacher_id = xs_mail.mail_from_id  WHERE ( mail_to_id =1104 or mail_to_id =0 )  [ RunTime:0.0004s ]

[ 2017-09-01T15:10:35+08:00 ] 127.0.0.1 /office/index.php/Home/Mail/index.html?type=data
INFO: [ app_begin ] --START--
INFO: Run Behavior\ReadHtmlCacheBehavior [ RunTime:0.000017s ]
INFO: [ app_begin ] --END-- [ RunTime:0.000044s ]
SQL: SHOW COLUMNS FROM `xs_auth_group_access` [ RunTime:0.0006s ]
SQL: SELECT `uid`,`group_id`,`title`,`rules` FROM xs_auth_group_access a INNER JOIN xs_auth_group g on a.group_id=g.id  WHERE ( a.uid='1104' and g.status='1' )  [ RunTime:0.0004s ]
SQL: SHOW COLUMNS FROM `xs_auth_rule` [ RunTime:0.0004s ]
SQL: SELECT `condition`,`name` FROM `xs_auth_rule` WHERE `id` IN ('1','2','3','4','6','7') AND `type` = 1 AND `status` = 1  [ RunTime:0.0006s ]
SQL: SHOW COLUMNS FROM `xs_mail` [ RunTime:0.0005s ]
SQL: SELECT * FROM `xs_mail` INNER JOIN xs_teacher on xs_teacher.teacher_id = xs_mail.mail_from_id  WHERE ( mail_to_id =1104 or mail_to_id =0 )  [ RunTime:0.0003s ]

[ 2017-09-01T15:11:23+08:00 ] 127.0.0.1 /office/index.php/Home/Mail/index.html?type=data
INFO: [ app_begin ] --START--
INFO: Run Behavior\ReadHtmlCacheBehavior [ RunTime:0.000014s ]
INFO: [ app_begin ] --END-- [ RunTime:0.000039s ]
SQL: SHOW COLUMNS FROM `xs_auth_group_access` [ RunTime:0.0005s ]
SQL: SELECT `uid`,`group_id`,`title`,`rules` FROM xs_auth_group_access a INNER JOIN xs_auth_group g on a.group_id=g.id  WHERE ( a.uid='1104' and g.status='1' )  [ RunTime:0.0005s ]
SQL: SHOW COLUMNS FROM `xs_auth_rule` [ RunTime:0.0004s ]
SQL: SELECT `condition`,`name` FROM `xs_auth_rule` WHERE `id` IN ('1','2','3','4','6','7') AND `type` = 1 AND `status` = 1  [ RunTime:0.0008s ]
SQL: SHOW COLUMNS FROM `xs_mail` [ RunTime:0.0008s ]
SQL: SELECT * FROM `xs_mail` INNER JOIN xs_teacher on xs_teacher.teacher_id = xs_mail.mail_from_id  WHERE ( mail_to_id =1104 or mail_to_id =0 )  [ RunTime:0.0004s ]

[ 2017-09-01T15:14:21+08:00 ] 127.0.0.1 /office/index.php/Home/Mail/index.html?type=data
INFO: [ app_begin ] --START--
INFO: Run Behavior\ReadHtmlCacheBehavior [ RunTime:0.000015s ]
INFO: [ app_begin ] --END-- [ RunTime:0.000040s ]
SQL: SHOW COLUMNS FROM `xs_auth_group_access` [ RunTime:0.0005s ]
SQL: SELECT `uid`,`group_id`,`title`,`rules` FROM xs_auth_group_access a INNER JOIN xs_auth_group g on a.group_id=g.id  WHERE ( a.uid='1104' and g.status='1' )  [ RunTime:0.0009s ]
SQL: SHOW COLUMNS FROM `xs_auth_rule` [ RunTime:0.0008s ]
SQL: SELECT `condition`,`name` FROM `xs_auth_rule` WHERE `id` IN ('1','2','3','4','6','7') AND `type` = 1 AND `status` = 1  [ RunTime:0.0003s ]
SQL: SHOW COLUMNS FROM `xs_mail` [ RunTime:0.0008s ]
SQL: SELECT * FROM `xs_mail` INNER JOIN xs_teacher on xs_teacher.teacher_id = xs_mail.mail_from_id  WHERE ( mail_to_id =1104 or mail_to_id =0 )  [ RunTime:0.0009s ]

[ 2017-09-01T15:14:45+08:00 ] 127.0.0.1 /office/index.php/Home/Mail/index.html?type=data
INFO: [ app_begin ] --START--
INFO: Run Behavior\ReadHtmlCacheBehavior [ RunTime:0.000016s ]
INFO: [ app_begin ] --END-- [ RunTime:0.000042s ]
SQL: SHOW COLUMNS FROM `xs_auth_group_access` [ RunTime:0.0005s ]
SQL: SELECT `uid`,`group_id`,`title`,`rules` FROM xs_auth_group_access a INNER JOIN xs_auth_group g on a.group_id=g.id  WHERE ( a.uid='1104' and g.status='1' )  [ RunTime:0.0009s ]
SQL: SHOW COLUMNS FROM `xs_auth_rule` [ RunTime:0.0005s ]
SQL: SELECT `condition`,`name` FROM `xs_auth_rule` WHERE `id` IN ('1','2','3','4','6','7') AND `type` = 1 AND `status` = 1  [ RunTime:0.0004s ]
SQL: SHOW COLUMNS FROM `xs_mail` [ RunTime:0.0006s ]
SQL: SELECT * FROM `xs_mail` INNER JOIN xs_teacher on xs_teacher.teacher_id = xs_mail.mail_from_id  WHERE ( mail_to_id =1104 or mail_to_id =0 )  [ RunTime:0.0004s ]

[ 2017-09-01T15:15:51+08:00 ] 127.0.0.1 /office/index.php/Home/Mail/index.html?type=data
INFO: [ app_begin ] --START--
INFO: Run Behavior\ReadHtmlCacheBehavior [ RunTime:0.000017s ]
INFO: [ app_begin ] --END-- [ RunTime:0.000045s ]
SQL: SHOW COLUMNS FROM `xs_auth_group_access` [ RunTime:0.0007s ]
SQL: SELECT `uid`,`group_id`,`title`,`rules` FROM xs_auth_group_access a INNER JOIN xs_auth_group g on a.group_id=g.id  WHERE ( a.uid='1104' and g.status='1' )  [ RunTime:0.0004s ]
SQL: SHOW COLUMNS FROM `xs_auth_rule` [ RunTime:0.0004s ]
SQL: SELECT `condition`,`name` FROM `xs_auth_rule` WHERE `id` IN ('1','2','3','4','6','7') AND `type` = 1 AND `status` = 1  [ RunTime:0.0003s ]
SQL: SHOW COLUMNS FROM `xs_mail` [ RunTime:0.0013s ]
SQL: SELECT * FROM `xs_mail` INNER JOIN xs_teacher on xs_teacher.teacher_id = xs_mail.mail_from_id  WHERE ( mail_to_id =1104 or mail_to_id =0 )  [ RunTime:0.0005s ]

[ 2017-09-01T15:22:15+08:00 ] 127.0.0.1 /office/index.php/Home/Mail/index.html?type=data
INFO: [ app_begin ] --START--
INFO: Run Behavior\ReadHtmlCacheBehavior [ RunTime:0.000015s ]
INFO: [ app_begin ] --END-- [ RunTime:0.000041s ]
SQL: SHOW COLUMNS FROM `xs_auth_group_access` [ RunTime:0.0007s ]
SQL: SELECT `uid`,`group_id`,`title`,`rules` FROM xs_auth_group_access a INNER JOIN xs_auth_group g on a.group_id=g.id  WHERE ( a.uid='1104' and g.status='1' )  [ RunTime:0.0005s ]
SQL: SHOW COLUMNS FROM `xs_auth_rule` [ RunTime:0.0008s ]
SQL: SELECT `condition`,`name` FROM `xs_auth_rule` WHERE `id` IN ('1','2','3','4','6','7') AND `type` = 1 AND `status` = 1  [ RunTime:0.0024s ]
SQL: SHOW COLUMNS FROM `xs_mail` [ RunTime:0.0019s ]
SQL: SELECT * FROM `xs_mail` INNER JOIN xs_teacher on xs_teacher.teacher_id = xs_mail.mail_from_id  WHERE ( mail_to_id =1104 or mail_to_id =0 )  [ RunTime:0.0750s ]

[ 2017-09-01T16:03:19+08:00 ] 127.0.0.1 /office/index.php/Home/Mail/index.html?type=data
INFO: [ app_begin ] --START--
INFO: Run Behavior\ReadHtmlCacheBehavior [ RunTime:0.000018s ]
INFO: [ app_begin ] --END-- [ RunTime:0.000050s ]
SQL: SHOW COLUMNS FROM `xs_auth_group_access` [ RunTime:0.0005s ]
SQL: SELECT `uid`,`group_id`,`title`,`rules` FROM xs_auth_group_access a INNER JOIN xs_auth_group g on a.group_id=g.id  WHERE ( a.uid='1104' and g.status='1' )  [ RunTime:0.0003s ]
SQL: SHOW COLUMNS FROM `xs_auth_rule` [ RunTime:0.0004s ]
SQL: SELECT `condition`,`name` FROM `xs_auth_rule` WHERE `id` IN ('1','2','3','4','6','7') AND `type` = 1 AND `status` = 1  [ RunTime:0.0003s ]
SQL: SHOW COLUMNS FROM `xs_mail` [ RunTime:0.0004s ]
SQL: SELECT * FROM `xs_mail` INNER JOIN xs_teacher on xs_teacher.teacher_id = xs_mail.mail_from_id  WHERE ( mail_to_id =1104 or mail_to_id =0 )  [ RunTime:0.0003s ]

[ 2017-09-01T16:03:34+08:00 ] 127.0.0.1 /office/index.php/Home/Mail/index.html?type=data
INFO: [ app_begin ] --START--
INFO: Run Behavior\ReadHtmlCacheBehavior [ RunTime:0.000016s ]
INFO: [ app_begin ] --END-- [ RunTime:0.000044s ]
SQL: SHOW COLUMNS FROM `xs_auth_group_access` [ RunTime:0.0006s ]
SQL: SELECT `uid`,`group_id`,`title`,`rules` FROM xs_auth_group_access a INNER JOIN xs_auth_group g on a.group_id=g.id  WHERE ( a.uid='1104' and g.status='1' )  [ RunTime:0.0004s ]
SQL: SHOW COLUMNS FROM `xs_auth_rule` [ RunTime:0.0007s ]
SQL: SELECT `condition`,`name` FROM `xs_auth_rule` WHERE `id` IN ('1','2','3','4','6','7') AND `type` = 1 AND `status` = 1  [ RunTime:0.0006s ]
SQL: SHOW COLUMNS FROM `xs_mail` [ RunTime:0.0008s ]
SQL: SELECT * FROM `xs_mail` INNER JOIN xs_teacher on xs_teacher.teacher_id = xs_mail.mail_from_id  WHERE ( mail_to_id =1104 or mail_to_id =0 )  [ RunTime:0.0006s ]

[ 2017-09-01T16:04:47+08:00 ] 127.0.0.1 /office/index.php/Home/Mail/index.html?type=data
INFO: [ app_begin ] --START--
INFO: Run Behavior\ReadHtmlCacheBehavior [ RunTime:0.000016s ]
INFO: [ app_begin ] --END-- [ RunTime:0.000045s ]
SQL: SHOW COLUMNS FROM `xs_auth_group_access` [ RunTime:0.0011s ]
SQL: SELECT `uid`,`group_id`,`title`,`rules` FROM xs_auth_group_access a INNER JOIN xs_auth_group g on a.group_id=g.id  WHERE ( a.uid='1104' and g.status='1' )  [ RunTime:0.0003s ]
SQL: SHOW COLUMNS FROM `xs_auth_rule` [ RunTime:0.0004s ]
SQL: SELECT `condition`,`name` FROM `xs_auth_rule` WHERE `id` IN ('1','2','3','4','6','7') AND `type` = 1 AND `status` = 1  [ RunTime:0.0002s ]
SQL: SHOW COLUMNS FROM `xs_mail` [ RunTime:0.0005s ]
SQL: SELECT * FROM `xs_mail` INNER JOIN xs_teacher on xs_teacher.teacher_id = xs_mail.mail_from_id  WHERE ( mail_to_id =1104 or mail_to_id =0 )  [ RunTime:0.0005s ]

[ 2017-09-01T16:05:02+08:00 ] 127.0.0.1 /office/index.php/Home/Mail/index.html?type=data
INFO: [ app_begin ] --START--
INFO: Run Behavior\ReadHtmlCacheBehavior [ RunTime:0.000015s ]
INFO: [ app_begin ] --END-- [ RunTime:0.000042s ]
SQL: SHOW COLUMNS FROM `xs_auth_group_access` [ RunTime:0.0005s ]
SQL: SELECT `uid`,`group_id`,`title`,`rules` FROM xs_auth_group_access a INNER JOIN xs_auth_group g on a.group_id=g.id  WHERE ( a.uid='1104' and g.status='1' )  [ RunTime:0.0003s ]
SQL: SHOW COLUMNS FROM `xs_auth_rule` [ RunTime:0.0012s ]
SQL: SELECT `condition`,`name` FROM `xs_auth_rule` WHERE `id` IN ('1','2','3','4','6','7') AND `type` = 1 AND `status` = 1  [ RunTime:0.0004s ]
SQL: SHOW COLUMNS FROM `xs_mail` [ RunTime:0.0006s ]
SQL: SELECT * FROM `xs_mail` INNER JOIN xs_teacher on xs_teacher.teacher_id = xs_mail.mail_from_id  WHERE ( mail_to_id =1104 or mail_to_id =0 )  [ RunTime:0.0003s ]

[ 2017-09-01T16:34:47+08:00 ] 127.0.0.1 /office/index.php/Home/Mail/Mailinfo
ERR: 1052:Column 'id' in where clause is ambiguous
 [ SQL语句 ] : SELECT * FROM `xs_mail` INNER JOIN xs_teacher on xs_teacher.teacher_id = xs_mail.mail_from_id  WHERE ( id ) LIMIT 1  

[ 2017-09-01T16:34:59+08:00 ] 127.0.0.1 /office/index.php/Home/Mail/Mailinfo
ERR: 1052:Column 'id' in where clause is ambiguous
 [ SQL语句 ] : SELECT * FROM `xs_mail` INNER JOIN xs_teacher on xs_teacher.teacher_id = xs_mail.mail_from_id  WHERE ( id ) LIMIT 1  

[ 2017-09-01T16:35:01+08:00 ] 127.0.0.1 /office/index.php/Home/Mail/Mailinfo
ERR: 1052:Column 'id' in where clause is ambiguous
 [ SQL语句 ] : SELECT * FROM `xs_mail` INNER JOIN xs_teacher on xs_teacher.teacher_id = xs_mail.mail_from_id  WHERE ( id ) LIMIT 1  

[ 2017-09-01T16:35:02+08:00 ] 127.0.0.1 /office/index.php/Home/Mail/Mailinfo
ERR: 1052:Column 'id' in where clause is ambiguous
 [ SQL语句 ] : SELECT * FROM `xs_mail` INNER JOIN xs_teacher on xs_teacher.teacher_id = xs_mail.mail_from_id  WHERE ( id ) LIMIT 1  

[ 2017-09-01T16:35:03+08:00 ] 127.0.0.1 /office/index.php/Home/Mail/Mailinfo
ERR: 1052:Column 'id' in where clause is ambiguous
 [ SQL语句 ] : SELECT * FROM `xs_mail` INNER JOIN xs_teacher on xs_teacher.teacher_id = xs_mail.mail_from_id  WHERE ( id ) LIMIT 1  

[ 2017-09-01T16:35:03+08:00 ] 127.0.0.1 /office/index.php/Home/Mail/Mailinfo
ERR: 1052:Column 'id' in where clause is ambiguous
 [ SQL语句 ] : SELECT * FROM `xs_mail` INNER JOIN xs_teacher on xs_teacher.teacher_id = xs_mail.mail_from_id  WHERE ( id ) LIMIT 1  

[ 2017-09-01T16:35:05+08:00 ] 127.0.0.1 /office/index.php/Home/Mail/index.html?type=data
INFO: [ app_begin ] --START--
INFO: Run Behavior\ReadHtmlCacheBehavior [ RunTime:0.000024s ]
INFO: [ app_begin ] --END-- [ RunTime:0.000074s ]
SQL: SHOW COLUMNS FROM `xs_auth_group_access` [ RunTime:0.0006s ]
SQL: SELECT `uid`,`group_id`,`title`,`rules` FROM xs_auth_group_access a INNER JOIN xs_auth_group g on a.group_id=g.id  WHERE ( a.uid='1104' and g.status='1' )  [ RunTime:0.0004s ]
SQL: SHOW COLUMNS FROM `xs_auth_rule` [ RunTime:0.0004s ]
SQL: SELECT `condition`,`name` FROM `xs_auth_rule` WHERE `id` IN ('1','2','3','4','6','7','8') AND `type` = 1 AND `status` = 1  [ RunTime:0.0003s ]
SQL: SHOW COLUMNS FROM `xs_mail` [ RunTime:0.0010s ]
SQL: SELECT * FROM `xs_mail` INNER JOIN xs_teacher on xs_teacher.teacher_id = xs_mail.mail_from_id  WHERE ( mail_to_id =1104 or mail_to_id =0 )  [ RunTime:0.0010s ]

[ 2017-09-01T16:35:24+08:00 ] 127.0.0.1 /office/index.php/Home/Mail/index.html?type=data
INFO: [ app_begin ] --START--
INFO: Run Behavior\ReadHtmlCacheBehavior [ RunTime:0.000021s ]
INFO: [ app_begin ] --END-- [ RunTime:0.000054s ]
SQL: SHOW COLUMNS FROM `xs_auth_group_access` [ RunTime:0.0006s ]
SQL: SELECT `uid`,`group_id`,`title`,`rules` FROM xs_auth_group_access a INNER JOIN xs_auth_group g on a.group_id=g.id  WHERE ( a.uid='1104' and g.status='1' )  [ RunTime:0.0004s ]
SQL: SHOW COLUMNS FROM `xs_auth_rule` [ RunTime:0.0004s ]
SQL: SELECT `condition`,`name` FROM `xs_auth_rule` WHERE `id` IN ('1','2','3','4','6','7','8') AND `type` = 1 AND `status` = 1  [ RunTime:0.0003s ]
SQL: SHOW COLUMNS FROM `xs_mail` [ RunTime:0.0004s ]
SQL: SELECT * FROM `xs_mail` INNER JOIN xs_teacher on xs_teacher.teacher_id = xs_mail.mail_from_id  WHERE ( mail_to_id =1104 or mail_to_id =0 )  [ RunTime:0.0003s ]

[ 2017-09-01T16:35:25+08:00 ] 127.0.0.1 /office/index.php/Home/Mail/Mailinfo
ERR: 1052:Column 'id' in where clause is ambiguous
 [ SQL语句 ] : SELECT * FROM `xs_mail` INNER JOIN xs_teacher on xs_teacher.teacher_id = xs_mail.mail_from_id  WHERE ( id=1 ) LIMIT 1  

[ 2017-09-01T16:35:26+08:00 ] 127.0.0.1 /office/index.php/Home/Mail/Mailinfo
ERR: 1052:Column 'id' in where clause is ambiguous
 [ SQL语句 ] : SELECT * FROM `xs_mail` INNER JOIN xs_teacher on xs_teacher.teacher_id = xs_mail.mail_from_id  WHERE ( id=1 ) LIMIT 1  

[ 2017-09-01T16:35:27+08:00 ] 127.0.0.1 /office/index.php/Home/Mail/Mailinfo
ERR: 1052:Column 'id' in where clause is ambiguous
 [ SQL语句 ] : SELECT * FROM `xs_mail` INNER JOIN xs_teacher on xs_teacher.teacher_id = xs_mail.mail_from_id  WHERE ( id=1 ) LIMIT 1  

[ 2017-09-01T16:44:13+08:00 ] 127.0.0.1 /office/index.php/Home/Mail/Mailinfo
ERR: syntax error, unexpected '<'

[ 2017-09-01T17:09:36+08:00 ] 127.0.0.1 /office/index.php/Home/Mail/Mailinfo
ERR: 模板不存在:/var/www/html/office/Home/View/Mail/Mailinfo.html

[ 2017-09-01T17:09:42+08:00 ] 127.0.0.1 /office/index.php/Home/Mail/index.html?type=data
INFO: [ app_begin ] --START--
INFO: Run Behavior\ReadHtmlCacheBehavior [ RunTime:0.000084s ]
INFO: [ app_begin ] --END-- [ RunTime:0.000129s ]
SQL: SHOW COLUMNS FROM `xs_auth_group_access` [ RunTime:0.0009s ]
SQL: SELECT `uid`,`group_id`,`title`,`rules` FROM xs_auth_group_access a INNER JOIN xs_auth_group g on a.group_id=g.id  WHERE ( a.uid='1104' and g.status='1' )  [ RunTime:0.0006s ]
SQL: SHOW COLUMNS FROM `xs_auth_rule` [ RunTime:0.0008s ]
SQL: SELECT `condition`,`name` FROM `xs_auth_rule` WHERE `id` IN ('1','2','3','4','6','7','8') AND `type` = 1 AND `status` = 1  [ RunTime:0.0005s ]
SQL: SHOW COLUMNS FROM `xs_mail` [ RunTime:0.0007s ]
SQL: SELECT * FROM `xs_mail` INNER JOIN xs_teacher on xs_teacher.teacher_id = xs_mail.mail_from_id  WHERE ( xs_mail.mail_to_id =1104 or xs_mail.mail_to_id =0 )  [ RunTime:0.0004s ]

[ 2017-09-01T17:09:51+08:00 ] 127.0.0.1 /office/index.php/Home/Mail/Mailinfo
ERR: 模板不存在:/var/www/html/office/Home/View/Mail/Mailinfo.html

[ 2017-09-01T17:10:02+08:00 ] 127.0.0.1 /office/index.php/Home/Mail/Mailinfo
ERR: 模板不存在:/var/www/html/office/Home/View/Mail/Mailinfo.html

[ 2017-09-01T17:10:34+08:00 ] 127.0.0.1 /office/index.php/Home/Mail/Mailinfo
ERR: 模板不存在:/var/www/html/office/Home/View/Mail/Mailinfo.html

[ 2017-09-01T17:11:31+08:00 ] 127.0.0.1 /office/index.php/Home/Mail/Mailinfo
ERR: 模板不存在:/var/www/html/office/Home/View/Mail/Mailinfo.html

[ 2017-09-01T17:11:38+08:00 ] 127.0.0.1 /office/index.php/Home/Mail/?type=data
INFO: [ app_begin ] --START--
INFO: Run Behavior\ReadHtmlCacheBehavior [ RunTime:0.000016s ]
INFO: [ app_begin ] --END-- [ RunTime:0.000043s ]
SQL: SHOW COLUMNS FROM `xs_auth_group_access` [ RunTime:0.0005s ]
SQL: SELECT `uid`,`group_id`,`title`,`rules` FROM xs_auth_group_access a INNER JOIN xs_auth_group g on a.group_id=g.id  WHERE ( a.uid='1104' and g.status='1' )  [ RunTime:0.0003s ]
SQL: SHOW COLUMNS FROM `xs_auth_rule` [ RunTime:0.0004s ]
SQL: SELECT `condition`,`name` FROM `xs_auth_rule` WHERE `id` IN ('1','2','3','4','6','7','8') AND `type` = 1 AND `status` = 1  [ RunTime:0.0006s ]
SQL: SHOW COLUMNS FROM `xs_mail` [ RunTime:0.0006s ]
SQL: SELECT * FROM `xs_mail` INNER JOIN xs_teacher on xs_teacher.teacher_id = xs_mail.mail_from_id  WHERE ( xs_mail.mail_to_id =1104 or xs_mail.mail_to_id =0 )  [ RunTime:0.0010s ]

[ 2017-09-01T17:23:25+08:00 ] 127.0.0.1 /office/index.php/Home/Mail/?type=data
INFO: [ app_begin ] --START--
INFO: Run Behavior\ReadHtmlCacheBehavior [ RunTime:0.000063s ]
INFO: [ app_begin ] --END-- [ RunTime:0.000168s ]
SQL: SHOW COLUMNS FROM `xs_auth_group_access` [ RunTime:0.1079s ]
SQL: SELECT `uid`,`group_id`,`title`,`rules` FROM xs_auth_group_access a INNER JOIN xs_auth_group g on a.group_id=g.id  WHERE ( a.uid='1104' and g.status='1' )  [ RunTime:0.0004s ]
SQL: SHOW COLUMNS FROM `xs_auth_rule` [ RunTime:0.0003s ]
SQL: SELECT `condition`,`name` FROM `xs_auth_rule` WHERE `id` IN ('1','2','3','4','6','7','8') AND `type` = 1 AND `status` = 1  [ RunTime:0.0002s ]
SQL: SHOW COLUMNS FROM `xs_mail` [ RunTime:0.0004s ]
SQL: SELECT * FROM `xs_mail` INNER JOIN xs_teacher on xs_teacher.teacher_id = xs_mail.mail_from_id  WHERE ( xs_mail.mail_to_id =1104 or xs_mail.mail_to_id =0 )  [ RunTime:0.0503s ]

[ 2017-09-01T17:23:46+08:00 ] 127.0.0.1 /office/index.php/Home/Mail/?type=data
INFO: [ app_begin ] --START--
INFO: Run Behavior\ReadHtmlCacheBehavior [ RunTime:0.000015s ]
INFO: [ app_begin ] --END-- [ RunTime:0.000041s ]
SQL: SHOW COLUMNS FROM `xs_auth_group_access` [ RunTime:0.0008s ]
SQL: SELECT `uid`,`group_id`,`title`,`rules` FROM xs_auth_group_access a INNER JOIN xs_auth_group g on a.group_id=g.id  WHERE ( a.uid='1104' and g.status='1' )  [ RunTime:0.0003s ]
SQL: SHOW COLUMNS FROM `xs_auth_rule` [ RunTime:0.0004s ]
SQL: SELECT `condition`,`name` FROM `xs_auth_rule` WHERE `id` IN ('1','2','3','4','6','7','8') AND `type` = 1 AND `status` = 1  [ RunTime:0.0002s ]
SQL: SHOW COLUMNS FROM `xs_mail` [ RunTime:0.0007s ]
SQL: SELECT * FROM `xs_mail` INNER JOIN xs_teacher on xs_teacher.teacher_id = xs_mail.mail_from_id  WHERE ( xs_mail.mail_to_id =1104 or xs_mail.mail_to_id =0 )  [ RunTime:0.0008s ]

[ 2017-09-01T17:24:22+08:00 ] 127.0.0.1 /office/index.php/Home/Mail/?type=data
INFO: [ app_begin ] --START--
INFO: Run Behavior\ReadHtmlCacheBehavior [ RunTime:0.000015s ]
INFO: [ app_begin ] --END-- [ RunTime:0.000041s ]
SQL: SHOW COLUMNS FROM `xs_auth_group_access` [ RunTime:0.0006s ]
SQL: SELECT `uid`,`group_id`,`title`,`rules` FROM xs_auth_group_access a INNER JOIN xs_auth_group g on a.group_id=g.id  WHERE ( a.uid='1104' and g.status='1' )  [ RunTime:0.0003s ]
SQL: SHOW COLUMNS FROM `xs_auth_rule` [ RunTime:0.0005s ]
SQL: SELECT `condition`,`name` FROM `xs_auth_rule` WHERE `id` IN ('1','2','3','4','6','7','8') AND `type` = 1 AND `status` = 1  [ RunTime:0.0003s ]
SQL: SHOW COLUMNS FROM `xs_mail` [ RunTime:0.0006s ]
SQL: SELECT * FROM `xs_mail` INNER JOIN xs_teacher on xs_teacher.teacher_id = xs_mail.mail_from_id  WHERE ( xs_mail.mail_to_id =1104 or xs_mail.mail_to_id =0 )  [ RunTime:0.0003s ]

[ 2017-09-01T17:24:42+08:00 ] 127.0.0.1 /office/index.php/Home/Mail/?type=data
INFO: [ app_begin ] --START--
INFO: Run Behavior\ReadHtmlCacheBehavior [ RunTime:0.000016s ]
INFO: [ app_begin ] --END-- [ RunTime:0.000041s ]
SQL: SHOW COLUMNS FROM `xs_auth_group_access` [ RunTime:0.0008s ]
SQL: SELECT `uid`,`group_id`,`title`,`rules` FROM xs_auth_group_access a INNER JOIN xs_auth_group g on a.group_id=g.id  WHERE ( a.uid='1104' and g.status='1' )  [ RunTime:0.0004s ]
SQL: SHOW COLUMNS FROM `xs_auth_rule` [ RunTime:0.0004s ]
SQL: SELECT `condition`,`name` FROM `xs_auth_rule` WHERE `id` IN ('1','2','3','4','6','7','8') AND `type` = 1 AND `status` = 1  [ RunTime:0.0002s ]
SQL: SHOW COLUMNS FROM `xs_mail` [ RunTime:0.0004s ]
SQL: SELECT * FROM `xs_mail` INNER JOIN xs_teacher on xs_teacher.teacher_id = xs_mail.mail_from_id  WHERE ( xs_mail.mail_to_id =1104 or xs_mail.mail_to_id =0 )  [ RunTime:0.0003s ]

[ 2017-09-01T17:25:29+08:00 ] 127.0.0.1 /office/index.php/Home/Mail/?type=data
INFO: [ app_begin ] --START--
INFO: Run Behavior\ReadHtmlCacheBehavior [ RunTime:0.000016s ]
INFO: [ app_begin ] --END-- [ RunTime:0.000044s ]
SQL: SHOW COLUMNS FROM `xs_auth_group_access` [ RunTime:0.0007s ]
SQL: SELECT `uid`,`group_id`,`title`,`rules` FROM xs_auth_group_access a INNER JOIN xs_auth_group g on a.group_id=g.id  WHERE ( a.uid='1104' and g.status='1' )  [ RunTime:0.0004s ]
SQL: SHOW COLUMNS FROM `xs_auth_rule` [ RunTime:0.0006s ]
SQL: SELECT `condition`,`name` FROM `xs_auth_rule` WHERE `id` IN ('1','2','3','4','6','7','8') AND `type` = 1 AND `status` = 1  [ RunTime:0.0008s ]
SQL: SHOW COLUMNS FROM `xs_mail` [ RunTime:0.0010s ]
SQL: SELECT * FROM `xs_mail` INNER JOIN xs_teacher on xs_teacher.teacher_id = xs_mail.mail_from_id  WHERE ( xs_mail.mail_to_id =1104 or xs_mail.mail_to_id =0 )  [ RunTime:0.0005s ]

[ 2017-09-01T17:26:04+08:00 ] 127.0.0.1 /office/index.php/Home/Mail/?type=data
INFO: [ app_begin ] --START--
INFO: Run Behavior\ReadHtmlCacheBehavior [ RunTime:0.000014s ]
INFO: [ app_begin ] --END-- [ RunTime:0.000038s ]
SQL: SHOW COLUMNS FROM `xs_auth_group_access` [ RunTime:0.0088s ]
SQL: SELECT `uid`,`group_id`,`title`,`rules` FROM xs_auth_group_access a INNER JOIN xs_auth_group g on a.group_id=g.id  WHERE ( a.uid='1104' and g.status='1' )  [ RunTime:0.0004s ]
SQL: SHOW COLUMNS FROM `xs_auth_rule` [ RunTime:0.0005s ]
SQL: SELECT `condition`,`name` FROM `xs_auth_rule` WHERE `id` IN ('1','2','3','4','6','7','8') AND `type` = 1 AND `status` = 1  [ RunTime:0.0004s ]
SQL: SHOW COLUMNS FROM `xs_mail` [ RunTime:0.0016s ]
SQL: SELECT * FROM `xs_mail` INNER JOIN xs_teacher on xs_teacher.teacher_id = xs_mail.mail_from_id  WHERE ( xs_mail.mail_to_id =1104 or xs_mail.mail_to_id =0 )  [ RunTime:0.0005s ]

[ 2017-09-01T17:26:12+08:00 ] 127.0.0.1 /office/index.php/Home/Mail/?type=data
INFO: [ app_begin ] --START--
INFO: Run Behavior\ReadHtmlCacheBehavior [ RunTime:0.000016s ]
INFO: [ app_begin ] --END-- [ RunTime:0.000042s ]
SQL: SHOW COLUMNS FROM `xs_auth_group_access` [ RunTime:0.0010s ]
SQL: SELECT `uid`,`group_id`,`title`,`rules` FROM xs_auth_group_access a INNER JOIN xs_auth_group g on a.group_id=g.id  WHERE ( a.uid='1104' and g.status='1' )  [ RunTime:0.0004s ]
SQL: SHOW COLUMNS FROM `xs_auth_rule` [ RunTime:0.0004s ]
SQL: SELECT `condition`,`name` FROM `xs_auth_rule` WHERE `id` IN ('1','2','3','4','6','7','8') AND `type` = 1 AND `status` = 1  [ RunTime:0.0011s ]
SQL: SHOW COLUMNS FROM `xs_mail` [ RunTime:0.0015s ]
SQL: SELECT * FROM `xs_mail` INNER JOIN xs_teacher on xs_teacher.teacher_id = xs_mail.mail_from_id  WHERE ( xs_mail.mail_to_id =1104 or xs_mail.mail_to_id =0 )  [ RunTime:0.0006s ]

[ 2017-09-01T17:26:24+08:00 ] 127.0.0.1 /office/index.php/Home/Mail/?type=data
INFO: [ app_begin ] --START--
INFO: Run Behavior\ReadHtmlCacheBehavior [ RunTime:0.000015s ]
INFO: [ app_begin ] --END-- [ RunTime:0.000043s ]
SQL: SHOW COLUMNS FROM `xs_auth_group_access` [ RunTime:0.0006s ]
SQL: SELECT `uid`,`group_id`,`title`,`rules` FROM xs_auth_group_access a INNER JOIN xs_auth_group g on a.group_id=g.id  WHERE ( a.uid='1104' and g.status='1' )  [ RunTime:0.0009s ]
SQL: SHOW COLUMNS FROM `xs_auth_rule` [ RunTime:0.0011s ]
SQL: SELECT `condition`,`name` FROM `xs_auth_rule` WHERE `id` IN ('1','2','3','4','6','7','8') AND `type` = 1 AND `status` = 1  [ RunTime:0.0005s ]
SQL: SHOW COLUMNS FROM `xs_mail` [ RunTime:0.0019s ]
SQL: SELECT * FROM `xs_mail` INNER JOIN xs_teacher on xs_teacher.teacher_id = xs_mail.mail_from_id  WHERE ( xs_mail.mail_to_id =1104 or xs_mail.mail_to_id =0 )  [ RunTime:0.0005s ]

[ 2017-09-01T17:26:53+08:00 ] 127.0.0.1 /office/index.php/Home/Mail/?type=data
INFO: [ app_begin ] --START--
INFO: Run Behavior\ReadHtmlCacheBehavior [ RunTime:0.000017s ]
INFO: [ app_begin ] --END-- [ RunTime:0.000057s ]
SQL: SHOW COLUMNS FROM `xs_auth_group_access` [ RunTime:0.0017s ]
SQL: SELECT `uid`,`group_id`,`title`,`rules` FROM xs_auth_group_access a INNER JOIN xs_auth_group g on a.group_id=g.id  WHERE ( a.uid='1104' and g.status='1' )  [ RunTime:0.0004s ]
SQL: SHOW COLUMNS FROM `xs_auth_rule` [ RunTime:0.0013s ]
SQL: SELECT `condition`,`name` FROM `xs_auth_rule` WHERE `id` IN ('1','2','3','4','6','7','8') AND `type` = 1 AND `status` = 1  [ RunTime:0.0003s ]
SQL: SHOW COLUMNS FROM `xs_mail` [ RunTime:0.0009s ]
SQL: SELECT * FROM `xs_mail` INNER JOIN xs_teacher on xs_teacher.teacher_id = xs_mail.mail_from_id  WHERE ( xs_mail.mail_to_id =1104 or xs_mail.mail_to_id =0 )  [ RunTime:0.0009s ]

[ 2017-09-01T17:27:14+08:00 ] 127.0.0.1 /office/index.php/Home/Mail/?type=data
INFO: [ app_begin ] --START--
INFO: Run Behavior\ReadHtmlCacheBehavior [ RunTime:0.000019s ]
INFO: [ app_begin ] --END-- [ RunTime:0.000050s ]
SQL: SHOW COLUMNS FROM `xs_auth_group_access` [ RunTime:0.0007s ]
SQL: SELECT `uid`,`group_id`,`title`,`rules` FROM xs_auth_group_access a INNER JOIN xs_auth_group g on a.group_id=g.id  WHERE ( a.uid='1104' and g.status='1' )  [ RunTime:0.0003s ]
SQL: SHOW COLUMNS FROM `xs_auth_rule` [ RunTime:0.0004s ]
SQL: SELECT `condition`,`name` FROM `xs_auth_rule` WHERE `id` IN ('1','2','3','4','6','7','8') AND `type` = 1 AND `status` = 1  [ RunTime:0.0013s ]
SQL: SHOW COLUMNS FROM `xs_mail` [ RunTime:0.0006s ]
SQL: SELECT * FROM `xs_mail` INNER JOIN xs_teacher on xs_teacher.teacher_id = xs_mail.mail_from_id  WHERE ( xs_mail.mail_to_id =1104 or xs_mail.mail_to_id =0 )  [ RunTime:0.0004s ]

[ 2017-09-01T17:27:29+08:00 ] 127.0.0.1 /office/index.php/Home/Mail/?type=data
INFO: [ app_begin ] --START--
INFO: Run Behavior\ReadHtmlCacheBehavior [ RunTime:0.000015s ]
INFO: [ app_begin ] --END-- [ RunTime:0.000041s ]
SQL: SHOW COLUMNS FROM `xs_auth_group_access` [ RunTime:0.0006s ]
SQL: SELECT `uid`,`group_id`,`title`,`rules` FROM xs_auth_group_access a INNER JOIN xs_auth_group g on a.group_id=g.id  WHERE ( a.uid='1104' and g.status='1' )  [ RunTime:0.0003s ]
SQL: SHOW COLUMNS FROM `xs_auth_rule` [ RunTime:0.0004s ]
SQL: SELECT `condition`,`name` FROM `xs_auth_rule` WHERE `id` IN ('1','2','3','4','6','7','8') AND `type` = 1 AND `status` = 1  [ RunTime:0.0003s ]
SQL: SHOW COLUMNS FROM `xs_mail` [ RunTime:0.0012s ]
SQL: SELECT * FROM `xs_mail` INNER JOIN xs_teacher on xs_teacher.teacher_id = xs_mail.mail_from_id  WHERE ( xs_mail.mail_to_id =1104 or xs_mail.mail_to_id =0 )  [ RunTime:0.0006s ]

[ 2017-09-01T17:28:30+08:00 ] 127.0.0.1 /office/index.php/Home/Mail/?type=data
INFO: [ app_begin ] --START--
INFO: Run Behavior\ReadHtmlCacheBehavior [ RunTime:0.000014s ]
INFO: [ app_begin ] --END-- [ RunTime:0.000042s ]
SQL: SHOW COLUMNS FROM `xs_auth_group_access` [ RunTime:0.0010s ]
SQL: SELECT `uid`,`group_id`,`title`,`rules` FROM xs_auth_group_access a INNER JOIN xs_auth_group g on a.group_id=g.id  WHERE ( a.uid='1104' and g.status='1' )  [ RunTime:0.0016s ]
SQL: SHOW COLUMNS FROM `xs_auth_rule` [ RunTime:0.0019s ]
SQL: SELECT `condition`,`name` FROM `xs_auth_rule` WHERE `id` IN ('1','2','3','4','6','7','8') AND `type` = 1 AND `status` = 1  [ RunTime:0.0005s ]
SQL: SHOW COLUMNS FROM `xs_mail` [ RunTime:0.0015s ]
SQL: SELECT * FROM `xs_mail` INNER JOIN xs_teacher on xs_teacher.teacher_id = xs_mail.mail_from_id  WHERE ( xs_mail.mail_to_id =1104 or xs_mail.mail_to_id =0 )  [ RunTime:0.0006s ]

[ 2017-09-01T17:29:06+08:00 ] 127.0.0.1 /office/index.php/Home/Mail/?type=data
INFO: [ app_begin ] --START--
INFO: Run Behavior\ReadHtmlCacheBehavior [ RunTime:0.000017s ]
INFO: [ app_begin ] --END-- [ RunTime:0.000046s ]
SQL: SHOW COLUMNS FROM `xs_auth_group_access` [ RunTime:0.0007s ]
SQL: SELECT `uid`,`group_id`,`title`,`rules` FROM xs_auth_group_access a INNER JOIN xs_auth_group g on a.group_id=g.id  WHERE ( a.uid='1104' and g.status='1' )  [ RunTime:0.0004s ]
SQL: SHOW COLUMNS FROM `xs_auth_rule` [ RunTime:0.0004s ]
SQL: SELECT `condition`,`name` FROM `xs_auth_rule` WHERE `id` IN ('1','2','3','4','6','7','8') AND `type` = 1 AND `status` = 1  [ RunTime:0.0003s ]
SQL: SHOW COLUMNS FROM `xs_mail` [ RunTime:0.0011s ]
SQL: SELECT * FROM `xs_mail` INNER JOIN xs_teacher on xs_teacher.teacher_id = xs_mail.mail_from_id  WHERE ( xs_mail.mail_to_id =1104 or xs_mail.mail_to_id =0 )  [ RunTime:0.0004s ]

[ 2017-09-01T17:30:06+08:00 ] 127.0.0.1 /office/index.php/Home/Declare/info.html?type=data
INFO: [ app_begin ] --START--
INFO: Run Behavior\ReadHtmlCacheBehavior [ RunTime:0.000015s ]
INFO: [ app_begin ] --END-- [ RunTime:0.000041s ]
SQL: SHOW COLUMNS FROM `xs_auth_group_access` [ RunTime:0.0506s ]
SQL: SELECT `uid`,`group_id`,`title`,`rules` FROM xs_auth_group_access a INNER JOIN xs_auth_group g on a.group_id=g.id  WHERE ( a.uid='1104' and g.status='1' )  [ RunTime:0.0006s ]
SQL: SHOW COLUMNS FROM `xs_auth_rule` [ RunTime:0.0011s ]
SQL: SELECT `condition`,`name` FROM `xs_auth_rule` WHERE `id` IN ('1','2','3','4','6','7','8') AND `type` = 1 AND `status` = 1  [ RunTime:0.0003s ]
SQL: SHOW COLUMNS FROM `xs_declare` [ RunTime:0.0005s ]
SQL: SELECT xs_declare.id,xs_declare.teacher_id,xs_declare.declare_title,xs_declare.add_time,xs_declare.declare_attachment,xs_teacher.teacher_name,xs_teacher.teacher_name,xs_declare_progress.declare_state FROM `xs_declare` INNER JOIN xs_teacher  on xs_teacher.teacher_id = xs_declare.teacher_id INNER JOIN xs_declare_progress on  xs_declare_progress.declare_id=xs_declare.id  WHERE ( xs_teacher.teacher_department="材料工程系" ) ORDER BY xs_declare.add_time desc  [ RunTime:0.0279s ]

[ 2017-09-01T17:30:08+08:00 ] 127.0.0.1 /office/index.php/Home/Mail/?type=data
INFO: [ app_begin ] --START--
INFO: Run Behavior\ReadHtmlCacheBehavior [ RunTime:0.000015s ]
INFO: [ app_begin ] --END-- [ RunTime:0.000042s ]
SQL: SHOW COLUMNS FROM `xs_auth_group_access` [ RunTime:0.0010s ]
SQL: SELECT `uid`,`group_id`,`title`,`rules` FROM xs_auth_group_access a INNER JOIN xs_auth_group g on a.group_id=g.id  WHERE ( a.uid='1104' and g.status='1' )  [ RunTime:0.0004s ]
SQL: SHOW COLUMNS FROM `xs_auth_rule` [ RunTime:0.0004s ]
SQL: SELECT `condition`,`name` FROM `xs_auth_rule` WHERE `id` IN ('1','2','3','4','6','7','8') AND `type` = 1 AND `status` = 1  [ RunTime:0.0003s ]
SQL: SHOW COLUMNS FROM `xs_mail` [ RunTime:0.0004s ]
SQL: SELECT * FROM `xs_mail` INNER JOIN xs_teacher on xs_teacher.teacher_id = xs_mail.mail_from_id  WHERE ( xs_mail.mail_to_id =1104 or xs_mail.mail_to_id =0 )  [ RunTime:0.0009s ]

[ 2017-09-01T17:33:15+08:00 ] 127.0.0.1 /office/index.php/Home/Mail/?type=data
INFO: [ app_begin ] --START--
INFO: Run Behavior\ReadHtmlCacheBehavior [ RunTime:0.000017s ]
INFO: [ app_begin ] --END-- [ RunTime:0.000045s ]
SQL: SHOW COLUMNS FROM `xs_auth_group_access` [ RunTime:0.0009s ]
SQL: SELECT `uid`,`group_id`,`title`,`rules` FROM xs_auth_group_access a INNER JOIN xs_auth_group g on a.group_id=g.id  WHERE ( a.uid='1104' and g.status='1' )  [ RunTime:0.0005s ]
SQL: SHOW COLUMNS FROM `xs_auth_rule` [ RunTime:0.0010s ]
SQL: SELECT `condition`,`name` FROM `xs_auth_rule` WHERE `id` IN ('1','2','3','4','6','7','8') AND `type` = 1 AND `status` = 1  [ RunTime:0.0006s ]
SQL: SHOW COLUMNS FROM `xs_mail` [ RunTime:0.0025s ]
SQL: SELECT * FROM `xs_mail` INNER JOIN xs_teacher on xs_teacher.teacher_id = xs_mail.mail_from_id  WHERE ( xs_mail.mail_to_id =1104 or xs_mail.mail_to_id =0 )  [ RunTime:0.0033s ]

[ 2017-09-01T17:33:30+08:00 ] 127.0.0.1 /office/index.php/Home/Mail/?type=data
INFO: [ app_begin ] --START--
INFO: Run Behavior\ReadHtmlCacheBehavior [ RunTime:0.000016s ]
INFO: [ app_begin ] --END-- [ RunTime:0.000043s ]
SQL: SHOW COLUMNS FROM `xs_auth_group_access` [ RunTime:0.0018s ]
SQL: SELECT `uid`,`group_id`,`title`,`rules` FROM xs_auth_group_access a INNER JOIN xs_auth_group g on a.group_id=g.id  WHERE ( a.uid='1104' and g.status='1' )  [ RunTime:0.0025s ]
SQL: SHOW COLUMNS FROM `xs_auth_rule` [ RunTime:0.0007s ]
SQL: SELECT `condition`,`name` FROM `xs_auth_rule` WHERE `id` IN ('1','2','3','4','6','7','8') AND `type` = 1 AND `status` = 1  [ RunTime:0.0005s ]
SQL: SHOW COLUMNS FROM `xs_mail` [ RunTime:0.0099s ]
SQL: SELECT * FROM `xs_mail` INNER JOIN xs_teacher on xs_teacher.teacher_id = xs_mail.mail_from_id  WHERE ( xs_mail.mail_to_id =1104 or xs_mail.mail_to_id =0 )  [ RunTime:0.0005s ]

[ 2017-09-01T17:33:49+08:00 ] 127.0.0.1 /office/index.php/Home/Mail/?type=data
INFO: [ app_begin ] --START--
INFO: Run Behavior\ReadHtmlCacheBehavior [ RunTime:0.000016s ]
INFO: [ app_begin ] --END-- [ RunTime:0.000043s ]
SQL: SHOW COLUMNS FROM `xs_auth_group_access` [ RunTime:0.0080s ]
SQL: SELECT `uid`,`group_id`,`title`,`rules` FROM xs_auth_group_access a INNER JOIN xs_auth_group g on a.group_id=g.id  WHERE ( a.uid='1104' and g.status='1' )  [ RunTime:0.0008s ]
SQL: SHOW COLUMNS FROM `xs_auth_rule` [ RunTime:0.0005s ]
SQL: SELECT `condition`,`name` FROM `xs_auth_rule` WHERE `id` IN ('1','2','3','4','6','7','8') AND `type` = 1 AND `status` = 1  [ RunTime:0.0003s ]
SQL: SHOW COLUMNS FROM `xs_mail` [ RunTime:0.0005s ]
SQL: SELECT * FROM `xs_mail` INNER JOIN xs_teacher on xs_teacher.teacher_id = xs_mail.mail_from_id  WHERE ( xs_mail.mail_to_id =1104 or xs_mail.mail_to_id =0 )  [ RunTime:0.0003s ]

[ 2017-09-01T17:34:16+08:00 ] 127.0.0.1 /office/index.php/Home/Mail/?type=data
INFO: [ app_begin ] --START--
INFO: Run Behavior\ReadHtmlCacheBehavior [ RunTime:0.000015s ]
INFO: [ app_begin ] --END-- [ RunTime:0.000041s ]
SQL: SHOW COLUMNS FROM `xs_auth_group_access` [ RunTime:0.0011s ]
SQL: SELECT `uid`,`group_id`,`title`,`rules` FROM xs_auth_group_access a INNER JOIN xs_auth_group g on a.group_id=g.id  WHERE ( a.uid='1104' and g.status='1' )  [ RunTime:0.0003s ]
SQL: SHOW COLUMNS FROM `xs_auth_rule` [ RunTime:0.0004s ]
SQL: SELECT `condition`,`name` FROM `xs_auth_rule` WHERE `id` IN ('1','2','3','4','6','7','8') AND `type` = 1 AND `status` = 1  [ RunTime:0.0003s ]
SQL: SHOW COLUMNS FROM `xs_mail` [ RunTime:0.0006s ]
SQL: SELECT * FROM `xs_mail` INNER JOIN xs_teacher on xs_teacher.teacher_id = xs_mail.mail_from_id  WHERE ( xs_mail.mail_to_id =1104 or xs_mail.mail_to_id =0 )  [ RunTime:0.0009s ]

[ 2017-09-01T17:34:27+08:00 ] 127.0.0.1 /office/index.php/Home/Mail/?type=data
INFO: [ app_begin ] --START--
INFO: Run Behavior\ReadHtmlCacheBehavior [ RunTime:0.000017s ]
INFO: [ app_begin ] --END-- [ RunTime:0.000049s ]
SQL: SHOW COLUMNS FROM `xs_auth_group_access` [ RunTime:0.0010s ]
SQL: SELECT `uid`,`group_id`,`title`,`rules` FROM xs_auth_group_access a INNER JOIN xs_auth_group g on a.group_id=g.id  WHERE ( a.uid='1104' and g.status='1' )  [ RunTime:0.0013s ]
SQL: SHOW COLUMNS FROM `xs_auth_rule` [ RunTime:0.0007s ]
SQL: SELECT `condition`,`name` FROM `xs_auth_rule` WHERE `id` IN ('1','2','3','4','6','7','8') AND `type` = 1 AND `status` = 1  [ RunTime:0.0004s ]
SQL: SHOW COLUMNS FROM `xs_mail` [ RunTime:0.0012s ]
SQL: SELECT * FROM `xs_mail` INNER JOIN xs_teacher on xs_teacher.teacher_id = xs_mail.mail_from_id  WHERE ( xs_mail.mail_to_id =1104 or xs_mail.mail_to_id =0 )  [ RunTime:0.0004s ]

[ 2017-09-01T17:37:56+08:00 ] 127.0.0.1 /office/index.php/Home/Mail/?type=data
INFO: [ app_begin ] --START--
INFO: Run Behavior\ReadHtmlCacheBehavior [ RunTime:0.000015s ]
INFO: [ app_begin ] --END-- [ RunTime:0.000041s ]
SQL: SHOW COLUMNS FROM `xs_auth_group_access` [ RunTime:0.0011s ]
SQL: SELECT `uid`,`group_id`,`title`,`rules` FROM xs_auth_group_access a INNER JOIN xs_auth_group g on a.group_id=g.id  WHERE ( a.uid='1104' and g.status='1' )  [ RunTime:0.0003s ]
SQL: SHOW COLUMNS FROM `xs_auth_rule` [ RunTime:0.0003s ]
SQL: SELECT `condition`,`name` FROM `xs_auth_rule` WHERE `id` IN ('1','2','3','4','6','7','8') AND `type` = 1 AND `status` = 1  [ RunTime:0.0004s ]
SQL: SHOW COLUMNS FROM `xs_mail` [ RunTime:0.0004s ]
SQL: SELECT * FROM `xs_mail` INNER JOIN xs_teacher on xs_teacher.teacher_id = xs_mail.mail_from_id  WHERE ( xs_mail.mail_to_id =1104 or xs_mail.mail_to_id =0 )  [ RunTime:0.0010s ]

[ 2017-09-01T17:39:39+08:00 ] 127.0.0.1 /office/index.php/Home/Mail/?type=data
INFO: [ app_begin ] --START--
INFO: Run Behavior\ReadHtmlCacheBehavior [ RunTime:0.000016s ]
INFO: [ app_begin ] --END-- [ RunTime:0.000045s ]
SQL: SHOW COLUMNS FROM `xs_auth_group_access` [ RunTime:0.0157s ]
SQL: SELECT `uid`,`group_id`,`title`,`rules` FROM xs_auth_group_access a INNER JOIN xs_auth_group g on a.group_id=g.id  WHERE ( a.uid='1104' and g.status='1' )  [ RunTime:0.0008s ]
SQL: SHOW COLUMNS FROM `xs_auth_rule` [ RunTime:0.0005s ]
SQL: SELECT `condition`,`name` FROM `xs_auth_rule` WHERE `id` IN ('1','2','3','4','6','7','8') AND `type` = 1 AND `status` = 1  [ RunTime:0.0003s ]
SQL: SHOW COLUMNS FROM `xs_mail` [ RunTime:0.0042s ]
SQL: SELECT * FROM `xs_mail` INNER JOIN xs_teacher on xs_teacher.teacher_id = xs_mail.mail_from_id  WHERE ( xs_mail.mail_to_id =1104 or xs_mail.mail_to_id =0 )  [ RunTime:0.0005s ]

[ 2017-09-01T17:40:34+08:00 ] 127.0.0.1 /office/index.php/Home/Mail/?type=data
INFO: [ app_begin ] --START--
INFO: Run Behavior\ReadHtmlCacheBehavior [ RunTime:0.000245s ]
INFO: [ app_begin ] --END-- [ RunTime:0.000320s ]
SQL: SHOW COLUMNS FROM `xs_auth_group_access` [ RunTime:0.0143s ]
SQL: SELECT `uid`,`group_id`,`title`,`rules` FROM xs_auth_group_access a INNER JOIN xs_auth_group g on a.group_id=g.id  WHERE ( a.uid='1104' and g.status='1' )  [ RunTime:0.0011s ]
SQL: SHOW COLUMNS FROM `xs_auth_rule` [ RunTime:0.0013s ]
SQL: SELECT `condition`,`name` FROM `xs_auth_rule` WHERE `id` IN ('1','2','3','4','6','7','8') AND `type` = 1 AND `status` = 1  [ RunTime:0.0009s ]
SQL: SHOW COLUMNS FROM `xs_mail` [ RunTime:0.0010s ]
SQL: SELECT * FROM `xs_mail` INNER JOIN xs_teacher on xs_teacher.teacher_id = xs_mail.mail_from_id  WHERE ( xs_mail.mail_to_id =1104 or xs_mail.mail_to_id =0 )  [ RunTime:0.0010s ]

[ 2017-09-01T17:42:04+08:00 ] 127.0.0.1 /office/index.php/Home/Mail/?type=data
INFO: [ app_begin ] --START--
INFO: Run Behavior\ReadHtmlCacheBehavior [ RunTime:0.000015s ]
INFO: [ app_begin ] --END-- [ RunTime:0.000042s ]
SQL: SHOW COLUMNS FROM `xs_auth_group_access` [ RunTime:0.0317s ]
SQL: SELECT `uid`,`group_id`,`title`,`rules` FROM xs_auth_group_access a INNER JOIN xs_auth_group g on a.group_id=g.id  WHERE ( a.uid='1104' and g.status='1' )  [ RunTime:0.0008s ]
SQL: SHOW COLUMNS FROM `xs_auth_rule` [ RunTime:0.1184s ]
SQL: SELECT `condition`,`name` FROM `xs_auth_rule` WHERE `id` IN ('1','2','3','4','6','7','8') AND `type` = 1 AND `status` = 1  [ RunTime:0.0003s ]
SQL: SHOW COLUMNS FROM `xs_mail` [ RunTime:0.0004s ]
SQL: SELECT * FROM `xs_mail` INNER JOIN xs_teacher on xs_teacher.teacher_id = xs_mail.mail_from_id  WHERE ( xs_mail.mail_to_id =1104 or xs_mail.mail_to_id =0 )  [ RunTime:0.0366s ]

[ 2017-09-01T17:44:36+08:00 ] 127.0.0.1 /office/index.php/Home/Mail/?type=data
INFO: [ app_begin ] --START--
INFO: Run Behavior\ReadHtmlCacheBehavior [ RunTime:0.000027s ]
INFO: [ app_begin ] --END-- [ RunTime:0.000074s ]
SQL: SHOW COLUMNS FROM `xs_auth_group_access` [ RunTime:0.1311s ]
SQL: SELECT `uid`,`group_id`,`title`,`rules` FROM xs_auth_group_access a INNER JOIN xs_auth_group g on a.group_id=g.id  WHERE ( a.uid='1104' and g.status='1' )  [ RunTime:0.0004s ]
SQL: SHOW COLUMNS FROM `xs_auth_rule` [ RunTime:0.0008s ]
SQL: SELECT `condition`,`name` FROM `xs_auth_rule` WHERE `id` IN ('1','2','3','4','6','7','8') AND `type` = 1 AND `status` = 1  [ RunTime:0.0003s ]
SQL: SHOW COLUMNS FROM `xs_mail` [ RunTime:0.0006s ]
SQL: SELECT * FROM `xs_mail` INNER JOIN xs_teacher on xs_teacher.teacher_id = xs_mail.mail_from_id  WHERE ( xs_mail.mail_to_id =1104 or xs_mail.mail_to_id =0 )  [ RunTime:0.0184s ]

[ 2017-09-01T17:45:50+08:00 ] 127.0.0.1 /office/index.php/Home/Mail/?type=data
INFO: [ app_begin ] --START--
INFO: Run Behavior\ReadHtmlCacheBehavior [ RunTime:0.000016s ]
INFO: [ app_begin ] --END-- [ RunTime:0.000044s ]
SQL: SHOW COLUMNS FROM `xs_auth_group_access` [ RunTime:0.0193s ]
SQL: SELECT `uid`,`group_id`,`title`,`rules` FROM xs_auth_group_access a INNER JOIN xs_auth_group g on a.group_id=g.id  WHERE ( a.uid='1104' and g.status='1' )  [ RunTime:0.0004s ]
SQL: SHOW COLUMNS FROM `xs_auth_rule` [ RunTime:0.0006s ]
SQL: SELECT `condition`,`name` FROM `xs_auth_rule` WHERE `id` IN ('1','2','3','4','6','7','8') AND `type` = 1 AND `status` = 1  [ RunTime:0.0013s ]
SQL: SHOW COLUMNS FROM `xs_mail` [ RunTime:0.0010s ]
SQL: SELECT * FROM `xs_mail` INNER JOIN xs_teacher on xs_teacher.teacher_id = xs_mail.mail_from_id  WHERE ( xs_mail.mail_to_id =1104 or xs_mail.mail_to_id =0 )  [ RunTime:0.0016s ]

[ 2017-09-01T17:46:30+08:00 ] 127.0.0.1 /office/index.php/Home/Mail/?type=data
INFO: [ app_begin ] --START--
INFO: Run Behavior\ReadHtmlCacheBehavior [ RunTime:0.000017s ]
INFO: [ app_begin ] --END-- [ RunTime:0.000044s ]
SQL: SHOW COLUMNS FROM `xs_auth_group_access` [ RunTime:0.0014s ]
SQL: SELECT `uid`,`group_id`,`title`,`rules` FROM xs_auth_group_access a INNER JOIN xs_auth_group g on a.group_id=g.id  WHERE ( a.uid='1104' and g.status='1' )  [ RunTime:0.0005s ]
SQL: SHOW COLUMNS FROM `xs_auth_rule` [ RunTime:0.0004s ]
SQL: SELECT `condition`,`name` FROM `xs_auth_rule` WHERE `id` IN ('1','2','3','4','6','7','8') AND `type` = 1 AND `status` = 1  [ RunTime:0.0003s ]
SQL: SHOW COLUMNS FROM `xs_mail` [ RunTime:0.0004s ]
SQL: SELECT * FROM `xs_mail` INNER JOIN xs_teacher on xs_teacher.teacher_id = xs_mail.mail_from_id  WHERE ( xs_mail.mail_to_id =1104 or xs_mail.mail_to_id =0 )  [ RunTime:0.0003s ]

[ 2017-09-01T17:47:10+08:00 ] 127.0.0.1 /office/index.php/Home/Mail/?type=data
INFO: [ app_begin ] --START--
INFO: Run Behavior\ReadHtmlCacheBehavior [ RunTime:0.000017s ]
INFO: [ app_begin ] --END-- [ RunTime:0.000045s ]
SQL: SHOW COLUMNS FROM `xs_auth_group_access` [ RunTime:0.0068s ]
SQL: SELECT `uid`,`group_id`,`title`,`rules` FROM xs_auth_group_access a INNER JOIN xs_auth_group g on a.group_id=g.id  WHERE ( a.uid='1104' and g.status='1' )  [ RunTime:0.0005s ]
SQL: SHOW COLUMNS FROM `xs_auth_rule` [ RunTime:0.0079s ]
SQL: SELECT `condition`,`name` FROM `xs_auth_rule` WHERE `id` IN ('1','2','3','4','6','7','8') AND `type` = 1 AND `status` = 1  [ RunTime:0.0021s ]
SQL: SHOW COLUMNS FROM `xs_mail` [ RunTime:0.0005s ]
SQL: SELECT * FROM `xs_mail` INNER JOIN xs_teacher on xs_teacher.teacher_id = xs_mail.mail_from_id  WHERE ( xs_mail.mail_to_id =1104 or xs_mail.mail_to_id =0 )  [ RunTime:0.0004s ]

[ 2017-09-01T17:48:06+08:00 ] 127.0.0.1 /office/index.php/Home/Mail/?type=data
INFO: [ app_begin ] --START--
INFO: Run Behavior\ReadHtmlCacheBehavior [ RunTime:0.000016s ]
INFO: [ app_begin ] --END-- [ RunTime:0.000041s ]
SQL: SHOW COLUMNS FROM `xs_auth_group_access` [ RunTime:0.0173s ]
SQL: SELECT `uid`,`group_id`,`title`,`rules` FROM xs_auth_group_access a INNER JOIN xs_auth_group g on a.group_id=g.id  WHERE ( a.uid='1104' and g.status='1' )  [ RunTime:0.0004s ]
SQL: SHOW COLUMNS FROM `xs_auth_rule` [ RunTime:0.0004s ]
SQL: SELECT `condition`,`name` FROM `xs_auth_rule` WHERE `id` IN ('1','2','3','4','6','7','8') AND `type` = 1 AND `status` = 1  [ RunTime:0.0003s ]
SQL: SHOW COLUMNS FROM `xs_mail` [ RunTime:0.0005s ]
SQL: SELECT * FROM `xs_mail` INNER JOIN xs_teacher on xs_teacher.teacher_id = xs_mail.mail_from_id  WHERE ( xs_mail.mail_to_id =1104 or xs_mail.mail_to_id =0 ) ORDER BY xs_mail.mail_add_time desc  [ RunTime:0.2327s ]

[ 2017-09-01T17:48:40+08:00 ] 127.0.0.1 /office/index.php/Home/Mail/?type=data
INFO: [ app_begin ] --START--
INFO: Run Behavior\ReadHtmlCacheBehavior [ RunTime:0.000021s ]
INFO: [ app_begin ] --END-- [ RunTime:0.000053s ]
SQL: SHOW COLUMNS FROM `xs_auth_group_access` [ RunTime:0.0179s ]
SQL: SELECT `uid`,`group_id`,`title`,`rules` FROM xs_auth_group_access a INNER JOIN xs_auth_group g on a.group_id=g.id  WHERE ( a.uid='1104' and g.status='1' )  [ RunTime:0.0004s ]
SQL: SHOW COLUMNS FROM `xs_auth_rule` [ RunTime:0.0004s ]
SQL: SELECT `condition`,`name` FROM `xs_auth_rule` WHERE `id` IN ('1','2','3','4','6','7','8') AND `type` = 1 AND `status` = 1  [ RunTime:0.0003s ]
SQL: SHOW COLUMNS FROM `xs_mail` [ RunTime:0.0005s ]
SQL: SELECT * FROM `xs_mail` INNER JOIN xs_teacher on xs_teacher.teacher_id = xs_mail.mail_from_id  WHERE ( xs_mail.mail_to_id =1104 or xs_mail.mail_to_id =0 ) ORDER BY xs_mail.mail_add_time desc  [ RunTime:0.0016s ]

[ 2017-09-01T17:48:51+08:00 ] 127.0.0.1 /office/index.php/Home/Mail/index.html?type=data
INFO: [ app_begin ] --START--
INFO: Run Behavior\ReadHtmlCacheBehavior [ RunTime:0.000016s ]
INFO: [ app_begin ] --END-- [ RunTime:0.000043s ]
SQL: SHOW COLUMNS FROM `xs_auth_group_access` [ RunTime:0.0095s ]
SQL: SELECT `uid`,`group_id`,`title`,`rules` FROM xs_auth_group_access a INNER JOIN xs_auth_group g on a.group_id=g.id  WHERE ( a.uid='1104' and g.status='1' )  [ RunTime:0.0009s ]
SQL: SHOW COLUMNS FROM `xs_auth_rule` [ RunTime:0.0013s ]
SQL: SELECT `condition`,`name` FROM `xs_auth_rule` WHERE `id` IN ('1','2','3','4','6','7','8') AND `type` = 1 AND `status` = 1  [ RunTime:0.0005s ]
SQL: SHOW COLUMNS FROM `xs_mail` [ RunTime:0.0010s ]
SQL: SELECT * FROM `xs_mail` INNER JOIN xs_teacher on xs_teacher.teacher_id = xs_mail.mail_from_id  WHERE ( xs_mail.mail_to_id =1104 or xs_mail.mail_to_id =0 ) ORDER BY xs_mail.mail_add_time desc  [ RunTime:0.0009s ]

