[ 2017-08-30T10:49:56+08:00 ] 127.0.0.1 /office/index.php/Home/Declare/info.html?type=data
INFO: [ app_begin ] --START--
INFO: Run Behavior\ReadHtmlCacheBehavior [ RunTime:0.000021s ]
INFO: [ app_begin ] --END-- [ RunTime:0.000124s ]
SQL: SHOW COLUMNS FROM `xs_declare` [ RunTime:0.0179s ]
SQL: SELECT * FROM `xs_declare` WHERE ( teacher_department="材料工程系" )  [ RunTime:0.0018s ]

[ 2017-08-30T11:03:10+08:00 ] 127.0.0.1 /office/index.php/Home/Declare/info.html?type=data
INFO: [ app_begin ] --START--
INFO: Run Behavior\ReadHtmlCacheBehavior [ RunTime:0.000015s ]
INFO: [ app_begin ] --END-- [ RunTime:0.000042s ]
SQL: SHOW COLUMNS FROM `xs_auth_group_access` [ RunTime:0.0006s ]
SQL: SELECT `uid`,`group_id`,`title`,`rules` FROM xs_auth_group_access a INNER JOIN xs_auth_group g on a.group_id=g.id  WHERE ( a.uid='' and g.status='1' )  [ RunTime:0.0011s ]

[ 2017-08-30T11:27:27+08:00 ] 127.0.0.1 /office/index.php/Home/Declare/info.html?type=data
INFO: [ app_begin ] --START--
INFO: Run Behavior\ReadHtmlCacheBehavior [ RunTime:0.000015s ]
INFO: [ app_begin ] --END-- [ RunTime:0.000041s ]
SQL: SHOW COLUMNS FROM `xs_auth_group_access` [ RunTime:0.0004s ]
SQL: SELECT `uid`,`group_id`,`title`,`rules` FROM xs_auth_group_access a INNER JOIN xs_auth_group g on a.group_id=g.id  WHERE ( a.uid='2' and g.status='1' )  [ RunTime:0.0003s ]
SQL: SHOW COLUMNS FROM `xs_auth_rule` [ RunTime:0.0005s ]
SQL: SELECT `condition`,`name` FROM `xs_auth_rule` WHERE `id` IN ('1','2','3') AND `type` = 1 AND `status` = 1  [ RunTime:0.0002s ]
SQL: SHOW COLUMNS FROM `xs_declare` [ RunTime:0.0005s ]
SQL: SELECT * FROM `xs_declare` WHERE ( teacher_id = 1128 )  [ RunTime:0.0003s ]

[ 2017-08-30T11:27:30+08:00 ] 127.0.0.1 /office/index.php/Home/Student/stu_info.html
ERR: 无法加载控制器:Student

[ 2017-08-30T11:27:32+08:00 ] 127.0.0.1 /office/index.php/Home/Declare/info.html?type=data
INFO: [ app_begin ] --START--
INFO: Run Behavior\ReadHtmlCacheBehavior [ RunTime:0.000015s ]
INFO: [ app_begin ] --END-- [ RunTime:0.000042s ]
SQL: SHOW COLUMNS FROM `xs_auth_group_access` [ RunTime:0.0146s ]
SQL: SELECT `uid`,`group_id`,`title`,`rules` FROM xs_auth_group_access a INNER JOIN xs_auth_group g on a.group_id=g.id  WHERE ( a.uid='2' and g.status='1' )  [ RunTime:0.0009s ]
SQL: SHOW COLUMNS FROM `xs_auth_rule` [ RunTime:0.0022s ]
SQL: SELECT `condition`,`name` FROM `xs_auth_rule` WHERE `id` IN ('1','2','3') AND `type` = 1 AND `status` = 1  [ RunTime:0.0005s ]
SQL: SHOW COLUMNS FROM `xs_declare` [ RunTime:0.0024s ]
SQL: SELECT * FROM `xs_declare` WHERE ( teacher_id = 1128 )  [ RunTime:0.0004s ]

[ 2017-08-30T11:27:42+08:00 ] 127.0.0.1 /office/index.php/Home/Declare/info.html?type=data
INFO: [ app_begin ] --START--
INFO: Run Behavior\ReadHtmlCacheBehavior [ RunTime:0.000016s ]
INFO: [ app_begin ] --END-- [ RunTime:0.000042s ]
SQL: SHOW COLUMNS FROM `xs_auth_group_access` [ RunTime:0.0005s ]
SQL: SELECT `uid`,`group_id`,`title`,`rules` FROM xs_auth_group_access a INNER JOIN xs_auth_group g on a.group_id=g.id  WHERE ( a.uid='2' and g.status='1' )  [ RunTime:0.0003s ]
SQL: SHOW COLUMNS FROM `xs_auth_rule` [ RunTime:0.0009s ]
SQL: SELECT `condition`,`name` FROM `xs_auth_rule` WHERE `id` IN ('1','2','3') AND `type` = 1 AND `status` = 1  [ RunTime:0.0003s ]
SQL: SHOW COLUMNS FROM `xs_declare` [ RunTime:0.0005s ]
SQL: SELECT * FROM `xs_declare` WHERE ( teacher_id = 1128 )  [ RunTime:0.0007s ]

[ 2017-08-30T11:28:05+08:00 ] 127.0.0.1 /office/index.php/Home/Declare/info.html?type=data
INFO: [ app_begin ] --START--
INFO: Run Behavior\ReadHtmlCacheBehavior [ RunTime:0.000023s ]
INFO: [ app_begin ] --END-- [ RunTime:0.000071s ]
SQL: SHOW COLUMNS FROM `xs_auth_group_access` [ RunTime:0.0005s ]
SQL: SELECT `uid`,`group_id`,`title`,`rules` FROM xs_auth_group_access a INNER JOIN xs_auth_group g on a.group_id=g.id  WHERE ( a.uid='2' and g.status='1' )  [ RunTime:0.0003s ]
SQL: SHOW COLUMNS FROM `xs_auth_rule` [ RunTime:0.0005s ]
SQL: SELECT `condition`,`name` FROM `xs_auth_rule` WHERE `id` IN ('1','2','3') AND `type` = 1 AND `status` = 1  [ RunTime:0.0007s ]
SQL: SHOW COLUMNS FROM `xs_declare` [ RunTime:0.0005s ]
SQL: SELECT * FROM `xs_declare` WHERE ( teacher_id = 1128 )  [ RunTime:0.0006s ]

[ 2017-08-30T11:28:14+08:00 ] 127.0.0.1 /office/index.php/Home/Declare/info.html?type=data
INFO: [ app_begin ] --START--
INFO: Run Behavior\ReadHtmlCacheBehavior [ RunTime:0.000018s ]
INFO: [ app_begin ] --END-- [ RunTime:0.000050s ]
SQL: SHOW COLUMNS FROM `xs_auth_group_access` [ RunTime:0.0006s ]
SQL: SELECT `uid`,`group_id`,`title`,`rules` FROM xs_auth_group_access a INNER JOIN xs_auth_group g on a.group_id=g.id  WHERE ( a.uid='2' and g.status='1' )  [ RunTime:0.0003s ]
SQL: SHOW COLUMNS FROM `xs_auth_rule` [ RunTime:0.0006s ]
SQL: SELECT `condition`,`name` FROM `xs_auth_rule` WHERE `id` IN ('1','2','3') AND `type` = 1 AND `status` = 1  [ RunTime:0.0003s ]
SQL: SHOW COLUMNS FROM `xs_declare` [ RunTime:0.0006s ]
SQL: SELECT * FROM `xs_declare` WHERE ( teacher_id = 1128 )  [ RunTime:0.0004s ]

[ 2017-08-30T11:28:18+08:00 ] 127.0.0.1 /office/index.php/Home/Student/stu_info.html
ERR: 无法加载控制器:Student

[ 2017-08-30T11:29:24+08:00 ] 127.0.0.1 /office/index.php/Home/Declare/info.html?type=data
INFO: [ app_begin ] --START--
INFO: Run Behavior\ReadHtmlCacheBehavior [ RunTime:0.000015s ]
INFO: [ app_begin ] --END-- [ RunTime:0.000040s ]
SQL: SHOW COLUMNS FROM `xs_auth_group_access` [ RunTime:0.0004s ]
SQL: SELECT `uid`,`group_id`,`title`,`rules` FROM xs_auth_group_access a INNER JOIN xs_auth_group g on a.group_id=g.id  WHERE ( a.uid='2' and g.status='1' )  [ RunTime:0.0002s ]
SQL: SHOW COLUMNS FROM `xs_auth_group_access` [ RunTime:0.0003s ]
SQL: SELECT `uid`,`group_id`,`title`,`rules` FROM xs_auth_group_access a INNER JOIN xs_auth_group g on a.group_id=g.id  WHERE ( a.uid='1128' and g.status='1' )  [ RunTime:0.0002s ]
SQL: SHOW COLUMNS FROM `xs_auth_rule` [ RunTime:0.0004s ]
SQL: SELECT `condition`,`name` FROM `xs_auth_rule` WHERE `id` IN ('1','2','3') AND `type` = 1 AND `status` = 1  [ RunTime:0.0002s ]
SQL: SHOW COLUMNS FROM `xs_declare` [ RunTime:0.0005s ]
SQL: SELECT * FROM `xs_declare` WHERE ( teacher_id = 1128 )  [ RunTime:0.0003s ]

[ 2017-08-30T11:29:25+08:00 ] 127.0.0.1 /office/index.php/Home/Student/stu_info.html
ERR: 无法加载控制器:Student

[ 2017-08-30T11:29:28+08:00 ] 127.0.0.1 /office/index.php/Home/Declare/info.html?type=data
INFO: [ app_begin ] --START--
INFO: Run Behavior\ReadHtmlCacheBehavior [ RunTime:0.000020s ]
INFO: [ app_begin ] --END-- [ RunTime:0.000054s ]
SQL: SHOW COLUMNS FROM `xs_auth_group_access` [ RunTime:0.0006s ]
SQL: SELECT `uid`,`group_id`,`title`,`rules` FROM xs_auth_group_access a INNER JOIN xs_auth_group g on a.group_id=g.id  WHERE ( a.uid='2' and g.status='1' )  [ RunTime:0.0006s ]
SQL: SHOW COLUMNS FROM `xs_auth_group_access` [ RunTime:0.0004s ]
SQL: SELECT `uid`,`group_id`,`title`,`rules` FROM xs_auth_group_access a INNER JOIN xs_auth_group g on a.group_id=g.id  WHERE ( a.uid='1128' and g.status='1' )  [ RunTime:0.0002s ]
SQL: SHOW COLUMNS FROM `xs_auth_rule` [ RunTime:0.0004s ]
SQL: SELECT `condition`,`name` FROM `xs_auth_rule` WHERE `id` IN ('1','2','3') AND `type` = 1 AND `status` = 1  [ RunTime:0.0002s ]
SQL: SHOW COLUMNS FROM `xs_declare` [ RunTime:0.0005s ]
SQL: SELECT * FROM `xs_declare` WHERE ( teacher_id = 1128 )  [ RunTime:0.0004s ]

[ 2017-08-30T11:29:31+08:00 ] 127.0.0.1 /office/index.php/Home/Declare/info.html?type=data
INFO: [ app_begin ] --START--
INFO: Run Behavior\ReadHtmlCacheBehavior [ RunTime:0.000016s ]
INFO: [ app_begin ] --END-- [ RunTime:0.000049s ]
SQL: SHOW COLUMNS FROM `xs_auth_group_access` [ RunTime:0.0004s ]
SQL: SELECT `uid`,`group_id`,`title`,`rules` FROM xs_auth_group_access a INNER JOIN xs_auth_group g on a.group_id=g.id  WHERE ( a.uid='2' and g.status='1' )  [ RunTime:0.0009s ]
SQL: SHOW COLUMNS FROM `xs_auth_group_access` [ RunTime:0.0005s ]
SQL: SELECT `uid`,`group_id`,`title`,`rules` FROM xs_auth_group_access a INNER JOIN xs_auth_group g on a.group_id=g.id  WHERE ( a.uid='1128' and g.status='1' )  [ RunTime:0.0002s ]
SQL: SHOW COLUMNS FROM `xs_auth_rule` [ RunTime:0.0004s ]
SQL: SELECT `condition`,`name` FROM `xs_auth_rule` WHERE `id` IN ('1','2','3') AND `type` = 1 AND `status` = 1  [ RunTime:0.0002s ]
SQL: SHOW COLUMNS FROM `xs_declare` [ RunTime:0.0012s ]
SQL: SELECT * FROM `xs_declare` WHERE ( teacher_id = 1128 )  [ RunTime:0.0006s ]

[ 2017-08-30T11:31:25+08:00 ] 127.0.0.1 /office/index.php/Home/Declare/info.html?type=data
INFO: [ app_begin ] --START--
INFO: Run Behavior\ReadHtmlCacheBehavior [ RunTime:0.000017s ]
INFO: [ app_begin ] --END-- [ RunTime:0.000046s ]
SQL: SHOW COLUMNS FROM `xs_auth_group_access` [ RunTime:0.0005s ]
SQL: SELECT `uid`,`group_id`,`title`,`rules` FROM xs_auth_group_access a INNER JOIN xs_auth_group g on a.group_id=g.id  WHERE ( a.uid='2' and g.status='1' )  [ RunTime:0.0002s ]
SQL: SHOW COLUMNS FROM `xs_auth_group_access` [ RunTime:0.0010s ]
SQL: SELECT `uid`,`group_id`,`title`,`rules` FROM xs_auth_group_access a INNER JOIN xs_auth_group g on a.group_id=g.id  WHERE ( a.uid='1128' and g.status='1' )  [ RunTime:0.0003s ]
SQL: SHOW COLUMNS FROM `xs_auth_rule` [ RunTime:0.0004s ]
SQL: SELECT `condition`,`name` FROM `xs_auth_rule` WHERE `id` IN ('1','2') AND `type` = 1 AND `status` = 1  [ RunTime:0.0003s ]
SQL: SHOW COLUMNS FROM `xs_declare` [ RunTime:0.0014s ]
SQL: SELECT * FROM `xs_declare` WHERE ( teacher_id = 1128 )  [ RunTime:0.0004s ]

[ 2017-08-30T11:32:30+08:00 ] 127.0.0.1 /office/index.php/Home/Declare/info.html?type=data
INFO: [ app_begin ] --START--
INFO: Run Behavior\ReadHtmlCacheBehavior [ RunTime:0.000057s ]
INFO: [ app_begin ] --END-- [ RunTime:0.000155s ]
SQL: SHOW COLUMNS FROM `xs_auth_group_access` [ RunTime:0.0005s ]
SQL: SELECT `uid`,`group_id`,`title`,`rules` FROM xs_auth_group_access a INNER JOIN xs_auth_group g on a.group_id=g.id  WHERE ( a.uid='2' and g.status='1' )  [ RunTime:0.0002s ]
SQL: SHOW COLUMNS FROM `xs_auth_group_access` [ RunTime:0.0004s ]
SQL: SELECT `uid`,`group_id`,`title`,`rules` FROM xs_auth_group_access a INNER JOIN xs_auth_group g on a.group_id=g.id  WHERE ( a.uid='1128' and g.status='1' )  [ RunTime:0.0002s ]
SQL: SHOW COLUMNS FROM `xs_auth_rule` [ RunTime:0.0004s ]
SQL: SELECT `condition`,`name` FROM `xs_auth_rule` WHERE `id` IN ('1','2') AND `type` = 1 AND `status` = 1  [ RunTime:0.0003s ]
SQL: SHOW COLUMNS FROM `xs_declare` [ RunTime:0.0004s ]
SQL: SELECT * FROM `xs_declare` WHERE ( teacher_id = 1128 )  [ RunTime:0.0003s ]

[ 2017-08-30T15:12:08+08:00 ] 127.0.0.1 /office/index.php/Home/Declare/info.html?type=data
INFO: [ app_begin ] --START--
INFO: Run Behavior\ReadHtmlCacheBehavior [ RunTime:0.000015s ]
INFO: [ app_begin ] --END-- [ RunTime:0.000041s ]
SQL: SHOW COLUMNS FROM `xs_auth_group_access` [ RunTime:0.0005s ]
SQL: SELECT `uid`,`group_id`,`title`,`rules` FROM xs_auth_group_access a INNER JOIN xs_auth_group g on a.group_id=g.id  WHERE ( a.uid='1104' and g.status='1' )  [ RunTime:0.0003s ]
SQL: SHOW COLUMNS FROM `xs_auth_rule` [ RunTime:0.0008s ]
SQL: SELECT `condition`,`name` FROM `xs_auth_rule` WHERE `id` IN ('1','2','3','4') AND `type` = 1 AND `status` = 1  [ RunTime:0.0003s ]
SQL: SHOW COLUMNS FROM `xs_declare` [ RunTime:0.0005s ]
SQL: SELECT * FROM `xs_declare` WHERE ( teacher_department="材料工程系" )  [ RunTime:0.0005s ]

[ 2017-08-30T15:13:43+08:00 ] 127.0.0.1 /office/index.php/Home/Declare/info.html?type=data
INFO: [ app_begin ] --START--
INFO: Run Behavior\ReadHtmlCacheBehavior [ RunTime:0.000015s ]
INFO: [ app_begin ] --END-- [ RunTime:0.000042s ]
SQL: SHOW COLUMNS FROM `xs_auth_group_access` [ RunTime:0.0005s ]
SQL: SELECT `uid`,`group_id`,`title`,`rules` FROM xs_auth_group_access a INNER JOIN xs_auth_group g on a.group_id=g.id  WHERE ( a.uid='1128' and g.status='1' )  [ RunTime:0.0003s ]
SQL: SHOW COLUMNS FROM `xs_auth_rule` [ RunTime:0.0004s ]
SQL: SELECT `condition`,`name` FROM `xs_auth_rule` WHERE `id` IN ('1','2','3') AND `type` = 1 AND `status` = 1  [ RunTime:0.0006s ]
SQL: SHOW COLUMNS FROM `xs_declare` [ RunTime:0.0005s ]
SQL: SELECT * FROM `xs_declare` WHERE ( teacher_id = 1128 )  [ RunTime:0.0003s ]

[ 2017-08-30T15:16:38+08:00 ] 127.0.0.1 /office/index.php/Home/Declare/info.html?type=data
INFO: [ app_begin ] --START--
INFO: Run Behavior\ReadHtmlCacheBehavior [ RunTime:0.000015s ]
INFO: [ app_begin ] --END-- [ RunTime:0.000040s ]
SQL: SHOW COLUMNS FROM `xs_auth_group_access` [ RunTime:0.0005s ]
SQL: SELECT `uid`,`group_id`,`title`,`rules` FROM xs_auth_group_access a INNER JOIN xs_auth_group g on a.group_id=g.id  WHERE ( a.uid='1128' and g.status='1' )  [ RunTime:0.0003s ]
SQL: SHOW COLUMNS FROM `xs_auth_rule` [ RunTime:0.0004s ]
SQL: SELECT `condition`,`name` FROM `xs_auth_rule` WHERE `id` IN ('1','2','3') AND `type` = 1 AND `status` = 1  [ RunTime:0.0003s ]
SQL: SHOW COLUMNS FROM `xs_declare` [ RunTime:0.0005s ]
SQL: SELECT * FROM `xs_declare` WHERE ( teacher_id = 1128 )  [ RunTime:0.0003s ]

[ 2017-08-30T15:49:41+08:00 ] 127.0.0.1 /office/index.php/Home/Index/index.html
ERR: 1146:Table 'office.__auth_group_access__' doesn't exist
 [ SQL语句 ] : SELECT * FROM `xs_teacher` INNER JOIN __auth_group_access__ on __teacher__.teacher_id = __auth_group_access__.uid  WHERE ( teacher_id ='1111' and teacher_pwd = '1111' ) LIMIT 1  

[ 2017-08-30T15:52:57+08:00 ] 127.0.0.1 /office/index.php/Home/Declare/info.html?type=data
INFO: [ app_begin ] --START--
INFO: Run Behavior\ReadHtmlCacheBehavior [ RunTime:0.000016s ]
INFO: [ app_begin ] --END-- [ RunTime:0.000040s ]
SQL: SHOW COLUMNS FROM `xs_auth_group_access` [ RunTime:0.0005s ]
SQL: SELECT `uid`,`group_id`,`title`,`rules` FROM xs_auth_group_access a INNER JOIN xs_auth_group g on a.group_id=g.id  WHERE ( a.uid='1111' and g.status='1' )  [ RunTime:0.0005s ]
SQL: SHOW COLUMNS FROM `xs_auth_rule` [ RunTime:0.0005s ]
SQL: SELECT `condition`,`name` FROM `xs_auth_rule` WHERE `id` IN ('1','2','3','4') AND `type` = 1 AND `status` = 1  [ RunTime:0.0005s ]
SQL: SHOW COLUMNS FROM `xs_declare` [ RunTime:0.0005s ]
SQL: SELECT * FROM `xs_declare` WHERE ( declare_schedule >= 1 )  [ RunTime:0.0002s ]

[ 2017-08-30T16:05:31+08:00 ] 127.0.0.1 /office/index.php/Home/Declare/info.html
ERR: 1064:You have an error in your SQL syntax; check the manual that corresponds to your MySQL server version for the right syntax to use near 'p.declare_id=d.id  WHERE ( teacher_id = 1111 )' at line 1
 [ SQL语句 ] : SELECT * FROM xs_declare d INNER JOIN xs_teacher t on t.teacher_id = d.teacher_id INNER JOIN xs_declare_progress p p.declare_id=d.id  WHERE ( teacher_id = 1111 ) 

[ 2017-08-30T16:08:20+08:00 ] 127.0.0.1 /office/index.php/Home/Declare/info.html
ERR: 1064:You have an error in your SQL syntax; check the manual that corresponds to your MySQL server version for the right syntax to use near '.declare_id=xs_declare.id  WHERE ( teacher_id = 1111 )' at line 1
 [ SQL语句 ] : SELECT * FROM `xs_declare` INNER JOIN xs_teacher  on xs_teacher.teacher_id = xs_declare.teacher_id INNER JOIN xs_declare_progress  xs_declare_progress.declare_id=xs_declare.id  WHERE ( teacher_id = 1111 ) 

[ 2017-08-30T16:08:52+08:00 ] 127.0.0.1 /office/index.php/Home/Declare/info.html
ERR: 1052:Column 'teacher_id' in where clause is ambiguous
 [ SQL语句 ] : SELECT * FROM `xs_declare` INNER JOIN xs_teacher  on xs_teacher.teacher_id = xs_declare.teacher_id INNER JOIN xs_declare_progress on  xs_declare_progress.declare_id=xs_declare.id  WHERE ( teacher_id = 1111 ) 

[ 2017-08-30T16:10:22+08:00 ] 127.0.0.1 /office/index.php/Home/Declare/info.html?type=data
INFO: [ app_begin ] --START--
INFO: Run Behavior\ReadHtmlCacheBehavior [ RunTime:0.000015s ]
INFO: [ app_begin ] --END-- [ RunTime:0.000041s ]
SQL: SHOW COLUMNS FROM `xs_auth_group_access` [ RunTime:0.0008s ]
SQL: SELECT `uid`,`group_id`,`title`,`rules` FROM xs_auth_group_access a INNER JOIN xs_auth_group g on a.group_id=g.id  WHERE ( a.uid='1111' and g.status='1' )  [ RunTime:0.0003s ]
SQL: SHOW COLUMNS FROM `xs_auth_rule` [ RunTime:0.0004s ]
SQL: SELECT `condition`,`name` FROM `xs_auth_rule` WHERE `id` IN ('1','2','3','4') AND `type` = 1 AND `status` = 1  [ RunTime:0.0002s ]
SQL: SHOW COLUMNS FROM `xs_declare` [ RunTime:0.0004s ]
SQL: SELECT * FROM `xs_declare` WHERE ( declare_schedule >= 1 )  [ RunTime:0.0002s ]

[ 2017-08-30T16:11:16+08:00 ] 127.0.0.1 /office/index.php/Home/Declare/info.html?type=data
INFO: [ app_begin ] --START--
INFO: Run Behavior\ReadHtmlCacheBehavior [ RunTime:0.000018s ]
INFO: [ app_begin ] --END-- [ RunTime:0.000049s ]
SQL: SHOW COLUMNS FROM `xs_auth_group_access` [ RunTime:0.0009s ]
SQL: SELECT `uid`,`group_id`,`title`,`rules` FROM xs_auth_group_access a INNER JOIN xs_auth_group g on a.group_id=g.id  WHERE ( a.uid='1111' and g.status='1' )  [ RunTime:0.0004s ]
SQL: SHOW COLUMNS FROM `xs_auth_rule` [ RunTime:0.0005s ]
SQL: SELECT `condition`,`name` FROM `xs_auth_rule` WHERE `id` IN ('1','2','3','4') AND `type` = 1 AND `status` = 1  [ RunTime:0.0003s ]
SQL: SHOW COLUMNS FROM `xs_declare` [ RunTime:0.0005s ]
SQL: SELECT * FROM `xs_declare` WHERE ( declare_schedule >= 1 )  [ RunTime:0.0020s ]

[ 2017-08-30T16:11:28+08:00 ] 127.0.0.1 /office/index.php/Home/Declare/info.html?type=data
INFO: [ app_begin ] --START--
INFO: Run Behavior\ReadHtmlCacheBehavior [ RunTime:0.000016s ]
INFO: [ app_begin ] --END-- [ RunTime:0.000044s ]
SQL: SHOW COLUMNS FROM `xs_auth_group_access` [ RunTime:0.0006s ]
SQL: SELECT `uid`,`group_id`,`title`,`rules` FROM xs_auth_group_access a INNER JOIN xs_auth_group g on a.group_id=g.id  WHERE ( a.uid='1111' and g.status='1' )  [ RunTime:0.0003s ]
SQL: SHOW COLUMNS FROM `xs_auth_rule` [ RunTime:0.0005s ]
SQL: SELECT `condition`,`name` FROM `xs_auth_rule` WHERE `id` IN ('1','2','3','4') AND `type` = 1 AND `status` = 1  [ RunTime:0.0003s ]
SQL: SHOW COLUMNS FROM `xs_declare` [ RunTime:0.0004s ]
SQL: SELECT * FROM `xs_declare` WHERE ( declare_schedule >= 1 )  [ RunTime:0.0002s ]

[ 2017-08-30T16:14:50+08:00 ] 127.0.0.1 /office/index.php/Home/Declare/info.html?type=data
INFO: [ app_begin ] --START--
INFO: Run Behavior\ReadHtmlCacheBehavior [ RunTime:0.000015s ]
INFO: [ app_begin ] --END-- [ RunTime:0.000042s ]
SQL: SHOW COLUMNS FROM `xs_auth_group_access` [ RunTime:0.0085s ]
SQL: SELECT `uid`,`group_id`,`title`,`rules` FROM xs_auth_group_access a INNER JOIN xs_auth_group g on a.group_id=g.id  WHERE ( a.uid='1111' and g.status='1' )  [ RunTime:0.0003s ]
SQL: SHOW COLUMNS FROM `xs_auth_rule` [ RunTime:0.0004s ]
SQL: SELECT `condition`,`name` FROM `xs_auth_rule` WHERE `id` IN ('1','2','3','4') AND `type` = 1 AND `status` = 1  [ RunTime:0.0002s ]
SQL: SHOW COLUMNS FROM `xs_declare` [ RunTime:0.0004s ]
SQL: SELECT * FROM `xs_declare` INNER JOIN xs_teacher  on xs_teacher.teacher_id = xs_declare.teacher_id INNER JOIN xs_declare_progress on  xs_declare_progress.declare_id=xs_declare.id  WHERE ( declare_schedule >= 1 )  [ RunTime:0.0006s ]

[ 2017-08-30T16:14:53+08:00 ] 127.0.0.1 /office/index.php/Home/Declare/info.html?type=data
INFO: [ app_begin ] --START--
INFO: Run Behavior\ReadHtmlCacheBehavior [ RunTime:0.000015s ]
INFO: [ app_begin ] --END-- [ RunTime:0.000040s ]
SQL: SHOW COLUMNS FROM `xs_auth_group_access` [ RunTime:0.0006s ]
SQL: SELECT `uid`,`group_id`,`title`,`rules` FROM xs_auth_group_access a INNER JOIN xs_auth_group g on a.group_id=g.id  WHERE ( a.uid='1111' and g.status='1' )  [ RunTime:0.0003s ]
SQL: SHOW COLUMNS FROM `xs_auth_rule` [ RunTime:0.0004s ]
SQL: SELECT `condition`,`name` FROM `xs_auth_rule` WHERE `id` IN ('1','2','3','4') AND `type` = 1 AND `status` = 1  [ RunTime:0.0006s ]
SQL: SHOW COLUMNS FROM `xs_declare` [ RunTime:0.0011s ]
SQL: SELECT * FROM `xs_declare` INNER JOIN xs_teacher  on xs_teacher.teacher_id = xs_declare.teacher_id INNER JOIN xs_declare_progress on  xs_declare_progress.declare_id=xs_declare.id  WHERE ( declare_schedule >= 1 )  [ RunTime:0.0145s ]

[ 2017-08-30T16:15:27+08:00 ] 127.0.0.1 /office/index.php/Home/Declare/info.html
ERR: 1052:Column 'teacher_id' in where clause is ambiguous
 [ SQL语句 ] : SELECT * FROM `xs_declare` INNER JOIN xs_teacher  on xs_teacher.teacher_id = xs_declare.teacher_id INNER JOIN xs_declare_progress on  xs_declare_progress.declare_id=xs_declare.id  WHERE ( teacher_id = 1128 ) 

[ 2017-08-30T16:18:58+08:00 ] 127.0.0.1 /office/index.php/Home/Declare/info.html?type=data
INFO: [ app_begin ] --START--
INFO: Run Behavior\ReadHtmlCacheBehavior [ RunTime:0.000016s ]
INFO: [ app_begin ] --END-- [ RunTime:0.000044s ]
SQL: SHOW COLUMNS FROM `xs_auth_group_access` [ RunTime:0.0008s ]
SQL: SELECT `uid`,`group_id`,`title`,`rules` FROM xs_auth_group_access a INNER JOIN xs_auth_group g on a.group_id=g.id  WHERE ( a.uid='1111' and g.status='1' )  [ RunTime:0.0004s ]
SQL: SHOW COLUMNS FROM `xs_auth_rule` [ RunTime:0.0004s ]
SQL: SELECT `condition`,`name` FROM `xs_auth_rule` WHERE `id` IN ('1','2','3','4') AND `type` = 1 AND `status` = 1  [ RunTime:0.0002s ]
SQL: SHOW COLUMNS FROM `xs_declare` [ RunTime:0.0004s ]
SQL: SELECT * FROM `xs_declare` INNER JOIN xs_teacher  on xs_teacher.teacher_id = xs_declare.teacher_id INNER JOIN xs_declare_progress on  xs_declare_progress.declare_id=xs_declare.id  WHERE ( xs_declare_progress.declare_state  >= 1 )  [ RunTime:0.0005s ]

[ 2017-08-30T16:19:58+08:00 ] 127.0.0.1 /office/index.php/Home/Declare/info.html?type=data
INFO: [ app_begin ] --START--
INFO: Run Behavior\ReadHtmlCacheBehavior [ RunTime:0.000015s ]
INFO: [ app_begin ] --END-- [ RunTime:0.000042s ]
SQL: SHOW COLUMNS FROM `xs_auth_group_access` [ RunTime:0.0112s ]
SQL: SELECT `uid`,`group_id`,`title`,`rules` FROM xs_auth_group_access a INNER JOIN xs_auth_group g on a.group_id=g.id  WHERE ( a.uid='1111' and g.status='1' )  [ RunTime:0.0003s ]
SQL: SHOW COLUMNS FROM `xs_auth_rule` [ RunTime:0.0004s ]
SQL: SELECT `condition`,`name` FROM `xs_auth_rule` WHERE `id` IN ('1','2','3','4') AND `type` = 1 AND `status` = 1  [ RunTime:0.0002s ]
SQL: SHOW COLUMNS FROM `xs_declare` [ RunTime:0.0004s ]
SQL: SELECT * FROM `xs_declare` INNER JOIN xs_teacher  on xs_teacher.teacher_id = xs_declare.teacher_id INNER JOIN xs_declare_progress on  xs_declare_progress.declare_id=xs_declare.id  WHERE ( xs_declare_progress.declare_state  >= 1 )  [ RunTime:0.0003s ]

[ 2017-08-30T16:20:18+08:00 ] 127.0.0.1 /office/index.php/Home/Declare/info.html?type=data
INFO: [ app_begin ] --START--
INFO: Run Behavior\ReadHtmlCacheBehavior [ RunTime:0.000019s ]
INFO: [ app_begin ] --END-- [ RunTime:0.000049s ]
SQL: SHOW COLUMNS FROM `xs_auth_group_access` [ RunTime:0.0008s ]
SQL: SELECT `uid`,`group_id`,`title`,`rules` FROM xs_auth_group_access a INNER JOIN xs_auth_group g on a.group_id=g.id  WHERE ( a.uid='1111' and g.status='1' )  [ RunTime:0.0009s ]
SQL: SHOW COLUMNS FROM `xs_auth_rule` [ RunTime:0.0005s ]
SQL: SELECT `condition`,`name` FROM `xs_auth_rule` WHERE `id` IN ('1','2','3','4') AND `type` = 1 AND `status` = 1  [ RunTime:0.0003s ]
SQL: SHOW COLUMNS FROM `xs_declare` [ RunTime:0.0005s ]
SQL: SELECT * FROM `xs_declare` INNER JOIN xs_teacher  on xs_teacher.teacher_id = xs_declare.teacher_id INNER JOIN xs_declare_progress on  xs_declare_progress.declare_id=xs_declare.id  WHERE ( xs_declare_progress.declare_state  >= 1 )  [ RunTime:0.0012s ]

[ 2017-08-30T16:37:49+08:00 ] 127.0.0.1 /office/index.php/Home/Declare/info.html
ERR: syntax error, unexpected ';', expecting ',' or ')'

[ 2017-08-30T16:38:09+08:00 ] 127.0.0.1 /office/index.php/Home/Declare/info.html
ERR: syntax error, unexpected ';', expecting ',' or ')'

[ 2017-08-30T16:38:10+08:00 ] 127.0.0.1 /office/index.php/Home/Declare/info.html
ERR: syntax error, unexpected ';', expecting ',' or ')'

[ 2017-08-30T16:38:55+08:00 ] 127.0.0.1 /office/index.php/Home/Declare/info.html?type=data
INFO: [ app_begin ] --START--
INFO: Run Behavior\ReadHtmlCacheBehavior [ RunTime:0.000015s ]
INFO: [ app_begin ] --END-- [ RunTime:0.000043s ]
SQL: SHOW COLUMNS FROM `xs_auth_group_access` [ RunTime:0.0007s ]
SQL: SELECT `uid`,`group_id`,`title`,`rules` FROM xs_auth_group_access a INNER JOIN xs_auth_group g on a.group_id=g.id  WHERE ( a.uid='1111' and g.status='1' )  [ RunTime:0.0004s ]
SQL: SHOW COLUMNS FROM `xs_auth_rule` [ RunTime:0.0005s ]
SQL: SELECT `condition`,`name` FROM `xs_auth_rule` WHERE `id` IN ('1','2','3','4') AND `type` = 1 AND `status` = 1  [ RunTime:0.0003s ]
SQL: SHOW COLUMNS FROM `xs_declare` [ RunTime:0.0090s ]
SQL: SELECT * FROM `xs_declare` INNER JOIN xs_teacher  on xs_teacher.teacher_id = xs_declare.teacher_id INNER JOIN xs_declare_progress on  xs_declare_progress.declare_id=xs_declare.id  WHERE ( xs_declare_progress.declare_state  >= 1 )  [ RunTime:0.0005s ]

[ 2017-08-30T16:42:12+08:00 ] 127.0.0.1 /office/index.php/Home/Declare/info.html?type=data
INFO: [ app_begin ] --START--
INFO: Run Behavior\ReadHtmlCacheBehavior [ RunTime:0.000016s ]
INFO: [ app_begin ] --END-- [ RunTime:0.000044s ]
SQL: SHOW COLUMNS FROM `xs_auth_group_access` [ RunTime:0.0076s ]
SQL: SELECT `uid`,`group_id`,`title`,`rules` FROM xs_auth_group_access a INNER JOIN xs_auth_group g on a.group_id=g.id  WHERE ( a.uid='1111' and g.status='1' )  [ RunTime:0.0005s ]
SQL: SHOW COLUMNS FROM `xs_auth_rule` [ RunTime:0.0005s ]
SQL: SELECT `condition`,`name` FROM `xs_auth_rule` WHERE `id` IN ('1','2','3','4') AND `type` = 1 AND `status` = 1  [ RunTime:0.0008s ]
SQL: SHOW COLUMNS FROM `xs_declare` [ RunTime:0.0005s ]
SQL: SELECT xs_declare.id,xs_declare.teacher_id,xs_declare.declare_title,xs_declare.add_time,xs_declare.declare_attachment,xs_teacher.teacher_name,xs_teacher.teacher_name,xs_declare_progress.declare_state FROM `xs_declare` INNER JOIN xs_teacher  on xs_teacher.teacher_id = xs_declare.teacher_id INNER JOIN xs_declare_progress on  xs_declare_progress.declare_id=xs_declare.id  WHERE ( xs_declare_progress.declare_state  >= 1 )  [ RunTime:0.0005s ]

[ 2017-08-30T16:43:37+08:00 ] 127.0.0.1 /office/index.php/Home/Declare/info.html?type=data
INFO: [ app_begin ] --START--
INFO: Run Behavior\ReadHtmlCacheBehavior [ RunTime:0.000016s ]
INFO: [ app_begin ] --END-- [ RunTime:0.000045s ]
SQL: SHOW COLUMNS FROM `xs_auth_group_access` [ RunTime:0.0008s ]
SQL: SELECT `uid`,`group_id`,`title`,`rules` FROM xs_auth_group_access a INNER JOIN xs_auth_group g on a.group_id=g.id  WHERE ( a.uid='1111' and g.status='1' )  [ RunTime:0.0014s ]
SQL: SHOW COLUMNS FROM `xs_auth_rule` [ RunTime:0.0010s ]
SQL: SELECT `condition`,`name` FROM `xs_auth_rule` WHERE `id` IN ('1','2','3','4') AND `type` = 1 AND `status` = 1  [ RunTime:0.0004s ]
SQL: SHOW COLUMNS FROM `xs_declare` [ RunTime:0.0015s ]
SQL: SELECT xs_declare.id,xs_declare.teacher_id,xs_declare.declare_title,xs_declare.add_time,xs_declare.declare_attachment,xs_teacher.teacher_name,xs_teacher.teacher_name,xs_declare_progress.declare_state FROM `xs_declare` INNER JOIN xs_teacher  on xs_teacher.teacher_id = xs_declare.teacher_id INNER JOIN xs_declare_progress on  xs_declare_progress.declare_id=xs_declare.id  WHERE ( xs_declare_progress.declare_state  >= 1 ) ORDER BY xs_declare.add_time desc  [ RunTime:0.2351s ]

[ 2017-08-30T16:45:18+08:00 ] 127.0.0.1 /office/index.php/Home/Declare/info.html?type=data
INFO: [ app_begin ] --START--
INFO: Run Behavior\ReadHtmlCacheBehavior [ RunTime:0.000025s ]
INFO: [ app_begin ] --END-- [ RunTime:0.000064s ]
SQL: SHOW COLUMNS FROM `xs_auth_group_access` [ RunTime:0.0103s ]
SQL: SELECT `uid`,`group_id`,`title`,`rules` FROM xs_auth_group_access a INNER JOIN xs_auth_group g on a.group_id=g.id  WHERE ( a.uid='1111' and g.status='1' )  [ RunTime:0.0006s ]
SQL: SHOW COLUMNS FROM `xs_auth_rule` [ RunTime:0.0005s ]
SQL: SELECT `condition`,`name` FROM `xs_auth_rule` WHERE `id` IN ('1','2','3','4') AND `type` = 1 AND `status` = 1  [ RunTime:0.0007s ]
SQL: SHOW COLUMNS FROM `xs_declare` [ RunTime:0.0009s ]
SQL: SELECT xs_declare.id,xs_declare.teacher_id,xs_declare.declare_title,xs_declare.add_time,xs_declare.declare_attachment,xs_teacher.teacher_name,xs_teacher.teacher_name,xs_declare_progress.declare_state FROM `xs_declare` INNER JOIN xs_teacher  on xs_teacher.teacher_id = xs_declare.teacher_id INNER JOIN xs_declare_progress on  xs_declare_progress.declare_id=xs_declare.id  WHERE ( xs_declare_progress.declare_state  >= 1 ) ORDER BY xs_declare.add_time desc  [ RunTime:0.0005s ]

[ 2017-08-30T17:28:01+08:00 ] 127.0.0.1 /office/index.php/Home/Student/stu_info.html
ERR: 无法加载控制器:Student

[ 2017-08-30T17:28:26+08:00 ] 127.0.0.1 /office/index.php/Home/Student/stu_info.html
ERR: 无法加载控制器:Student

[ 2017-08-30T17:33:36+08:00 ] 127.0.0.1 /office/index.php/Home/Mail/index.html
ERR: 模板不存在:/var/www/html/office/Home/View/Mail/index.html

[ 2017-08-30T18:02:27+08:00 ] 127.0.0.1 /office/index.php/Home/Mail/index.html?type=data
INFO: [ app_begin ] --START--
INFO: Run Behavior\ReadHtmlCacheBehavior [ RunTime:0.000016s ]
INFO: [ app_begin ] --END-- [ RunTime:0.000042s ]
SQL: SHOW COLUMNS FROM `xs_auth_group_access` [ RunTime:0.0080s ]
SQL: SELECT `uid`,`group_id`,`title`,`rules` FROM xs_auth_group_access a INNER JOIN xs_auth_group g on a.group_id=g.id  WHERE ( a.uid='1128' and g.status='1' )  [ RunTime:0.0004s ]
SQL: SHOW COLUMNS FROM `xs_auth_rule` [ RunTime:0.0011s ]
SQL: SELECT `condition`,`name` FROM `xs_auth_rule` WHERE `id` IN ('1','2','3','6') AND `type` = 1 AND `status` = 1  [ RunTime:0.0003s ]
INFO: [ view_parse ] --START--
INFO: [ template_filter ] --START--
INFO: Run Behavior\ContentReplaceBehavior [ RunTime:0.001087s ]
INFO: [ template_filter ] --END-- [ RunTime:0.001242s ]
NOTIC: [8] Undefined variable: title /var/www/html/office/Runtime/Cache/Home/f1c0e02b6b6d11806a28d6c812e7f559.php 第 284 行.
NOTIC: [8] Undefined variable: title_small /var/www/html/office/Runtime/Cache/Home/f1c0e02b6b6d11806a28d6c812e7f559.php 第 285 行.
INFO: Run Behavior\ParseTemplateBehavior [ RunTime:0.005828s ]
INFO: [ view_parse ] --END-- [ RunTime:0.005863s ]
INFO: [ view_filter ] --START--
INFO: Run Behavior\WriteHtmlCacheBehavior [ RunTime:0.000463s ]
INFO: [ view_filter ] --END-- [ RunTime:0.000495s ]
INFO: [ app_end ] --START--
INFO: Run Behavior\ShowPageTraceBehavior [ RunTime:0.000117s ]
INFO: [ app_end ] --END-- [ RunTime:0.000261s ]

